[2026-04-15T00:47:06.151+0000] {local_task_job_runner.py:120} INFO - ::group::Pre task execution logs
[2026-04-15T00:47:06.282+0000] {taskinstance.py:2076} INFO - Dependencies all met for dep_context=non-requeueable deps ti=<TaskInstance: weather_pipeline_dag.extract_weather_data scheduled__2026-04-14T00:00:00+00:00 [queued]>
[2026-04-15T00:47:06.290+0000] {taskinstance.py:2076} INFO - Dependencies all met for dep_context=requeueable deps ti=<TaskInstance: weather_pipeline_dag.extract_weather_data scheduled__2026-04-14T00:00:00+00:00 [queued]>
[2026-04-15T00:47:06.290+0000] {taskinstance.py:2306} INFO - Starting attempt 1 of 2
[2026-04-15T00:47:06.303+0000] {taskinstance.py:2330} INFO - Executing <Task(BashOperator): extract_weather_data> on 2026-04-14 00:00:00+00:00
[2026-04-15T00:47:06.327+0000] {logging_mixin.py:188} WARNING - /home/***/.local/lib/python3.12/site-packages/***/task/task_runner/standard_task_runner.py:62 DeprecationWarning: This process (pid=18754) is multi-threaded, use of fork() may lead to deadlocks in the child.
[2026-04-15T00:47:06.330+0000] {standard_task_runner.py:64} INFO - Started process 18755 to run task
[2026-04-15T00:47:06.321+0000] {standard_task_runner.py:90} INFO - Running: ['***', 'tasks', 'run', 'weather_pipeline_dag', 'extract_weather_data', 'scheduled__2026-04-14T00:00:00+00:00', '--job-id', '12', '--raw', '--subdir', 'DAGS_FOLDER/weather_pipeline_dag.py', '--cfg-path', '/tmp/tmpxthqech7']
[2026-04-15T00:47:06.335+0000] {standard_task_runner.py:91} INFO - Job 12: Subtask extract_weather_data
[2026-04-15T00:47:06.531+0000] {task_command.py:426} INFO - Running <TaskInstance: weather_pipeline_dag.extract_weather_data scheduled__2026-04-14T00:00:00+00:00 [running]> on host 19fedcd13a70
[2026-04-15T00:47:06.674+0000] {taskinstance.py:2648} INFO - Exporting env vars: AIRFLOW_CTX_DAG_OWNER='Dinuri' AIRFLOW_CTX_DAG_ID='weather_pipeline_dag' AIRFLOW_CTX_TASK_ID='extract_weather_data' AIRFLOW_CTX_EXECUTION_DATE='2026-04-14T00:00:00+00:00' AIRFLOW_CTX_TRY_NUMBER='1' AIRFLOW_CTX_DAG_RUN_ID='scheduled__2026-04-14T00:00:00+00:00'
[2026-04-15T00:47:06.675+0000] {taskinstance.py:430} INFO - ::endgroup::
[2026-04-15T00:47:06.722+0000] {subprocess.py:63} INFO - Tmp dir root location: /tmp
[2026-04-15T00:47:06.724+0000] {subprocess.py:75} INFO - Running command: ['/usr/bin/bash', '-c', 'python /opt/***/scripts/extract_weather.py']
[2026-04-15T00:47:06.731+0000] {subprocess.py:86} INFO - Output:
[2026-04-15T00:47:11.973+0000] {subprocess.py:93} INFO - Weather data extracted and stored successfully.
[2026-04-15T00:47:12.009+0000] {subprocess.py:97} INFO - Command exited with return code 0
[2026-04-15T00:47:12.013+0000] {taskinstance.py:441} INFO - ::group::Post task execution logs
[2026-04-15T00:47:12.043+0000] {taskinstance.py:1206} INFO - Marking task as SUCCESS. dag_id=weather_pipeline_dag, task_id=extract_weather_data, run_id=scheduled__2026-04-14T00:00:00+00:00, execution_date=20260414T000000, start_date=20260415T004706, end_date=20260415T004712
[2026-04-15T00:47:12.060+0000] {local_task_job_runner.py:243} INFO - Task exited with return code 0
[2026-04-15T00:47:12.076+0000] {taskinstance.py:3503} INFO - 0 downstream tasks scheduled from follow-on schedule check
[2026-04-15T00:47:12.077+0000] {local_task_job_runner.py:222} INFO - ::endgroup::
