[2026-04-09T05:45:37.593+0000] {local_task_job_runner.py:120} INFO - ::group::Pre task execution logs
[2026-04-09T05:45:37.624+0000] {taskinstance.py:2076} INFO - Dependencies all met for dep_context=non-requeueable deps ti=<TaskInstance: weather_pipeline_dag.extract_weather_data scheduled__2026-04-08T00:00:00+00:00 [queued]>
[2026-04-09T05:45:37.628+0000] {taskinstance.py:2076} INFO - Dependencies all met for dep_context=requeueable deps ti=<TaskInstance: weather_pipeline_dag.extract_weather_data scheduled__2026-04-08T00:00:00+00:00 [queued]>
[2026-04-09T05:45:37.628+0000] {taskinstance.py:2306} INFO - Starting attempt 1 of 2
[2026-04-09T05:45:37.636+0000] {taskinstance.py:2330} INFO - Executing <Task(BashOperator): extract_weather_data> on 2026-04-08 00:00:00+00:00
[2026-04-09T05:45:37.641+0000] {standard_task_runner.py:90} INFO - Running: ['***', 'tasks', 'run', 'weather_pipeline_dag', 'extract_weather_data', 'scheduled__2026-04-08T00:00:00+00:00', '--job-id', '3', '--raw', '--subdir', 'DAGS_FOLDER/weather_pipeline_dag.py', '--cfg-path', '/tmp/tmpwpk8n4im']
[2026-04-09T05:45:37.643+0000] {standard_task_runner.py:91} INFO - Job 3: Subtask extract_weather_data
[2026-04-09T05:45:37.643+0000] {logging_mixin.py:188} WARNING - /home/***/.local/lib/python3.12/site-packages/***/task/task_runner/standard_task_runner.py:62 DeprecationWarning: This process (pid=191) is multi-threaded, use of fork() may lead to deadlocks in the child.
[2026-04-09T05:45:37.645+0000] {standard_task_runner.py:64} INFO - Started process 192 to run task
[2026-04-09T05:45:37.693+0000] {task_command.py:426} INFO - Running <TaskInstance: weather_pipeline_dag.extract_weather_data scheduled__2026-04-08T00:00:00+00:00 [running]> on host 19fedcd13a70
[2026-04-09T05:45:37.814+0000] {taskinstance.py:2648} INFO - Exporting env vars: AIRFLOW_CTX_DAG_OWNER='Dinuri' AIRFLOW_CTX_DAG_ID='weather_pipeline_dag' AIRFLOW_CTX_TASK_ID='extract_weather_data' AIRFLOW_CTX_EXECUTION_DATE='2026-04-08T00:00:00+00:00' AIRFLOW_CTX_TRY_NUMBER='1' AIRFLOW_CTX_DAG_RUN_ID='scheduled__2026-04-08T00:00:00+00:00'
[2026-04-09T05:45:37.815+0000] {taskinstance.py:430} INFO - ::endgroup::
[2026-04-09T05:45:37.854+0000] {subprocess.py:63} INFO - Tmp dir root location: /tmp
[2026-04-09T05:45:37.855+0000] {subprocess.py:75} INFO - Running command: ['/usr/bin/bash', '-c', 'python /opt/***/scripts/extract_weather.py']
[2026-04-09T05:45:37.863+0000] {subprocess.py:86} INFO - Output:
[2026-04-09T05:45:39.374+0000] {subprocess.py:93} INFO - Weather data extracted and stored successfully.
[2026-04-09T05:45:39.408+0000] {subprocess.py:97} INFO - Command exited with return code 0
[2026-04-09T05:45:39.411+0000] {taskinstance.py:441} INFO - ::group::Post task execution logs
[2026-04-09T05:45:39.443+0000] {taskinstance.py:1206} INFO - Marking task as SUCCESS. dag_id=weather_pipeline_dag, task_id=extract_weather_data, run_id=scheduled__2026-04-08T00:00:00+00:00, execution_date=20260408T000000, start_date=20260409T054537, end_date=20260409T054539
[2026-04-09T05:45:39.482+0000] {local_task_job_runner.py:243} INFO - Task exited with return code 0
[2026-04-09T05:45:39.508+0000] {taskinstance.py:3503} INFO - 0 downstream tasks scheduled from follow-on schedule check
[2026-04-09T05:45:39.509+0000] {local_task_job_runner.py:222} INFO - ::endgroup::
