[2026-04-18T00:00:02.079+0000] {local_task_job_runner.py:120} INFO - ::group::Pre task execution logs
[2026-04-18T00:00:02.322+0000] {taskinstance.py:2076} INFO - Dependencies all met for dep_context=non-requeueable deps ti=<TaskInstance: weather_pipeline_dag.extract_weather_data scheduled__2026-04-17T00:00:00+00:00 [queued]>
[2026-04-18T00:00:02.333+0000] {taskinstance.py:2076} INFO - Dependencies all met for dep_context=requeueable deps ti=<TaskInstance: weather_pipeline_dag.extract_weather_data scheduled__2026-04-17T00:00:00+00:00 [queued]>
[2026-04-18T00:00:02.333+0000] {taskinstance.py:2306} INFO - Starting attempt 1 of 2
[2026-04-18T00:00:02.356+0000] {taskinstance.py:2330} INFO - Executing <Task(BashOperator): extract_weather_data> on 2026-04-17 00:00:00+00:00
[2026-04-18T00:00:02.363+0000] {standard_task_runner.py:90} INFO - Running: ['***', 'tasks', 'run', 'weather_pipeline_dag', 'extract_weather_data', 'scheduled__2026-04-17T00:00:00+00:00', '--job-id', '16', '--raw', '--subdir', 'DAGS_FOLDER/weather_pipeline_dag.py', '--cfg-path', '/tmp/tmpbgqx_0dh']
[2026-04-18T00:00:02.370+0000] {logging_mixin.py:188} WARNING - /home/***/.local/lib/python3.12/site-packages/***/task/task_runner/standard_task_runner.py:62 DeprecationWarning: This process (pid=30426) is multi-threaded, use of fork() may lead to deadlocks in the child.
[2026-04-18T00:00:02.371+0000] {standard_task_runner.py:91} INFO - Job 16: Subtask extract_weather_data
[2026-04-18T00:00:02.371+0000] {standard_task_runner.py:64} INFO - Started process 30427 to run task
[2026-04-18T00:00:02.440+0000] {task_command.py:426} INFO - Running <TaskInstance: weather_pipeline_dag.extract_weather_data scheduled__2026-04-17T00:00:00+00:00 [running]> on host 19fedcd13a70
[2026-04-18T00:00:02.623+0000] {taskinstance.py:2648} INFO - Exporting env vars: AIRFLOW_CTX_DAG_OWNER='Dinuri' AIRFLOW_CTX_DAG_ID='weather_pipeline_dag' AIRFLOW_CTX_TASK_ID='extract_weather_data' AIRFLOW_CTX_EXECUTION_DATE='2026-04-17T00:00:00+00:00' AIRFLOW_CTX_TRY_NUMBER='1' AIRFLOW_CTX_DAG_RUN_ID='scheduled__2026-04-17T00:00:00+00:00'
[2026-04-18T00:00:02.626+0000] {taskinstance.py:430} INFO - ::endgroup::
[2026-04-18T00:00:02.688+0000] {subprocess.py:63} INFO - Tmp dir root location: /tmp
[2026-04-18T00:00:02.692+0000] {subprocess.py:75} INFO - Running command: ['/usr/bin/bash', '-c', 'python /opt/***/scripts/extract_weather.py']
[2026-04-18T00:00:02.708+0000] {subprocess.py:86} INFO - Output:
[2026-04-18T00:00:12.968+0000] {subprocess.py:93} INFO - Error occurred: HTTPSConnectionPool(host='api.open-meteo.com', port=443): Max retries exceeded with url: /v1/forecast?latitude=6.9271&longitude=79.8612&current_weather=true (Caused by NameResolutionError("<urllib3.connection.HTTPSConnection object at 0xffffaa0b2ed0>: Failed to resolve 'api.open-meteo.com' ([Errno -3] Temporary failure in name resolution)"))
[2026-04-18T00:00:12.974+0000] {subprocess.py:93} INFO - Traceback (most recent call last):
[2026-04-18T00:00:12.977+0000] {subprocess.py:93} INFO -   File "/home/***/.local/lib/python3.12/site-packages/urllib3/connection.py", line 203, in _new_conn
[2026-04-18T00:00:12.977+0000] {subprocess.py:93} INFO -     sock = connection.create_connection(
[2026-04-18T00:00:12.977+0000] {subprocess.py:93} INFO -            ^^^^^^^^^^^^^^^^^^^^^^^^^^^^^
[2026-04-18T00:00:12.978+0000] {subprocess.py:93} INFO -   File "/home/***/.local/lib/python3.12/site-packages/urllib3/util/connection.py", line 60, in create_connection
[2026-04-18T00:00:12.978+0000] {subprocess.py:93} INFO -     for res in socket.getaddrinfo(host, port, family, socket.SOCK_STREAM):
[2026-04-18T00:00:12.978+0000] {subprocess.py:93} INFO -                ^^^^^^^^^^^^^^^^^^^^^^^^^^^^^^^^^^^^^^^^^^^^^^^^^^^^^^^^^^
[2026-04-18T00:00:12.978+0000] {subprocess.py:93} INFO -   File "/usr/local/lib/python3.12/socket.py", line 964, in getaddrinfo
[2026-04-18T00:00:12.983+0000] {subprocess.py:93} INFO -     for res in _socket.getaddrinfo(host, port, family, type, proto, flags):
[2026-04-18T00:00:12.983+0000] {subprocess.py:93} INFO -                ^^^^^^^^^^^^^^^^^^^^^^^^^^^^^^^^^^^^^^^^^^^^^^^^^^^^^^^^^^^
[2026-04-18T00:00:12.984+0000] {subprocess.py:93} INFO - socket.gaierror: [Errno -3] Temporary failure in name resolution
[2026-04-18T00:00:12.984+0000] {subprocess.py:93} INFO - 
[2026-04-18T00:00:12.984+0000] {subprocess.py:93} INFO - The above exception was the direct cause of the following exception:
[2026-04-18T00:00:12.984+0000] {subprocess.py:93} INFO - 
[2026-04-18T00:00:12.984+0000] {subprocess.py:93} INFO - Traceback (most recent call last):
[2026-04-18T00:00:12.985+0000] {subprocess.py:93} INFO -   File "/home/***/.local/lib/python3.12/site-packages/urllib3/connectionpool.py", line 791, in urlopen
[2026-04-18T00:00:12.985+0000] {subprocess.py:93} INFO -     response = self._make_request(
[2026-04-18T00:00:12.985+0000] {subprocess.py:93} INFO -                ^^^^^^^^^^^^^^^^^^^
[2026-04-18T00:00:12.985+0000] {subprocess.py:93} INFO -   File "/home/***/.local/lib/python3.12/site-packages/urllib3/connectionpool.py", line 492, in _make_request
[2026-04-18T00:00:12.986+0000] {subprocess.py:93} INFO -     raise new_e
[2026-04-18T00:00:12.986+0000] {subprocess.py:93} INFO -   File "/home/***/.local/lib/python3.12/site-packages/urllib3/connectionpool.py", line 468, in _make_request
[2026-04-18T00:00:12.986+0000] {subprocess.py:93} INFO -     self._validate_conn(conn)
[2026-04-18T00:00:12.986+0000] {subprocess.py:93} INFO -   File "/home/***/.local/lib/python3.12/site-packages/urllib3/connectionpool.py", line 1097, in _validate_conn
[2026-04-18T00:00:12.986+0000] {subprocess.py:93} INFO -     conn.connect()
[2026-04-18T00:00:12.986+0000] {subprocess.py:93} INFO -   File "/home/***/.local/lib/python3.12/site-packages/urllib3/connection.py", line 611, in connect
[2026-04-18T00:00:12.987+0000] {subprocess.py:93} INFO -     self.sock = sock = self._new_conn()
[2026-04-18T00:00:12.988+0000] {subprocess.py:93} INFO -                        ^^^^^^^^^^^^^^^^
[2026-04-18T00:00:12.990+0000] {subprocess.py:93} INFO -   File "/home/***/.local/lib/python3.12/site-packages/urllib3/connection.py", line 210, in _new_conn
[2026-04-18T00:00:12.992+0000] {subprocess.py:93} INFO -     raise NameResolutionError(self.host, self, e) from e
[2026-04-18T00:00:12.993+0000] {subprocess.py:93} INFO - urllib3.exceptions.NameResolutionError: <urllib3.connection.HTTPSConnection object at 0xffffaa0b2ed0>: Failed to resolve 'api.open-meteo.com' ([Errno -3] Temporary failure in name resolution)
[2026-04-18T00:00:12.993+0000] {subprocess.py:93} INFO - 
[2026-04-18T00:00:12.993+0000] {subprocess.py:93} INFO - The above exception was the direct cause of the following exception:
[2026-04-18T00:00:12.996+0000] {subprocess.py:93} INFO - 
[2026-04-18T00:00:12.997+0000] {subprocess.py:93} INFO - Traceback (most recent call last):
[2026-04-18T00:00:12.998+0000] {subprocess.py:93} INFO -   File "/home/***/.local/lib/python3.12/site-packages/requests/adapters.py", line 667, in send
[2026-04-18T00:00:12.998+0000] {subprocess.py:93} INFO -     resp = conn.urlopen(
[2026-04-18T00:00:12.999+0000] {subprocess.py:93} INFO -            ^^^^^^^^^^^^^
[2026-04-18T00:00:12.999+0000] {subprocess.py:93} INFO -   File "/home/***/.local/lib/python3.12/site-packages/urllib3/connectionpool.py", line 845, in urlopen
[2026-04-18T00:00:13.001+0000] {subprocess.py:93} INFO -     retries = retries.increment(
[2026-04-18T00:00:13.003+0000] {subprocess.py:93} INFO -               ^^^^^^^^^^^^^^^^^^
[2026-04-18T00:00:13.003+0000] {subprocess.py:93} INFO -   File "/home/***/.local/lib/python3.12/site-packages/urllib3/util/retry.py", line 515, in increment
[2026-04-18T00:00:13.004+0000] {subprocess.py:93} INFO -     raise MaxRetryError(_pool, url, reason) from reason  # type: ignore[arg-type]
[2026-04-18T00:00:13.004+0000] {subprocess.py:93} INFO -     ^^^^^^^^^^^^^^^^^^^^^^^^^^^^^^^^^^^^^^^^^^^^^^^^^^^
[2026-04-18T00:00:13.006+0000] {subprocess.py:93} INFO - urllib3.exceptions.MaxRetryError: HTTPSConnectionPool(host='api.open-meteo.com', port=443): Max retries exceeded with url: /v1/forecast?latitude=6.9271&longitude=79.8612&current_weather=true (Caused by NameResolutionError("<urllib3.connection.HTTPSConnection object at 0xffffaa0b2ed0>: Failed to resolve 'api.open-meteo.com' ([Errno -3] Temporary failure in name resolution)"))
[2026-04-18T00:00:13.013+0000] {subprocess.py:93} INFO - 
[2026-04-18T00:00:13.015+0000] {subprocess.py:93} INFO - During handling of the above exception, another exception occurred:
[2026-04-18T00:00:13.017+0000] {subprocess.py:93} INFO - 
[2026-04-18T00:00:13.018+0000] {subprocess.py:93} INFO - Traceback (most recent call last):
[2026-04-18T00:00:13.019+0000] {subprocess.py:93} INFO -   File "/opt/***/scripts/extract_weather.py", line 77, in <module>
[2026-04-18T00:00:13.019+0000] {subprocess.py:93} INFO -     extract_and_store()
[2026-04-18T00:00:13.020+0000] {subprocess.py:93} INFO -   File "/opt/***/scripts/extract_weather.py", line 36, in extract_and_store
[2026-04-18T00:00:13.022+0000] {subprocess.py:93} INFO -     response = requests.get(url, timeout=30)
[2026-04-18T00:00:13.022+0000] {subprocess.py:93} INFO -                ^^^^^^^^^^^^^^^^^^^^^^^^^^^^^
[2026-04-18T00:00:13.023+0000] {subprocess.py:93} INFO -   File "/home/***/.local/lib/python3.12/site-packages/requests/api.py", line 73, in get
[2026-04-18T00:00:13.026+0000] {subprocess.py:93} INFO -     return request("get", url, params=params, **kwargs)
[2026-04-18T00:00:13.027+0000] {subprocess.py:93} INFO -            ^^^^^^^^^^^^^^^^^^^^^^^^^^^^^^^^^^^^^^^^^^^^
[2026-04-18T00:00:13.028+0000] {subprocess.py:93} INFO -   File "/home/***/.local/lib/python3.12/site-packages/requests/api.py", line 59, in request
[2026-04-18T00:00:13.029+0000] {subprocess.py:93} INFO -     return session.request(method=method, url=url, **kwargs)
[2026-04-18T00:00:13.029+0000] {subprocess.py:93} INFO -            ^^^^^^^^^^^^^^^^^^^^^^^^^^^^^^^^^^^^^^^^^^^^^^^^^
[2026-04-18T00:00:13.030+0000] {subprocess.py:93} INFO -   File "/home/***/.local/lib/python3.12/site-packages/requests/sessions.py", line 589, in request
[2026-04-18T00:00:13.030+0000] {subprocess.py:93} INFO -     resp = self.send(prep, **send_kwargs)
[2026-04-18T00:00:13.030+0000] {subprocess.py:93} INFO -            ^^^^^^^^^^^^^^^^^^^^^^^^^^^^^^
[2026-04-18T00:00:13.031+0000] {subprocess.py:93} INFO -   File "/home/***/.local/lib/python3.12/site-packages/requests/sessions.py", line 703, in send
[2026-04-18T00:00:13.031+0000] {subprocess.py:93} INFO -     r = adapter.send(request, **kwargs)
[2026-04-18T00:00:13.031+0000] {subprocess.py:93} INFO -         ^^^^^^^^^^^^^^^^^^^^^^^^^^^^^^^
[2026-04-18T00:00:13.032+0000] {subprocess.py:93} INFO -   File "/home/***/.local/lib/python3.12/site-packages/requests/adapters.py", line 700, in send
[2026-04-18T00:00:13.032+0000] {subprocess.py:93} INFO -     raise ConnectionError(e, request=request)
[2026-04-18T00:00:13.033+0000] {subprocess.py:93} INFO - requests.exceptions.ConnectionError: HTTPSConnectionPool(host='api.open-meteo.com', port=443): Max retries exceeded with url: /v1/forecast?latitude=6.9271&longitude=79.8612&current_weather=true (Caused by NameResolutionError("<urllib3.connection.HTTPSConnection object at 0xffffaa0b2ed0>: Failed to resolve 'api.open-meteo.com' ([Errno -3] Temporary failure in name resolution)"))
[2026-04-18T00:00:13.074+0000] {subprocess.py:97} INFO - Command exited with return code 1
[2026-04-18T00:00:13.079+0000] {taskinstance.py:441} INFO - ::group::Post task execution logs
[2026-04-18T00:00:13.111+0000] {taskinstance.py:2905} ERROR - Task failed with exception
Traceback (most recent call last):
  File "/home/airflow/.local/lib/python3.12/site-packages/airflow/models/taskinstance.py", line 465, in _execute_task
    result = _execute_callable(context=context, **execute_callable_kwargs)
             ^^^^^^^^^^^^^^^^^^^^^^^^^^^^^^^^^^^^^^^^^^^^^^^^^^^^^^^^^^^^^
  File "/home/airflow/.local/lib/python3.12/site-packages/airflow/models/taskinstance.py", line 432, in _execute_callable
    return execute_callable(context=context, **execute_callable_kwargs)
           ^^^^^^^^^^^^^^^^^^^^^^^^^^^^^^^^^^^^^^^^^^^^^^^^^^^^^^^^^^^^
  File "/home/airflow/.local/lib/python3.12/site-packages/airflow/models/baseoperator.py", line 401, in wrapper
    return func(self, *args, **kwargs)
           ^^^^^^^^^^^^^^^^^^^^^^^^^^^
  File "/home/airflow/.local/lib/python3.12/site-packages/airflow/operators/bash.py", line 243, in execute
    raise AirflowException(
airflow.exceptions.AirflowException: Bash command failed. The command returned a non-zero exit code 1.
[2026-04-18T00:00:13.129+0000] {taskinstance.py:1206} INFO - Marking task as UP_FOR_RETRY. dag_id=weather_pipeline_dag, task_id=extract_weather_data, run_id=scheduled__2026-04-17T00:00:00+00:00, execution_date=20260417T000000, start_date=20260418T000002, end_date=20260418T000013
[2026-04-18T00:00:13.159+0000] {standard_task_runner.py:110} ERROR - Failed to execute job 16 for task extract_weather_data (Bash command failed. The command returned a non-zero exit code 1.; 30427)
[2026-04-18T00:00:13.203+0000] {local_task_job_runner.py:243} INFO - Task exited with return code 1
[2026-04-18T00:00:13.232+0000] {taskinstance.py:3503} INFO - 0 downstream tasks scheduled from follow-on schedule check
[2026-04-18T00:00:13.233+0000] {local_task_job_runner.py:222} INFO - ::endgroup::
