[2026-04-13T00:43:27.101+0000] {processor.py:161} INFO - Started process (PID=17763) to work on /opt/airflow/dags/weather_pipeline_dag.py
[2026-04-13T00:43:27.133+0000] {processor.py:830} INFO - Processing file /opt/airflow/dags/weather_pipeline_dag.py for tasks to queue
[2026-04-13T00:43:27.156+0000] {logging_mixin.py:188} INFO - [2026-04-13T00:43:27.145+0000] {dagbag.py:545} INFO - Filling up the DagBag from /opt/airflow/dags/weather_pipeline_dag.py
[2026-04-13T00:43:27.586+0000] {processor.py:840} INFO - DAG(s) 'weather_pipeline_dag' retrieved from /opt/airflow/dags/weather_pipeline_dag.py
[2026-04-13T00:43:28.772+0000] {logging_mixin.py:188} INFO - [2026-04-13T00:43:28.712+0000] {dag.py:3089} INFO - Sync 1 DAGs
[2026-04-13T00:43:36.331+0000] {logging_mixin.py:188} INFO - [2026-04-13T00:43:36.330+0000] {dag.py:3947} INFO - Setting next_dagrun for weather_pipeline_dag to 2026-04-13 00:00:00+00:00, run_after=2026-04-14 00:00:00+00:00
[2026-04-13T00:43:36.400+0000] {processor.py:183} INFO - Processing /opt/airflow/dags/weather_pipeline_dag.py took 9.452 seconds
[2026-04-13T00:45:17.480+0000] {processor.py:161} INFO - Started process (PID=17771) to work on /opt/airflow/dags/weather_pipeline_dag.py
[2026-04-13T00:45:17.490+0000] {processor.py:830} INFO - Processing file /opt/airflow/dags/weather_pipeline_dag.py for tasks to queue
[2026-04-13T00:45:17.500+0000] {logging_mixin.py:188} INFO - [2026-04-13T00:45:17.497+0000] {dagbag.py:545} INFO - Filling up the DagBag from /opt/airflow/dags/weather_pipeline_dag.py
[2026-04-13T00:45:17.570+0000] {processor.py:840} INFO - DAG(s) 'weather_pipeline_dag' retrieved from /opt/airflow/dags/weather_pipeline_dag.py
[2026-04-13T00:45:18.143+0000] {logging_mixin.py:188} INFO - [2026-04-13T00:45:18.142+0000] {dag.py:3089} INFO - Sync 1 DAGs
[2026-04-13T00:45:18.223+0000] {logging_mixin.py:188} INFO - [2026-04-13T00:45:18.223+0000] {dag.py:3947} INFO - Setting next_dagrun for weather_pipeline_dag to 2026-04-13 00:00:00+00:00, run_after=2026-04-14 00:00:00+00:00
[2026-04-13T00:45:18.252+0000] {processor.py:183} INFO - Processing /opt/airflow/dags/weather_pipeline_dag.py took 0.813 seconds
[2026-04-13T01:23:31.576+0000] {processor.py:161} INFO - Started process (PID=17776) to work on /opt/airflow/dags/weather_pipeline_dag.py
[2026-04-13T01:23:31.584+0000] {processor.py:830} INFO - Processing file /opt/airflow/dags/weather_pipeline_dag.py for tasks to queue
[2026-04-13T01:23:31.591+0000] {logging_mixin.py:188} INFO - [2026-04-13T01:23:31.588+0000] {dagbag.py:545} INFO - Filling up the DagBag from /opt/airflow/dags/weather_pipeline_dag.py
[2026-04-13T01:23:31.689+0000] {processor.py:840} INFO - DAG(s) 'weather_pipeline_dag' retrieved from /opt/airflow/dags/weather_pipeline_dag.py
[2026-04-13T01:23:31.857+0000] {logging_mixin.py:188} INFO - [2026-04-13T01:23:31.856+0000] {dag.py:3089} INFO - Sync 1 DAGs
[2026-04-13T01:23:31.950+0000] {logging_mixin.py:188} INFO - [2026-04-13T01:23:31.949+0000] {dag.py:3947} INFO - Setting next_dagrun for weather_pipeline_dag to 2026-04-13 00:00:00+00:00, run_after=2026-04-14 00:00:00+00:00
[2026-04-13T01:23:32.054+0000] {processor.py:183} INFO - Processing /opt/airflow/dags/weather_pipeline_dag.py took 0.533 seconds
[2026-04-13T01:46:24.209+0000] {processor.py:161} INFO - Started process (PID=17781) to work on /opt/airflow/dags/weather_pipeline_dag.py
[2026-04-13T01:46:24.211+0000] {processor.py:830} INFO - Processing file /opt/airflow/dags/weather_pipeline_dag.py for tasks to queue
[2026-04-13T01:46:24.217+0000] {logging_mixin.py:188} INFO - [2026-04-13T01:46:24.215+0000] {dagbag.py:545} INFO - Filling up the DagBag from /opt/airflow/dags/weather_pipeline_dag.py
[2026-04-13T01:46:24.342+0000] {processor.py:840} INFO - DAG(s) 'weather_pipeline_dag' retrieved from /opt/airflow/dags/weather_pipeline_dag.py
[2026-04-13T01:46:24.496+0000] {logging_mixin.py:188} INFO - [2026-04-13T01:46:24.495+0000] {dag.py:3089} INFO - Sync 1 DAGs
[2026-04-13T01:46:24.644+0000] {logging_mixin.py:188} INFO - [2026-04-13T01:46:24.643+0000] {dag.py:3947} INFO - Setting next_dagrun for weather_pipeline_dag to 2026-04-13 00:00:00+00:00, run_after=2026-04-14 00:00:00+00:00
[2026-04-13T01:46:24.724+0000] {processor.py:183} INFO - Processing /opt/airflow/dags/weather_pipeline_dag.py took 0.545 seconds
[2026-04-13T02:47:24.368+0000] {processor.py:161} INFO - Started process (PID=17786) to work on /opt/airflow/dags/weather_pipeline_dag.py
[2026-04-13T02:47:24.376+0000] {processor.py:830} INFO - Processing file /opt/airflow/dags/weather_pipeline_dag.py for tasks to queue
[2026-04-13T02:47:24.383+0000] {logging_mixin.py:188} INFO - [2026-04-13T02:47:24.380+0000] {dagbag.py:545} INFO - Filling up the DagBag from /opt/airflow/dags/weather_pipeline_dag.py
[2026-04-13T02:47:24.412+0000] {processor.py:840} INFO - DAG(s) 'weather_pipeline_dag' retrieved from /opt/airflow/dags/weather_pipeline_dag.py
[2026-04-13T02:47:24.458+0000] {logging_mixin.py:188} INFO - [2026-04-13T02:47:24.458+0000] {dag.py:3089} INFO - Sync 1 DAGs
[2026-04-13T02:47:24.491+0000] {logging_mixin.py:188} INFO - [2026-04-13T02:47:24.491+0000] {dag.py:3947} INFO - Setting next_dagrun for weather_pipeline_dag to 2026-04-13 00:00:00+00:00, run_after=2026-04-14 00:00:00+00:00
[2026-04-13T02:47:24.523+0000] {processor.py:183} INFO - Processing /opt/airflow/dags/weather_pipeline_dag.py took 0.179 seconds
[2026-04-13T03:21:16.516+0000] {processor.py:161} INFO - Started process (PID=17791) to work on /opt/airflow/dags/weather_pipeline_dag.py
[2026-04-13T03:21:16.519+0000] {processor.py:830} INFO - Processing file /opt/airflow/dags/weather_pipeline_dag.py for tasks to queue
[2026-04-13T03:21:16.526+0000] {logging_mixin.py:188} INFO - [2026-04-13T03:21:16.524+0000] {dagbag.py:545} INFO - Filling up the DagBag from /opt/airflow/dags/weather_pipeline_dag.py
[2026-04-13T03:21:16.595+0000] {processor.py:840} INFO - DAG(s) 'weather_pipeline_dag' retrieved from /opt/airflow/dags/weather_pipeline_dag.py
[2026-04-13T03:21:16.671+0000] {logging_mixin.py:188} INFO - [2026-04-13T03:21:16.671+0000] {dag.py:3089} INFO - Sync 1 DAGs
[2026-04-13T03:21:16.716+0000] {logging_mixin.py:188} INFO - [2026-04-13T03:21:16.716+0000] {dag.py:3947} INFO - Setting next_dagrun for weather_pipeline_dag to 2026-04-13 00:00:00+00:00, run_after=2026-04-14 00:00:00+00:00
[2026-04-13T03:21:17.775+0000] {processor.py:183} INFO - Processing /opt/airflow/dags/weather_pipeline_dag.py took 1.293 seconds
[2026-04-13T03:48:23.546+0000] {processor.py:161} INFO - Started process (PID=17796) to work on /opt/airflow/dags/weather_pipeline_dag.py
[2026-04-13T03:48:23.548+0000] {processor.py:830} INFO - Processing file /opt/airflow/dags/weather_pipeline_dag.py for tasks to queue
[2026-04-13T03:48:23.552+0000] {logging_mixin.py:188} INFO - [2026-04-13T03:48:23.550+0000] {dagbag.py:545} INFO - Filling up the DagBag from /opt/airflow/dags/weather_pipeline_dag.py
[2026-04-13T03:48:23.605+0000] {processor.py:840} INFO - DAG(s) 'weather_pipeline_dag' retrieved from /opt/airflow/dags/weather_pipeline_dag.py
[2026-04-13T03:48:23.773+0000] {logging_mixin.py:188} INFO - [2026-04-13T03:48:23.773+0000] {dag.py:3089} INFO - Sync 1 DAGs
[2026-04-13T03:48:24.119+0000] {logging_mixin.py:188} INFO - [2026-04-13T03:48:24.118+0000] {dag.py:3947} INFO - Setting next_dagrun for weather_pipeline_dag to 2026-04-13 00:00:00+00:00, run_after=2026-04-14 00:00:00+00:00
[2026-04-13T03:48:24.147+0000] {processor.py:183} INFO - Processing /opt/airflow/dags/weather_pipeline_dag.py took 0.630 seconds
[2026-04-13T04:19:26.983+0000] {processor.py:161} INFO - Started process (PID=17801) to work on /opt/airflow/dags/weather_pipeline_dag.py
[2026-04-13T04:19:26.987+0000] {processor.py:830} INFO - Processing file /opt/airflow/dags/weather_pipeline_dag.py for tasks to queue
[2026-04-13T04:19:26.989+0000] {logging_mixin.py:188} INFO - [2026-04-13T04:19:26.989+0000] {dagbag.py:545} INFO - Filling up the DagBag from /opt/airflow/dags/weather_pipeline_dag.py
[2026-04-13T04:19:27.027+0000] {processor.py:840} INFO - DAG(s) 'weather_pipeline_dag' retrieved from /opt/airflow/dags/weather_pipeline_dag.py
[2026-04-13T04:19:27.100+0000] {logging_mixin.py:188} INFO - [2026-04-13T04:19:27.099+0000] {dag.py:3089} INFO - Sync 1 DAGs
[2026-04-13T04:19:27.577+0000] {logging_mixin.py:188} INFO - [2026-04-13T04:19:27.577+0000] {dag.py:3947} INFO - Setting next_dagrun for weather_pipeline_dag to 2026-04-13 00:00:00+00:00, run_after=2026-04-14 00:00:00+00:00
[2026-04-13T04:19:27.600+0000] {processor.py:183} INFO - Processing /opt/airflow/dags/weather_pipeline_dag.py took 0.642 seconds
[2026-04-13T04:19:59.660+0000] {processor.py:161} INFO - Started process (PID=17806) to work on /opt/airflow/dags/weather_pipeline_dag.py
[2026-04-13T04:19:59.665+0000] {processor.py:830} INFO - Processing file /opt/airflow/dags/weather_pipeline_dag.py for tasks to queue
[2026-04-13T04:19:59.668+0000] {logging_mixin.py:188} INFO - [2026-04-13T04:19:59.667+0000] {dagbag.py:545} INFO - Filling up the DagBag from /opt/airflow/dags/weather_pipeline_dag.py
[2026-04-13T04:19:59.707+0000] {processor.py:840} INFO - DAG(s) 'weather_pipeline_dag' retrieved from /opt/airflow/dags/weather_pipeline_dag.py
[2026-04-13T04:19:59.767+0000] {logging_mixin.py:188} INFO - [2026-04-13T04:19:59.767+0000] {dag.py:3089} INFO - Sync 1 DAGs
[2026-04-13T04:19:59.795+0000] {logging_mixin.py:188} INFO - [2026-04-13T04:19:59.795+0000] {dag.py:3947} INFO - Setting next_dagrun for weather_pipeline_dag to 2026-04-13 00:00:00+00:00, run_after=2026-04-14 00:00:00+00:00
[2026-04-13T04:19:59.812+0000] {processor.py:183} INFO - Processing /opt/airflow/dags/weather_pipeline_dag.py took 0.224 seconds
[2026-04-13T04:21:07.063+0000] {processor.py:161} INFO - Started process (PID=17811) to work on /opt/airflow/dags/weather_pipeline_dag.py
[2026-04-13T04:21:07.079+0000] {processor.py:830} INFO - Processing file /opt/airflow/dags/weather_pipeline_dag.py for tasks to queue
[2026-04-13T04:21:07.088+0000] {logging_mixin.py:188} INFO - [2026-04-13T04:21:07.083+0000] {dagbag.py:545} INFO - Filling up the DagBag from /opt/airflow/dags/weather_pipeline_dag.py
[2026-04-13T04:21:07.143+0000] {processor.py:840} INFO - DAG(s) 'weather_pipeline_dag' retrieved from /opt/airflow/dags/weather_pipeline_dag.py
[2026-04-13T04:21:07.201+0000] {logging_mixin.py:188} INFO - [2026-04-13T04:21:07.201+0000] {dag.py:3089} INFO - Sync 1 DAGs
[2026-04-13T04:21:07.227+0000] {logging_mixin.py:188} INFO - [2026-04-13T04:21:07.227+0000] {dag.py:3947} INFO - Setting next_dagrun for weather_pipeline_dag to 2026-04-13 00:00:00+00:00, run_after=2026-04-14 00:00:00+00:00
[2026-04-13T04:21:07.241+0000] {processor.py:183} INFO - Processing /opt/airflow/dags/weather_pipeline_dag.py took 0.207 seconds
[2026-04-13T04:21:39.567+0000] {processor.py:161} INFO - Started process (PID=17816) to work on /opt/airflow/dags/weather_pipeline_dag.py
[2026-04-13T04:21:39.574+0000] {processor.py:830} INFO - Processing file /opt/airflow/dags/weather_pipeline_dag.py for tasks to queue
[2026-04-13T04:21:39.576+0000] {logging_mixin.py:188} INFO - [2026-04-13T04:21:39.575+0000] {dagbag.py:545} INFO - Filling up the DagBag from /opt/airflow/dags/weather_pipeline_dag.py
[2026-04-13T04:21:39.618+0000] {processor.py:840} INFO - DAG(s) 'weather_pipeline_dag' retrieved from /opt/airflow/dags/weather_pipeline_dag.py
[2026-04-13T04:21:39.673+0000] {logging_mixin.py:188} INFO - [2026-04-13T04:21:39.672+0000] {dag.py:3089} INFO - Sync 1 DAGs
[2026-04-13T04:21:39.732+0000] {logging_mixin.py:188} INFO - [2026-04-13T04:21:39.731+0000] {dag.py:3947} INFO - Setting next_dagrun for weather_pipeline_dag to 2026-04-13 00:00:00+00:00, run_after=2026-04-14 00:00:00+00:00
[2026-04-13T04:21:39.757+0000] {processor.py:183} INFO - Processing /opt/airflow/dags/weather_pipeline_dag.py took 0.214 seconds
[2026-04-13T04:23:04.297+0000] {processor.py:161} INFO - Started process (PID=17821) to work on /opt/airflow/dags/weather_pipeline_dag.py
[2026-04-13T04:23:04.299+0000] {processor.py:830} INFO - Processing file /opt/airflow/dags/weather_pipeline_dag.py for tasks to queue
[2026-04-13T04:23:04.301+0000] {logging_mixin.py:188} INFO - [2026-04-13T04:23:04.300+0000] {dagbag.py:545} INFO - Filling up the DagBag from /opt/airflow/dags/weather_pipeline_dag.py
[2026-04-13T04:23:04.342+0000] {processor.py:840} INFO - DAG(s) 'weather_pipeline_dag' retrieved from /opt/airflow/dags/weather_pipeline_dag.py
[2026-04-13T04:23:04.441+0000] {logging_mixin.py:188} INFO - [2026-04-13T04:23:04.440+0000] {dag.py:3089} INFO - Sync 1 DAGs
[2026-04-13T04:23:04.483+0000] {logging_mixin.py:188} INFO - [2026-04-13T04:23:04.483+0000] {dag.py:3947} INFO - Setting next_dagrun for weather_pipeline_dag to 2026-04-13 00:00:00+00:00, run_after=2026-04-14 00:00:00+00:00
[2026-04-13T04:23:04.502+0000] {processor.py:183} INFO - Processing /opt/airflow/dags/weather_pipeline_dag.py took 0.220 seconds
[2026-04-13T04:23:38.654+0000] {processor.py:161} INFO - Started process (PID=17826) to work on /opt/airflow/dags/weather_pipeline_dag.py
[2026-04-13T04:23:38.655+0000] {processor.py:830} INFO - Processing file /opt/airflow/dags/weather_pipeline_dag.py for tasks to queue
[2026-04-13T04:23:38.659+0000] {logging_mixin.py:188} INFO - [2026-04-13T04:23:38.657+0000] {dagbag.py:545} INFO - Filling up the DagBag from /opt/airflow/dags/weather_pipeline_dag.py
[2026-04-13T04:23:38.701+0000] {processor.py:840} INFO - DAG(s) 'weather_pipeline_dag' retrieved from /opt/airflow/dags/weather_pipeline_dag.py
[2026-04-13T04:23:38.771+0000] {logging_mixin.py:188} INFO - [2026-04-13T04:23:38.771+0000] {dag.py:3089} INFO - Sync 1 DAGs
[2026-04-13T04:23:39.528+0000] {logging_mixin.py:188} INFO - [2026-04-13T04:23:39.526+0000] {dag.py:3947} INFO - Setting next_dagrun for weather_pipeline_dag to 2026-04-13 00:00:00+00:00, run_after=2026-04-14 00:00:00+00:00
[2026-04-13T04:23:39.561+0000] {processor.py:183} INFO - Processing /opt/airflow/dags/weather_pipeline_dag.py took 0.950 seconds
[2026-04-13T04:49:19.699+0000] {processor.py:161} INFO - Started process (PID=17831) to work on /opt/airflow/dags/weather_pipeline_dag.py
[2026-04-13T04:49:19.701+0000] {processor.py:830} INFO - Processing file /opt/airflow/dags/weather_pipeline_dag.py for tasks to queue
[2026-04-13T04:49:19.702+0000] {logging_mixin.py:188} INFO - [2026-04-13T04:49:19.702+0000] {dagbag.py:545} INFO - Filling up the DagBag from /opt/airflow/dags/weather_pipeline_dag.py
[2026-04-13T04:49:19.747+0000] {processor.py:840} INFO - DAG(s) 'weather_pipeline_dag' retrieved from /opt/airflow/dags/weather_pipeline_dag.py
[2026-04-13T04:49:19.827+0000] {logging_mixin.py:188} INFO - [2026-04-13T04:49:19.826+0000] {dag.py:3089} INFO - Sync 1 DAGs
[2026-04-13T04:49:20.170+0000] {logging_mixin.py:188} INFO - [2026-04-13T04:49:20.169+0000] {dag.py:3947} INFO - Setting next_dagrun for weather_pipeline_dag to 2026-04-13 00:00:00+00:00, run_after=2026-04-14 00:00:00+00:00
[2026-04-13T04:49:20.190+0000] {processor.py:183} INFO - Processing /opt/airflow/dags/weather_pipeline_dag.py took 0.504 seconds
[2026-04-13T05:38:13.762+0000] {processor.py:161} INFO - Started process (PID=17836) to work on /opt/airflow/dags/weather_pipeline_dag.py
[2026-04-13T05:38:13.763+0000] {processor.py:830} INFO - Processing file /opt/airflow/dags/weather_pipeline_dag.py for tasks to queue
[2026-04-13T05:38:13.768+0000] {logging_mixin.py:188} INFO - [2026-04-13T05:38:13.765+0000] {dagbag.py:545} INFO - Filling up the DagBag from /opt/airflow/dags/weather_pipeline_dag.py
[2026-04-13T05:38:13.800+0000] {processor.py:840} INFO - DAG(s) 'weather_pipeline_dag' retrieved from /opt/airflow/dags/weather_pipeline_dag.py
[2026-04-13T05:38:14.226+0000] {logging_mixin.py:188} INFO - [2026-04-13T05:38:14.225+0000] {dag.py:3089} INFO - Sync 1 DAGs
[2026-04-13T05:38:14.257+0000] {logging_mixin.py:188} INFO - [2026-04-13T05:38:14.257+0000] {dag.py:3947} INFO - Setting next_dagrun for weather_pipeline_dag to 2026-04-13 00:00:00+00:00, run_after=2026-04-14 00:00:00+00:00
[2026-04-13T05:38:14.273+0000] {processor.py:183} INFO - Processing /opt/airflow/dags/weather_pipeline_dag.py took 0.541 seconds
[2026-04-13T06:24:31.557+0000] {processor.py:161} INFO - Started process (PID=17841) to work on /opt/airflow/dags/weather_pipeline_dag.py
[2026-04-13T06:24:31.562+0000] {processor.py:830} INFO - Processing file /opt/airflow/dags/weather_pipeline_dag.py for tasks to queue
[2026-04-13T06:24:31.566+0000] {logging_mixin.py:188} INFO - [2026-04-13T06:24:31.564+0000] {dagbag.py:545} INFO - Filling up the DagBag from /opt/airflow/dags/weather_pipeline_dag.py
[2026-04-13T06:24:31.620+0000] {processor.py:840} INFO - DAG(s) 'weather_pipeline_dag' retrieved from /opt/airflow/dags/weather_pipeline_dag.py
[2026-04-13T06:24:31.734+0000] {logging_mixin.py:188} INFO - [2026-04-13T06:24:31.734+0000] {dag.py:3089} INFO - Sync 1 DAGs
[2026-04-13T06:24:31.782+0000] {logging_mixin.py:188} INFO - [2026-04-13T06:24:31.782+0000] {dag.py:3947} INFO - Setting next_dagrun for weather_pipeline_dag to 2026-04-13 00:00:00+00:00, run_after=2026-04-14 00:00:00+00:00
[2026-04-13T06:24:31.805+0000] {processor.py:183} INFO - Processing /opt/airflow/dags/weather_pipeline_dag.py took 0.304 seconds
[2026-04-13T06:51:36.354+0000] {processor.py:161} INFO - Started process (PID=17846) to work on /opt/airflow/dags/weather_pipeline_dag.py
[2026-04-13T06:51:36.355+0000] {processor.py:830} INFO - Processing file /opt/airflow/dags/weather_pipeline_dag.py for tasks to queue
[2026-04-13T06:51:36.356+0000] {logging_mixin.py:188} INFO - [2026-04-13T06:51:36.356+0000] {dagbag.py:545} INFO - Filling up the DagBag from /opt/airflow/dags/weather_pipeline_dag.py
[2026-04-13T06:51:36.392+0000] {processor.py:840} INFO - DAG(s) 'weather_pipeline_dag' retrieved from /opt/airflow/dags/weather_pipeline_dag.py
[2026-04-13T06:51:36.458+0000] {logging_mixin.py:188} INFO - [2026-04-13T06:51:36.458+0000] {dag.py:3089} INFO - Sync 1 DAGs
[2026-04-13T06:51:36.483+0000] {logging_mixin.py:188} INFO - [2026-04-13T06:51:36.482+0000] {dag.py:3947} INFO - Setting next_dagrun for weather_pipeline_dag to 2026-04-13 00:00:00+00:00, run_after=2026-04-14 00:00:00+00:00
[2026-04-13T06:51:36.495+0000] {processor.py:183} INFO - Processing /opt/airflow/dags/weather_pipeline_dag.py took 0.167 seconds
[2026-04-13T07:45:39.885+0000] {processor.py:161} INFO - Started process (PID=17851) to work on /opt/airflow/dags/weather_pipeline_dag.py
[2026-04-13T07:45:39.888+0000] {processor.py:830} INFO - Processing file /opt/airflow/dags/weather_pipeline_dag.py for tasks to queue
[2026-04-13T07:45:39.890+0000] {logging_mixin.py:188} INFO - [2026-04-13T07:45:39.889+0000] {dagbag.py:545} INFO - Filling up the DagBag from /opt/airflow/dags/weather_pipeline_dag.py
[2026-04-13T07:45:39.934+0000] {processor.py:840} INFO - DAG(s) 'weather_pipeline_dag' retrieved from /opt/airflow/dags/weather_pipeline_dag.py
[2026-04-13T07:45:39.994+0000] {logging_mixin.py:188} INFO - [2026-04-13T07:45:39.993+0000] {dag.py:3089} INFO - Sync 1 DAGs
[2026-04-13T07:45:40.021+0000] {logging_mixin.py:188} INFO - [2026-04-13T07:45:40.020+0000] {dag.py:3947} INFO - Setting next_dagrun for weather_pipeline_dag to 2026-04-13 00:00:00+00:00, run_after=2026-04-14 00:00:00+00:00
[2026-04-13T07:45:40.040+0000] {processor.py:183} INFO - Processing /opt/airflow/dags/weather_pipeline_dag.py took 0.171 seconds
[2026-04-13T07:52:44.934+0000] {processor.py:161} INFO - Started process (PID=17856) to work on /opt/airflow/dags/weather_pipeline_dag.py
[2026-04-13T07:52:44.937+0000] {processor.py:830} INFO - Processing file /opt/airflow/dags/weather_pipeline_dag.py for tasks to queue
[2026-04-13T07:52:44.938+0000] {logging_mixin.py:188} INFO - [2026-04-13T07:52:44.937+0000] {dagbag.py:545} INFO - Filling up the DagBag from /opt/airflow/dags/weather_pipeline_dag.py
[2026-04-13T07:52:44.983+0000] {processor.py:840} INFO - DAG(s) 'weather_pipeline_dag' retrieved from /opt/airflow/dags/weather_pipeline_dag.py
[2026-04-13T07:52:45.049+0000] {logging_mixin.py:188} INFO - [2026-04-13T07:52:45.048+0000] {dag.py:3089} INFO - Sync 1 DAGs
[2026-04-13T07:52:45.090+0000] {logging_mixin.py:188} INFO - [2026-04-13T07:52:45.089+0000] {dag.py:3947} INFO - Setting next_dagrun for weather_pipeline_dag to 2026-04-13 00:00:00+00:00, run_after=2026-04-14 00:00:00+00:00
[2026-04-13T07:52:45.496+0000] {processor.py:183} INFO - Processing /opt/airflow/dags/weather_pipeline_dag.py took 0.583 seconds
[2026-04-13T08:53:20.612+0000] {processor.py:161} INFO - Started process (PID=17861) to work on /opt/airflow/dags/weather_pipeline_dag.py
[2026-04-13T08:53:20.614+0000] {processor.py:830} INFO - Processing file /opt/airflow/dags/weather_pipeline_dag.py for tasks to queue
[2026-04-13T08:53:20.616+0000] {logging_mixin.py:188} INFO - [2026-04-13T08:53:20.615+0000] {dagbag.py:545} INFO - Filling up the DagBag from /opt/airflow/dags/weather_pipeline_dag.py
[2026-04-13T08:53:20.645+0000] {processor.py:840} INFO - DAG(s) 'weather_pipeline_dag' retrieved from /opt/airflow/dags/weather_pipeline_dag.py
[2026-04-13T08:53:20.718+0000] {logging_mixin.py:188} INFO - [2026-04-13T08:53:20.718+0000] {dag.py:3089} INFO - Sync 1 DAGs
[2026-04-13T08:53:21.135+0000] {logging_mixin.py:188} INFO - [2026-04-13T08:53:21.134+0000] {dag.py:3947} INFO - Setting next_dagrun for weather_pipeline_dag to 2026-04-13 00:00:00+00:00, run_after=2026-04-14 00:00:00+00:00
[2026-04-13T08:53:21.169+0000] {processor.py:183} INFO - Processing /opt/airflow/dags/weather_pipeline_dag.py took 0.579 seconds
[2026-04-13T09:40:53.846+0000] {processor.py:161} INFO - Started process (PID=17866) to work on /opt/airflow/dags/weather_pipeline_dag.py
[2026-04-13T09:40:53.851+0000] {processor.py:830} INFO - Processing file /opt/airflow/dags/weather_pipeline_dag.py for tasks to queue
[2026-04-13T09:40:53.854+0000] {logging_mixin.py:188} INFO - [2026-04-13T09:40:53.853+0000] {dagbag.py:545} INFO - Filling up the DagBag from /opt/airflow/dags/weather_pipeline_dag.py
[2026-04-13T09:40:53.902+0000] {processor.py:840} INFO - DAG(s) 'weather_pipeline_dag' retrieved from /opt/airflow/dags/weather_pipeline_dag.py
[2026-04-13T09:40:54.002+0000] {logging_mixin.py:188} INFO - [2026-04-13T09:40:53.999+0000] {dag.py:3089} INFO - Sync 1 DAGs
[2026-04-13T09:40:54.337+0000] {logging_mixin.py:188} INFO - [2026-04-13T09:40:54.337+0000] {dag.py:3947} INFO - Setting next_dagrun for weather_pipeline_dag to 2026-04-13 00:00:00+00:00, run_after=2026-04-14 00:00:00+00:00
[2026-04-13T09:40:54.358+0000] {processor.py:183} INFO - Processing /opt/airflow/dags/weather_pipeline_dag.py took 0.537 seconds
[2026-04-13T10:47:17.526+0000] {processor.py:161} INFO - Started process (PID=17871) to work on /opt/airflow/dags/weather_pipeline_dag.py
[2026-04-13T10:47:17.529+0000] {processor.py:830} INFO - Processing file /opt/airflow/dags/weather_pipeline_dag.py for tasks to queue
[2026-04-13T10:47:17.533+0000] {logging_mixin.py:188} INFO - [2026-04-13T10:47:17.530+0000] {dagbag.py:545} INFO - Filling up the DagBag from /opt/airflow/dags/weather_pipeline_dag.py
[2026-04-13T10:47:17.614+0000] {processor.py:840} INFO - DAG(s) 'weather_pipeline_dag' retrieved from /opt/airflow/dags/weather_pipeline_dag.py
[2026-04-13T10:47:17.689+0000] {logging_mixin.py:188} INFO - [2026-04-13T10:47:17.689+0000] {dag.py:3089} INFO - Sync 1 DAGs
[2026-04-13T10:47:17.724+0000] {logging_mixin.py:188} INFO - [2026-04-13T10:47:17.724+0000] {dag.py:3947} INFO - Setting next_dagrun for weather_pipeline_dag to 2026-04-13 00:00:00+00:00, run_after=2026-04-14 00:00:00+00:00
[2026-04-13T10:47:17.742+0000] {processor.py:183} INFO - Processing /opt/airflow/dags/weather_pipeline_dag.py took 0.242 seconds
[2026-04-13T11:28:57.187+0000] {processor.py:161} INFO - Started process (PID=17876) to work on /opt/airflow/dags/weather_pipeline_dag.py
[2026-04-13T11:28:57.190+0000] {processor.py:830} INFO - Processing file /opt/airflow/dags/weather_pipeline_dag.py for tasks to queue
[2026-04-13T11:28:57.192+0000] {logging_mixin.py:188} INFO - [2026-04-13T11:28:57.191+0000] {dagbag.py:545} INFO - Filling up the DagBag from /opt/airflow/dags/weather_pipeline_dag.py
[2026-04-13T11:28:57.238+0000] {processor.py:840} INFO - DAG(s) 'weather_pipeline_dag' retrieved from /opt/airflow/dags/weather_pipeline_dag.py
[2026-04-13T11:28:57.321+0000] {logging_mixin.py:188} INFO - [2026-04-13T11:28:57.320+0000] {dag.py:3089} INFO - Sync 1 DAGs
[2026-04-13T11:28:57.360+0000] {logging_mixin.py:188} INFO - [2026-04-13T11:28:57.360+0000] {dag.py:3947} INFO - Setting next_dagrun for weather_pipeline_dag to 2026-04-13 00:00:00+00:00, run_after=2026-04-14 00:00:00+00:00
[2026-04-13T11:28:57.380+0000] {processor.py:183} INFO - Processing /opt/airflow/dags/weather_pipeline_dag.py took 0.213 seconds
[2026-04-13T12:13:34.278+0000] {processor.py:161} INFO - Started process (PID=17881) to work on /opt/airflow/dags/weather_pipeline_dag.py
[2026-04-13T12:13:34.279+0000] {processor.py:830} INFO - Processing file /opt/airflow/dags/weather_pipeline_dag.py for tasks to queue
[2026-04-13T12:13:34.280+0000] {logging_mixin.py:188} INFO - [2026-04-13T12:13:34.280+0000] {dagbag.py:545} INFO - Filling up the DagBag from /opt/airflow/dags/weather_pipeline_dag.py
[2026-04-13T12:13:34.302+0000] {processor.py:840} INFO - DAG(s) 'weather_pipeline_dag' retrieved from /opt/airflow/dags/weather_pipeline_dag.py
[2026-04-13T12:13:34.343+0000] {logging_mixin.py:188} INFO - [2026-04-13T12:13:34.342+0000] {dag.py:3089} INFO - Sync 1 DAGs
[2026-04-13T12:13:34.370+0000] {logging_mixin.py:188} INFO - [2026-04-13T12:13:34.370+0000] {dag.py:3947} INFO - Setting next_dagrun for weather_pipeline_dag to 2026-04-13 00:00:00+00:00, run_after=2026-04-14 00:00:00+00:00
[2026-04-13T12:13:34.386+0000] {processor.py:183} INFO - Processing /opt/airflow/dags/weather_pipeline_dag.py took 0.130 seconds
[2026-04-13T12:57:24.914+0000] {processor.py:161} INFO - Started process (PID=17886) to work on /opt/airflow/dags/weather_pipeline_dag.py
[2026-04-13T12:57:24.922+0000] {processor.py:830} INFO - Processing file /opt/airflow/dags/weather_pipeline_dag.py for tasks to queue
[2026-04-13T12:57:24.925+0000] {logging_mixin.py:188} INFO - [2026-04-13T12:57:24.924+0000] {dagbag.py:545} INFO - Filling up the DagBag from /opt/airflow/dags/weather_pipeline_dag.py
[2026-04-13T12:57:24.973+0000] {processor.py:840} INFO - DAG(s) 'weather_pipeline_dag' retrieved from /opt/airflow/dags/weather_pipeline_dag.py
[2026-04-13T12:57:25.028+0000] {logging_mixin.py:188} INFO - [2026-04-13T12:57:25.027+0000] {dag.py:3089} INFO - Sync 1 DAGs
[2026-04-13T12:57:25.061+0000] {logging_mixin.py:188} INFO - [2026-04-13T12:57:25.061+0000] {dag.py:3947} INFO - Setting next_dagrun for weather_pipeline_dag to 2026-04-13 00:00:00+00:00, run_after=2026-04-14 00:00:00+00:00
[2026-04-13T12:57:25.628+0000] {processor.py:183} INFO - Processing /opt/airflow/dags/weather_pipeline_dag.py took 0.745 seconds
[2026-04-13T13:15:05.475+0000] {processor.py:161} INFO - Started process (PID=17891) to work on /opt/airflow/dags/weather_pipeline_dag.py
[2026-04-13T13:15:05.495+0000] {processor.py:830} INFO - Processing file /opt/airflow/dags/weather_pipeline_dag.py for tasks to queue
[2026-04-13T13:15:05.506+0000] {logging_mixin.py:188} INFO - [2026-04-13T13:15:05.503+0000] {dagbag.py:545} INFO - Filling up the DagBag from /opt/airflow/dags/weather_pipeline_dag.py
[2026-04-13T13:15:05.625+0000] {processor.py:840} INFO - DAG(s) 'weather_pipeline_dag' retrieved from /opt/airflow/dags/weather_pipeline_dag.py
[2026-04-13T13:15:05.979+0000] {logging_mixin.py:188} INFO - [2026-04-13T13:15:05.977+0000] {dag.py:3089} INFO - Sync 1 DAGs
[2026-04-13T13:15:07.268+0000] {logging_mixin.py:188} INFO - [2026-04-13T13:15:07.266+0000] {dag.py:3947} INFO - Setting next_dagrun for weather_pipeline_dag to 2026-04-13 00:00:00+00:00, run_after=2026-04-14 00:00:00+00:00
[2026-04-13T13:15:07.314+0000] {processor.py:183} INFO - Processing /opt/airflow/dags/weather_pipeline_dag.py took 1.998 seconds
[2026-04-13T13:31:28.212+0000] {processor.py:161} INFO - Started process (PID=17896) to work on /opt/airflow/dags/weather_pipeline_dag.py
[2026-04-13T13:31:28.216+0000] {processor.py:830} INFO - Processing file /opt/airflow/dags/weather_pipeline_dag.py for tasks to queue
[2026-04-13T13:31:28.222+0000] {logging_mixin.py:188} INFO - [2026-04-13T13:31:28.221+0000] {dagbag.py:545} INFO - Filling up the DagBag from /opt/airflow/dags/weather_pipeline_dag.py
[2026-04-13T13:31:28.261+0000] {processor.py:840} INFO - DAG(s) 'weather_pipeline_dag' retrieved from /opt/airflow/dags/weather_pipeline_dag.py
[2026-04-13T13:31:28.342+0000] {logging_mixin.py:188} INFO - [2026-04-13T13:31:28.341+0000] {dag.py:3089} INFO - Sync 1 DAGs
[2026-04-13T13:31:28.763+0000] {logging_mixin.py:188} INFO - [2026-04-13T13:31:28.763+0000] {dag.py:3947} INFO - Setting next_dagrun for weather_pipeline_dag to 2026-04-13 00:00:00+00:00, run_after=2026-04-14 00:00:00+00:00
[2026-04-13T13:31:28.784+0000] {processor.py:183} INFO - Processing /opt/airflow/dags/weather_pipeline_dag.py took 0.596 seconds
[2026-04-13T13:54:10.940+0000] {processor.py:161} INFO - Started process (PID=17901) to work on /opt/airflow/dags/weather_pipeline_dag.py
[2026-04-13T13:54:10.946+0000] {processor.py:830} INFO - Processing file /opt/airflow/dags/weather_pipeline_dag.py for tasks to queue
[2026-04-13T13:54:10.947+0000] {logging_mixin.py:188} INFO - [2026-04-13T13:54:10.947+0000] {dagbag.py:545} INFO - Filling up the DagBag from /opt/airflow/dags/weather_pipeline_dag.py
[2026-04-13T13:54:10.971+0000] {processor.py:840} INFO - DAG(s) 'weather_pipeline_dag' retrieved from /opt/airflow/dags/weather_pipeline_dag.py
[2026-04-13T13:54:11.337+0000] {logging_mixin.py:188} INFO - [2026-04-13T13:54:11.336+0000] {dag.py:3089} INFO - Sync 1 DAGs
[2026-04-13T13:54:11.353+0000] {logging_mixin.py:188} INFO - [2026-04-13T13:54:11.353+0000] {dag.py:3947} INFO - Setting next_dagrun for weather_pipeline_dag to 2026-04-13 00:00:00+00:00, run_after=2026-04-14 00:00:00+00:00
[2026-04-13T13:54:11.367+0000] {processor.py:183} INFO - Processing /opt/airflow/dags/weather_pipeline_dag.py took 0.443 seconds
[2026-04-13T13:58:32.488+0000] {processor.py:161} INFO - Started process (PID=17906) to work on /opt/airflow/dags/weather_pipeline_dag.py
[2026-04-13T13:58:32.493+0000] {processor.py:830} INFO - Processing file /opt/airflow/dags/weather_pipeline_dag.py for tasks to queue
[2026-04-13T13:58:32.502+0000] {logging_mixin.py:188} INFO - [2026-04-13T13:58:32.495+0000] {dagbag.py:545} INFO - Filling up the DagBag from /opt/airflow/dags/weather_pipeline_dag.py
[2026-04-13T13:58:32.532+0000] {processor.py:840} INFO - DAG(s) 'weather_pipeline_dag' retrieved from /opt/airflow/dags/weather_pipeline_dag.py
[2026-04-13T13:58:32.585+0000] {logging_mixin.py:188} INFO - [2026-04-13T13:58:32.585+0000] {dag.py:3089} INFO - Sync 1 DAGs
[2026-04-13T13:58:32.613+0000] {logging_mixin.py:188} INFO - [2026-04-13T13:58:32.613+0000] {dag.py:3947} INFO - Setting next_dagrun for weather_pipeline_dag to 2026-04-13 00:00:00+00:00, run_after=2026-04-14 00:00:00+00:00
[2026-04-13T13:58:32.637+0000] {processor.py:183} INFO - Processing /opt/airflow/dags/weather_pipeline_dag.py took 0.216 seconds
[2026-04-13T14:07:44.047+0000] {processor.py:161} INFO - Started process (PID=17911) to work on /opt/airflow/dags/weather_pipeline_dag.py
[2026-04-13T14:07:44.051+0000] {processor.py:830} INFO - Processing file /opt/airflow/dags/weather_pipeline_dag.py for tasks to queue
[2026-04-13T14:07:44.058+0000] {logging_mixin.py:188} INFO - [2026-04-13T14:07:44.056+0000] {dagbag.py:545} INFO - Filling up the DagBag from /opt/airflow/dags/weather_pipeline_dag.py
[2026-04-13T14:07:44.178+0000] {processor.py:840} INFO - DAG(s) 'weather_pipeline_dag' retrieved from /opt/airflow/dags/weather_pipeline_dag.py
[2026-04-13T14:07:44.286+0000] {logging_mixin.py:188} INFO - [2026-04-13T14:07:44.285+0000] {dag.py:3089} INFO - Sync 1 DAGs
[2026-04-13T14:07:44.330+0000] {logging_mixin.py:188} INFO - [2026-04-13T14:07:44.330+0000] {dag.py:3947} INFO - Setting next_dagrun for weather_pipeline_dag to 2026-04-13 00:00:00+00:00, run_after=2026-04-14 00:00:00+00:00
[2026-04-13T14:07:44.351+0000] {processor.py:183} INFO - Processing /opt/airflow/dags/weather_pipeline_dag.py took 0.364 seconds
[2026-04-13T14:08:14.553+0000] {processor.py:161} INFO - Started process (PID=17916) to work on /opt/airflow/dags/weather_pipeline_dag.py
[2026-04-13T14:08:14.557+0000] {processor.py:830} INFO - Processing file /opt/airflow/dags/weather_pipeline_dag.py for tasks to queue
[2026-04-13T14:08:14.559+0000] {logging_mixin.py:188} INFO - [2026-04-13T14:08:14.558+0000] {dagbag.py:545} INFO - Filling up the DagBag from /opt/airflow/dags/weather_pipeline_dag.py
[2026-04-13T14:08:14.605+0000] {processor.py:840} INFO - DAG(s) 'weather_pipeline_dag' retrieved from /opt/airflow/dags/weather_pipeline_dag.py
[2026-04-13T14:08:14.702+0000] {logging_mixin.py:188} INFO - [2026-04-13T14:08:14.702+0000] {dag.py:3089} INFO - Sync 1 DAGs
[2026-04-13T14:08:14.741+0000] {logging_mixin.py:188} INFO - [2026-04-13T14:08:14.741+0000] {dag.py:3947} INFO - Setting next_dagrun for weather_pipeline_dag to 2026-04-13 00:00:00+00:00, run_after=2026-04-14 00:00:00+00:00
[2026-04-13T14:08:15.751+0000] {processor.py:183} INFO - Processing /opt/airflow/dags/weather_pipeline_dag.py took 1.223 seconds
[2026-04-13T14:08:46.001+0000] {processor.py:161} INFO - Started process (PID=17921) to work on /opt/airflow/dags/weather_pipeline_dag.py
[2026-04-13T14:08:46.003+0000] {processor.py:830} INFO - Processing file /opt/airflow/dags/weather_pipeline_dag.py for tasks to queue
[2026-04-13T14:08:46.004+0000] {logging_mixin.py:188} INFO - [2026-04-13T14:08:46.004+0000] {dagbag.py:545} INFO - Filling up the DagBag from /opt/airflow/dags/weather_pipeline_dag.py
[2026-04-13T14:08:46.032+0000] {processor.py:840} INFO - DAG(s) 'weather_pipeline_dag' retrieved from /opt/airflow/dags/weather_pipeline_dag.py
[2026-04-13T14:08:46.094+0000] {logging_mixin.py:188} INFO - [2026-04-13T14:08:46.094+0000] {dag.py:3089} INFO - Sync 1 DAGs
[2026-04-13T14:08:46.340+0000] {logging_mixin.py:188} INFO - [2026-04-13T14:08:46.340+0000] {dag.py:3947} INFO - Setting next_dagrun for weather_pipeline_dag to 2026-04-13 00:00:00+00:00, run_after=2026-04-14 00:00:00+00:00
[2026-04-13T14:08:46.358+0000] {processor.py:183} INFO - Processing /opt/airflow/dags/weather_pipeline_dag.py took 0.377 seconds
[2026-04-13T14:09:16.600+0000] {processor.py:161} INFO - Started process (PID=17926) to work on /opt/airflow/dags/weather_pipeline_dag.py
[2026-04-13T14:09:16.602+0000] {processor.py:830} INFO - Processing file /opt/airflow/dags/weather_pipeline_dag.py for tasks to queue
[2026-04-13T14:09:16.604+0000] {logging_mixin.py:188} INFO - [2026-04-13T14:09:16.603+0000] {dagbag.py:545} INFO - Filling up the DagBag from /opt/airflow/dags/weather_pipeline_dag.py
[2026-04-13T14:09:16.633+0000] {processor.py:840} INFO - DAG(s) 'weather_pipeline_dag' retrieved from /opt/airflow/dags/weather_pipeline_dag.py
[2026-04-13T14:09:16.705+0000] {logging_mixin.py:188} INFO - [2026-04-13T14:09:16.704+0000] {dag.py:3089} INFO - Sync 1 DAGs
[2026-04-13T14:09:16.942+0000] {logging_mixin.py:188} INFO - [2026-04-13T14:09:16.941+0000] {dag.py:3947} INFO - Setting next_dagrun for weather_pipeline_dag to 2026-04-13 00:00:00+00:00, run_after=2026-04-14 00:00:00+00:00
[2026-04-13T14:09:16.953+0000] {processor.py:183} INFO - Processing /opt/airflow/dags/weather_pipeline_dag.py took 0.362 seconds
[2026-04-13T14:09:47.231+0000] {processor.py:161} INFO - Started process (PID=17931) to work on /opt/airflow/dags/weather_pipeline_dag.py
[2026-04-13T14:09:47.234+0000] {processor.py:830} INFO - Processing file /opt/airflow/dags/weather_pipeline_dag.py for tasks to queue
[2026-04-13T14:09:47.241+0000] {logging_mixin.py:188} INFO - [2026-04-13T14:09:47.239+0000] {dagbag.py:545} INFO - Filling up the DagBag from /opt/airflow/dags/weather_pipeline_dag.py
[2026-04-13T14:09:47.266+0000] {processor.py:840} INFO - DAG(s) 'weather_pipeline_dag' retrieved from /opt/airflow/dags/weather_pipeline_dag.py
[2026-04-13T14:09:47.519+0000] {logging_mixin.py:188} INFO - [2026-04-13T14:09:47.519+0000] {dag.py:3089} INFO - Sync 1 DAGs
[2026-04-13T14:09:47.535+0000] {logging_mixin.py:188} INFO - [2026-04-13T14:09:47.535+0000] {dag.py:3947} INFO - Setting next_dagrun for weather_pipeline_dag to 2026-04-13 00:00:00+00:00, run_after=2026-04-14 00:00:00+00:00
[2026-04-13T14:09:47.545+0000] {processor.py:183} INFO - Processing /opt/airflow/dags/weather_pipeline_dag.py took 0.323 seconds
[2026-04-13T14:10:17.614+0000] {processor.py:161} INFO - Started process (PID=17936) to work on /opt/airflow/dags/weather_pipeline_dag.py
[2026-04-13T14:10:17.617+0000] {processor.py:830} INFO - Processing file /opt/airflow/dags/weather_pipeline_dag.py for tasks to queue
[2026-04-13T14:10:17.619+0000] {logging_mixin.py:188} INFO - [2026-04-13T14:10:17.618+0000] {dagbag.py:545} INFO - Filling up the DagBag from /opt/airflow/dags/weather_pipeline_dag.py
[2026-04-13T14:10:17.644+0000] {processor.py:840} INFO - DAG(s) 'weather_pipeline_dag' retrieved from /opt/airflow/dags/weather_pipeline_dag.py
[2026-04-13T14:10:17.709+0000] {logging_mixin.py:188} INFO - [2026-04-13T14:10:17.709+0000] {dag.py:3089} INFO - Sync 1 DAGs
[2026-04-13T14:10:17.737+0000] {logging_mixin.py:188} INFO - [2026-04-13T14:10:17.736+0000] {dag.py:3947} INFO - Setting next_dagrun for weather_pipeline_dag to 2026-04-13 00:00:00+00:00, run_after=2026-04-14 00:00:00+00:00
[2026-04-13T14:10:17.753+0000] {processor.py:183} INFO - Processing /opt/airflow/dags/weather_pipeline_dag.py took 0.150 seconds
[2026-04-13T14:10:48.087+0000] {processor.py:161} INFO - Started process (PID=17941) to work on /opt/airflow/dags/weather_pipeline_dag.py
[2026-04-13T14:10:48.089+0000] {processor.py:830} INFO - Processing file /opt/airflow/dags/weather_pipeline_dag.py for tasks to queue
[2026-04-13T14:10:48.090+0000] {logging_mixin.py:188} INFO - [2026-04-13T14:10:48.089+0000] {dagbag.py:545} INFO - Filling up the DagBag from /opt/airflow/dags/weather_pipeline_dag.py
[2026-04-13T14:10:48.119+0000] {processor.py:840} INFO - DAG(s) 'weather_pipeline_dag' retrieved from /opt/airflow/dags/weather_pipeline_dag.py
[2026-04-13T14:10:48.174+0000] {logging_mixin.py:188} INFO - [2026-04-13T14:10:48.174+0000] {dag.py:3089} INFO - Sync 1 DAGs
[2026-04-13T14:10:48.209+0000] {logging_mixin.py:188} INFO - [2026-04-13T14:10:48.208+0000] {dag.py:3947} INFO - Setting next_dagrun for weather_pipeline_dag to 2026-04-13 00:00:00+00:00, run_after=2026-04-14 00:00:00+00:00
[2026-04-13T14:10:48.225+0000] {processor.py:183} INFO - Processing /opt/airflow/dags/weather_pipeline_dag.py took 0.153 seconds
[2026-04-13T14:11:18.420+0000] {processor.py:161} INFO - Started process (PID=17946) to work on /opt/airflow/dags/weather_pipeline_dag.py
[2026-04-13T14:11:18.422+0000] {processor.py:830} INFO - Processing file /opt/airflow/dags/weather_pipeline_dag.py for tasks to queue
[2026-04-13T14:11:18.423+0000] {logging_mixin.py:188} INFO - [2026-04-13T14:11:18.423+0000] {dagbag.py:545} INFO - Filling up the DagBag from /opt/airflow/dags/weather_pipeline_dag.py
[2026-04-13T14:11:18.455+0000] {processor.py:840} INFO - DAG(s) 'weather_pipeline_dag' retrieved from /opt/airflow/dags/weather_pipeline_dag.py
[2026-04-13T14:11:18.517+0000] {logging_mixin.py:188} INFO - [2026-04-13T14:11:18.517+0000] {dag.py:3089} INFO - Sync 1 DAGs
[2026-04-13T14:11:18.549+0000] {logging_mixin.py:188} INFO - [2026-04-13T14:11:18.549+0000] {dag.py:3947} INFO - Setting next_dagrun for weather_pipeline_dag to 2026-04-13 00:00:00+00:00, run_after=2026-04-14 00:00:00+00:00
[2026-04-13T14:11:18.749+0000] {processor.py:183} INFO - Processing /opt/airflow/dags/weather_pipeline_dag.py took 0.345 seconds
[2026-04-13T14:11:49.249+0000] {processor.py:161} INFO - Started process (PID=17951) to work on /opt/airflow/dags/weather_pipeline_dag.py
[2026-04-13T14:11:49.254+0000] {processor.py:830} INFO - Processing file /opt/airflow/dags/weather_pipeline_dag.py for tasks to queue
[2026-04-13T14:11:49.269+0000] {logging_mixin.py:188} INFO - [2026-04-13T14:11:49.257+0000] {dagbag.py:545} INFO - Filling up the DagBag from /opt/airflow/dags/weather_pipeline_dag.py
[2026-04-13T14:11:49.329+0000] {processor.py:840} INFO - DAG(s) 'weather_pipeline_dag' retrieved from /opt/airflow/dags/weather_pipeline_dag.py
[2026-04-13T14:11:49.418+0000] {logging_mixin.py:188} INFO - [2026-04-13T14:11:49.418+0000] {dag.py:3089} INFO - Sync 1 DAGs
[2026-04-13T14:11:49.736+0000] {logging_mixin.py:188} INFO - [2026-04-13T14:11:49.736+0000] {dag.py:3947} INFO - Setting next_dagrun for weather_pipeline_dag to 2026-04-13 00:00:00+00:00, run_after=2026-04-14 00:00:00+00:00
[2026-04-13T14:11:49.745+0000] {processor.py:183} INFO - Processing /opt/airflow/dags/weather_pipeline_dag.py took 0.509 seconds
[2026-04-13T14:12:20.113+0000] {processor.py:161} INFO - Started process (PID=17956) to work on /opt/airflow/dags/weather_pipeline_dag.py
[2026-04-13T14:12:20.115+0000] {processor.py:830} INFO - Processing file /opt/airflow/dags/weather_pipeline_dag.py for tasks to queue
[2026-04-13T14:12:20.122+0000] {logging_mixin.py:188} INFO - [2026-04-13T14:12:20.119+0000] {dagbag.py:545} INFO - Filling up the DagBag from /opt/airflow/dags/weather_pipeline_dag.py
[2026-04-13T14:12:20.161+0000] {processor.py:840} INFO - DAG(s) 'weather_pipeline_dag' retrieved from /opt/airflow/dags/weather_pipeline_dag.py
[2026-04-13T14:12:20.213+0000] {logging_mixin.py:188} INFO - [2026-04-13T14:12:20.213+0000] {dag.py:3089} INFO - Sync 1 DAGs
[2026-04-13T14:12:20.439+0000] {logging_mixin.py:188} INFO - [2026-04-13T14:12:20.439+0000] {dag.py:3947} INFO - Setting next_dagrun for weather_pipeline_dag to 2026-04-13 00:00:00+00:00, run_after=2026-04-14 00:00:00+00:00
[2026-04-13T14:12:20.447+0000] {processor.py:183} INFO - Processing /opt/airflow/dags/weather_pipeline_dag.py took 0.353 seconds
[2026-04-13T14:17:46.911+0000] {processor.py:161} INFO - Started process (PID=17961) to work on /opt/airflow/dags/weather_pipeline_dag.py
[2026-04-13T14:17:46.913+0000] {processor.py:830} INFO - Processing file /opt/airflow/dags/weather_pipeline_dag.py for tasks to queue
[2026-04-13T14:17:46.914+0000] {logging_mixin.py:188} INFO - [2026-04-13T14:17:46.913+0000] {dagbag.py:545} INFO - Filling up the DagBag from /opt/airflow/dags/weather_pipeline_dag.py
[2026-04-13T14:17:46.941+0000] {processor.py:840} INFO - DAG(s) 'weather_pipeline_dag' retrieved from /opt/airflow/dags/weather_pipeline_dag.py
[2026-04-13T14:17:47.235+0000] {logging_mixin.py:188} INFO - [2026-04-13T14:17:47.235+0000] {dag.py:3089} INFO - Sync 1 DAGs
[2026-04-13T14:17:47.247+0000] {logging_mixin.py:188} INFO - [2026-04-13T14:17:47.247+0000] {dag.py:3947} INFO - Setting next_dagrun for weather_pipeline_dag to 2026-04-13 00:00:00+00:00, run_after=2026-04-14 00:00:00+00:00
[2026-04-13T14:17:47.260+0000] {processor.py:183} INFO - Processing /opt/airflow/dags/weather_pipeline_dag.py took 0.364 seconds
[2026-04-13T14:18:22.877+0000] {processor.py:161} INFO - Started process (PID=17966) to work on /opt/airflow/dags/weather_pipeline_dag.py
[2026-04-13T14:18:22.879+0000] {processor.py:830} INFO - Processing file /opt/airflow/dags/weather_pipeline_dag.py for tasks to queue
[2026-04-13T14:18:22.882+0000] {logging_mixin.py:188} INFO - [2026-04-13T14:18:22.880+0000] {dagbag.py:545} INFO - Filling up the DagBag from /opt/airflow/dags/weather_pipeline_dag.py
[2026-04-13T14:18:22.907+0000] {processor.py:840} INFO - DAG(s) 'weather_pipeline_dag' retrieved from /opt/airflow/dags/weather_pipeline_dag.py
[2026-04-13T14:18:22.962+0000] {logging_mixin.py:188} INFO - [2026-04-13T14:18:22.961+0000] {dag.py:3089} INFO - Sync 1 DAGs
[2026-04-13T14:18:22.983+0000] {logging_mixin.py:188} INFO - [2026-04-13T14:18:22.982+0000] {dag.py:3947} INFO - Setting next_dagrun for weather_pipeline_dag to 2026-04-13 00:00:00+00:00, run_after=2026-04-14 00:00:00+00:00
[2026-04-13T14:18:23.001+0000] {processor.py:183} INFO - Processing /opt/airflow/dags/weather_pipeline_dag.py took 0.134 seconds
[2026-04-13T14:24:44.758+0000] {processor.py:161} INFO - Started process (PID=17971) to work on /opt/airflow/dags/weather_pipeline_dag.py
[2026-04-13T14:24:44.759+0000] {processor.py:830} INFO - Processing file /opt/airflow/dags/weather_pipeline_dag.py for tasks to queue
[2026-04-13T14:24:44.764+0000] {logging_mixin.py:188} INFO - [2026-04-13T14:24:44.760+0000] {dagbag.py:545} INFO - Filling up the DagBag from /opt/airflow/dags/weather_pipeline_dag.py
[2026-04-13T14:24:44.815+0000] {processor.py:840} INFO - DAG(s) 'weather_pipeline_dag' retrieved from /opt/airflow/dags/weather_pipeline_dag.py
[2026-04-13T14:24:44.895+0000] {logging_mixin.py:188} INFO - [2026-04-13T14:24:44.895+0000] {dag.py:3089} INFO - Sync 1 DAGs
[2026-04-13T14:24:44.937+0000] {logging_mixin.py:188} INFO - [2026-04-13T14:24:44.937+0000] {dag.py:3947} INFO - Setting next_dagrun for weather_pipeline_dag to 2026-04-13 00:00:00+00:00, run_after=2026-04-14 00:00:00+00:00
[2026-04-13T14:24:44.963+0000] {processor.py:183} INFO - Processing /opt/airflow/dags/weather_pipeline_dag.py took 0.222 seconds
[2026-04-13T14:25:15.297+0000] {processor.py:161} INFO - Started process (PID=17976) to work on /opt/airflow/dags/weather_pipeline_dag.py
[2026-04-13T14:25:15.299+0000] {processor.py:830} INFO - Processing file /opt/airflow/dags/weather_pipeline_dag.py for tasks to queue
[2026-04-13T14:25:15.300+0000] {logging_mixin.py:188} INFO - [2026-04-13T14:25:15.300+0000] {dagbag.py:545} INFO - Filling up the DagBag from /opt/airflow/dags/weather_pipeline_dag.py
[2026-04-13T14:25:15.334+0000] {processor.py:840} INFO - DAG(s) 'weather_pipeline_dag' retrieved from /opt/airflow/dags/weather_pipeline_dag.py
[2026-04-13T14:25:15.381+0000] {logging_mixin.py:188} INFO - [2026-04-13T14:25:15.381+0000] {dag.py:3089} INFO - Sync 1 DAGs
[2026-04-13T14:25:15.402+0000] {logging_mixin.py:188} INFO - [2026-04-13T14:25:15.402+0000] {dag.py:3947} INFO - Setting next_dagrun for weather_pipeline_dag to 2026-04-13 00:00:00+00:00, run_after=2026-04-14 00:00:00+00:00
[2026-04-13T14:25:15.611+0000] {processor.py:183} INFO - Processing /opt/airflow/dags/weather_pipeline_dag.py took 0.331 seconds
[2026-04-13T14:25:45.891+0000] {processor.py:161} INFO - Started process (PID=17981) to work on /opt/airflow/dags/weather_pipeline_dag.py
[2026-04-13T14:25:45.893+0000] {processor.py:830} INFO - Processing file /opt/airflow/dags/weather_pipeline_dag.py for tasks to queue
[2026-04-13T14:25:45.894+0000] {logging_mixin.py:188} INFO - [2026-04-13T14:25:45.893+0000] {dagbag.py:545} INFO - Filling up the DagBag from /opt/airflow/dags/weather_pipeline_dag.py
[2026-04-13T14:25:45.928+0000] {processor.py:840} INFO - DAG(s) 'weather_pipeline_dag' retrieved from /opt/airflow/dags/weather_pipeline_dag.py
[2026-04-13T14:25:45.974+0000] {logging_mixin.py:188} INFO - [2026-04-13T14:25:45.974+0000] {dag.py:3089} INFO - Sync 1 DAGs
[2026-04-13T14:25:46.178+0000] {logging_mixin.py:188} INFO - [2026-04-13T14:25:46.178+0000] {dag.py:3947} INFO - Setting next_dagrun for weather_pipeline_dag to 2026-04-13 00:00:00+00:00, run_after=2026-04-14 00:00:00+00:00
[2026-04-13T14:25:46.186+0000] {processor.py:183} INFO - Processing /opt/airflow/dags/weather_pipeline_dag.py took 0.320 seconds
[2026-04-13T14:26:16.428+0000] {processor.py:161} INFO - Started process (PID=17986) to work on /opt/airflow/dags/weather_pipeline_dag.py
[2026-04-13T14:26:16.431+0000] {processor.py:830} INFO - Processing file /opt/airflow/dags/weather_pipeline_dag.py for tasks to queue
[2026-04-13T14:26:16.445+0000] {logging_mixin.py:188} INFO - [2026-04-13T14:26:16.439+0000] {dagbag.py:545} INFO - Filling up the DagBag from /opt/airflow/dags/weather_pipeline_dag.py
[2026-04-13T14:26:16.479+0000] {processor.py:840} INFO - DAG(s) 'weather_pipeline_dag' retrieved from /opt/airflow/dags/weather_pipeline_dag.py
[2026-04-13T14:26:16.531+0000] {logging_mixin.py:188} INFO - [2026-04-13T14:26:16.531+0000] {dag.py:3089} INFO - Sync 1 DAGs
[2026-04-13T14:26:16.749+0000] {logging_mixin.py:188} INFO - [2026-04-13T14:26:16.749+0000] {dag.py:3947} INFO - Setting next_dagrun for weather_pipeline_dag to 2026-04-13 00:00:00+00:00, run_after=2026-04-14 00:00:00+00:00
[2026-04-13T14:26:16.758+0000] {processor.py:183} INFO - Processing /opt/airflow/dags/weather_pipeline_dag.py took 0.343 seconds
[2026-04-13T14:26:47.048+0000] {processor.py:161} INFO - Started process (PID=17991) to work on /opt/airflow/dags/weather_pipeline_dag.py
[2026-04-13T14:26:47.050+0000] {processor.py:830} INFO - Processing file /opt/airflow/dags/weather_pipeline_dag.py for tasks to queue
[2026-04-13T14:26:47.052+0000] {logging_mixin.py:188} INFO - [2026-04-13T14:26:47.051+0000] {dagbag.py:545} INFO - Filling up the DagBag from /opt/airflow/dags/weather_pipeline_dag.py
[2026-04-13T14:26:47.085+0000] {processor.py:840} INFO - DAG(s) 'weather_pipeline_dag' retrieved from /opt/airflow/dags/weather_pipeline_dag.py
[2026-04-13T14:26:47.329+0000] {logging_mixin.py:188} INFO - [2026-04-13T14:26:47.329+0000] {dag.py:3089} INFO - Sync 1 DAGs
[2026-04-13T14:26:47.341+0000] {logging_mixin.py:188} INFO - [2026-04-13T14:26:47.341+0000] {dag.py:3947} INFO - Setting next_dagrun for weather_pipeline_dag to 2026-04-13 00:00:00+00:00, run_after=2026-04-14 00:00:00+00:00
[2026-04-13T14:26:47.352+0000] {processor.py:183} INFO - Processing /opt/airflow/dags/weather_pipeline_dag.py took 0.317 seconds
[2026-04-13T14:27:33.377+0000] {processor.py:161} INFO - Started process (PID=17996) to work on /opt/airflow/dags/weather_pipeline_dag.py
[2026-04-13T14:27:33.379+0000] {processor.py:830} INFO - Processing file /opt/airflow/dags/weather_pipeline_dag.py for tasks to queue
[2026-04-13T14:27:33.380+0000] {logging_mixin.py:188} INFO - [2026-04-13T14:27:33.380+0000] {dagbag.py:545} INFO - Filling up the DagBag from /opt/airflow/dags/weather_pipeline_dag.py
[2026-04-13T14:27:33.410+0000] {processor.py:840} INFO - DAG(s) 'weather_pipeline_dag' retrieved from /opt/airflow/dags/weather_pipeline_dag.py
[2026-04-13T14:27:33.466+0000] {logging_mixin.py:188} INFO - [2026-04-13T14:27:33.466+0000] {dag.py:3089} INFO - Sync 1 DAGs
[2026-04-13T14:27:33.490+0000] {logging_mixin.py:188} INFO - [2026-04-13T14:27:33.490+0000] {dag.py:3947} INFO - Setting next_dagrun for weather_pipeline_dag to 2026-04-13 00:00:00+00:00, run_after=2026-04-14 00:00:00+00:00
[2026-04-13T14:27:33.504+0000] {processor.py:183} INFO - Processing /opt/airflow/dags/weather_pipeline_dag.py took 0.138 seconds
[2026-04-13T15:00:56.218+0000] {processor.py:161} INFO - Started process (PID=18001) to work on /opt/airflow/dags/weather_pipeline_dag.py
[2026-04-13T15:00:56.221+0000] {processor.py:830} INFO - Processing file /opt/airflow/dags/weather_pipeline_dag.py for tasks to queue
[2026-04-13T15:00:56.224+0000] {logging_mixin.py:188} INFO - [2026-04-13T15:00:56.223+0000] {dagbag.py:545} INFO - Filling up the DagBag from /opt/airflow/dags/weather_pipeline_dag.py
[2026-04-13T15:00:56.267+0000] {processor.py:840} INFO - DAG(s) 'weather_pipeline_dag' retrieved from /opt/airflow/dags/weather_pipeline_dag.py
[2026-04-13T15:00:56.413+0000] {logging_mixin.py:188} INFO - [2026-04-13T15:00:56.410+0000] {dag.py:3089} INFO - Sync 1 DAGs
[2026-04-13T15:00:56.479+0000] {logging_mixin.py:188} INFO - [2026-04-13T15:00:56.479+0000] {dag.py:3947} INFO - Setting next_dagrun for weather_pipeline_dag to 2026-04-13 00:00:00+00:00, run_after=2026-04-14 00:00:00+00:00
[2026-04-13T15:00:56.507+0000] {processor.py:183} INFO - Processing /opt/airflow/dags/weather_pipeline_dag.py took 0.319 seconds
[2026-04-13T15:36:10.263+0000] {processor.py:161} INFO - Started process (PID=18006) to work on /opt/airflow/dags/weather_pipeline_dag.py
[2026-04-13T15:36:10.265+0000] {processor.py:830} INFO - Processing file /opt/airflow/dags/weather_pipeline_dag.py for tasks to queue
[2026-04-13T15:36:10.269+0000] {logging_mixin.py:188} INFO - [2026-04-13T15:36:10.268+0000] {dagbag.py:545} INFO - Filling up the DagBag from /opt/airflow/dags/weather_pipeline_dag.py
[2026-04-13T15:36:10.341+0000] {processor.py:840} INFO - DAG(s) 'weather_pipeline_dag' retrieved from /opt/airflow/dags/weather_pipeline_dag.py
[2026-04-13T15:36:10.396+0000] {logging_mixin.py:188} INFO - [2026-04-13T15:36:10.396+0000] {dag.py:3089} INFO - Sync 1 DAGs
[2026-04-13T15:36:10.425+0000] {logging_mixin.py:188} INFO - [2026-04-13T15:36:10.425+0000] {dag.py:3947} INFO - Setting next_dagrun for weather_pipeline_dag to 2026-04-13 00:00:00+00:00, run_after=2026-04-14 00:00:00+00:00
[2026-04-13T15:36:10.449+0000] {processor.py:183} INFO - Processing /opt/airflow/dags/weather_pipeline_dag.py took 0.200 seconds
[2026-04-13T15:37:05.981+0000] {processor.py:161} INFO - Started process (PID=18011) to work on /opt/airflow/dags/weather_pipeline_dag.py
[2026-04-13T15:37:05.983+0000] {processor.py:830} INFO - Processing file /opt/airflow/dags/weather_pipeline_dag.py for tasks to queue
[2026-04-13T15:37:05.984+0000] {logging_mixin.py:188} INFO - [2026-04-13T15:37:05.983+0000] {dagbag.py:545} INFO - Filling up the DagBag from /opt/airflow/dags/weather_pipeline_dag.py
[2026-04-13T15:37:06.011+0000] {processor.py:840} INFO - DAG(s) 'weather_pipeline_dag' retrieved from /opt/airflow/dags/weather_pipeline_dag.py
[2026-04-13T15:37:06.057+0000] {logging_mixin.py:188} INFO - [2026-04-13T15:37:06.057+0000] {dag.py:3089} INFO - Sync 1 DAGs
[2026-04-13T15:37:06.344+0000] {logging_mixin.py:188} INFO - [2026-04-13T15:37:06.344+0000] {dag.py:3947} INFO - Setting next_dagrun for weather_pipeline_dag to 2026-04-13 00:00:00+00:00, run_after=2026-04-14 00:00:00+00:00
[2026-04-13T15:37:06.354+0000] {processor.py:183} INFO - Processing /opt/airflow/dags/weather_pipeline_dag.py took 0.409 seconds
[2026-04-13T15:53:22.258+0000] {processor.py:161} INFO - Started process (PID=18016) to work on /opt/airflow/dags/weather_pipeline_dag.py
[2026-04-13T15:53:22.260+0000] {processor.py:830} INFO - Processing file /opt/airflow/dags/weather_pipeline_dag.py for tasks to queue
[2026-04-13T15:53:22.262+0000] {logging_mixin.py:188} INFO - [2026-04-13T15:53:22.261+0000] {dagbag.py:545} INFO - Filling up the DagBag from /opt/airflow/dags/weather_pipeline_dag.py
[2026-04-13T15:53:22.287+0000] {processor.py:840} INFO - DAG(s) 'weather_pipeline_dag' retrieved from /opt/airflow/dags/weather_pipeline_dag.py
[2026-04-13T15:53:22.341+0000] {logging_mixin.py:188} INFO - [2026-04-13T15:53:22.341+0000] {dag.py:3089} INFO - Sync 1 DAGs
[2026-04-13T15:53:22.546+0000] {logging_mixin.py:188} INFO - [2026-04-13T15:53:22.546+0000] {dag.py:3947} INFO - Setting next_dagrun for weather_pipeline_dag to 2026-04-13 00:00:00+00:00, run_after=2026-04-14 00:00:00+00:00
[2026-04-13T15:53:22.555+0000] {processor.py:183} INFO - Processing /opt/airflow/dags/weather_pipeline_dag.py took 0.310 seconds
[2026-04-13T16:44:28.043+0000] {processor.py:161} INFO - Started process (PID=18021) to work on /opt/airflow/dags/weather_pipeline_dag.py
[2026-04-13T16:44:28.048+0000] {processor.py:830} INFO - Processing file /opt/airflow/dags/weather_pipeline_dag.py for tasks to queue
[2026-04-13T16:44:28.050+0000] {logging_mixin.py:188} INFO - [2026-04-13T16:44:28.049+0000] {dagbag.py:545} INFO - Filling up the DagBag from /opt/airflow/dags/weather_pipeline_dag.py
[2026-04-13T16:44:28.087+0000] {processor.py:840} INFO - DAG(s) 'weather_pipeline_dag' retrieved from /opt/airflow/dags/weather_pipeline_dag.py
[2026-04-13T16:44:28.423+0000] {logging_mixin.py:188} INFO - [2026-04-13T16:44:28.423+0000] {dag.py:3089} INFO - Sync 1 DAGs
[2026-04-13T16:44:28.440+0000] {logging_mixin.py:188} INFO - [2026-04-13T16:44:28.439+0000] {dag.py:3947} INFO - Setting next_dagrun for weather_pipeline_dag to 2026-04-13 00:00:00+00:00, run_after=2026-04-14 00:00:00+00:00
[2026-04-13T16:44:28.474+0000] {processor.py:183} INFO - Processing /opt/airflow/dags/weather_pipeline_dag.py took 0.443 seconds
[2026-04-13T17:28:11.491+0000] {processor.py:161} INFO - Started process (PID=18026) to work on /opt/airflow/dags/weather_pipeline_dag.py
[2026-04-13T17:28:11.494+0000] {processor.py:830} INFO - Processing file /opt/airflow/dags/weather_pipeline_dag.py for tasks to queue
[2026-04-13T17:28:11.498+0000] {logging_mixin.py:188} INFO - [2026-04-13T17:28:11.497+0000] {dagbag.py:545} INFO - Filling up the DagBag from /opt/airflow/dags/weather_pipeline_dag.py
[2026-04-13T17:28:11.533+0000] {processor.py:840} INFO - DAG(s) 'weather_pipeline_dag' retrieved from /opt/airflow/dags/weather_pipeline_dag.py
[2026-04-13T17:28:11.623+0000] {logging_mixin.py:188} INFO - [2026-04-13T17:28:11.622+0000] {dag.py:3089} INFO - Sync 1 DAGs
[2026-04-13T17:28:11.682+0000] {logging_mixin.py:188} INFO - [2026-04-13T17:28:11.682+0000] {dag.py:3947} INFO - Setting next_dagrun for weather_pipeline_dag to 2026-04-13 00:00:00+00:00, run_after=2026-04-14 00:00:00+00:00
[2026-04-13T17:28:11.710+0000] {processor.py:183} INFO - Processing /opt/airflow/dags/weather_pipeline_dag.py took 0.234 seconds
[2026-04-13T17:44:18.551+0000] {processor.py:161} INFO - Started process (PID=18031) to work on /opt/airflow/dags/weather_pipeline_dag.py
[2026-04-13T17:44:18.552+0000] {processor.py:830} INFO - Processing file /opt/airflow/dags/weather_pipeline_dag.py for tasks to queue
[2026-04-13T17:44:18.554+0000] {logging_mixin.py:188} INFO - [2026-04-13T17:44:18.553+0000] {dagbag.py:545} INFO - Filling up the DagBag from /opt/airflow/dags/weather_pipeline_dag.py
[2026-04-13T17:44:18.581+0000] {processor.py:840} INFO - DAG(s) 'weather_pipeline_dag' retrieved from /opt/airflow/dags/weather_pipeline_dag.py
[2026-04-13T17:44:18.623+0000] {logging_mixin.py:188} INFO - [2026-04-13T17:44:18.623+0000] {dag.py:3089} INFO - Sync 1 DAGs
[2026-04-13T17:44:18.650+0000] {logging_mixin.py:188} INFO - [2026-04-13T17:44:18.649+0000] {dag.py:3947} INFO - Setting next_dagrun for weather_pipeline_dag to 2026-04-13 00:00:00+00:00, run_after=2026-04-14 00:00:00+00:00
[2026-04-13T17:44:18.661+0000] {processor.py:183} INFO - Processing /opt/airflow/dags/weather_pipeline_dag.py took 0.122 seconds
[2026-04-13T18:29:06.932+0000] {processor.py:161} INFO - Started process (PID=18036) to work on /opt/airflow/dags/weather_pipeline_dag.py
[2026-04-13T18:29:06.934+0000] {processor.py:830} INFO - Processing file /opt/airflow/dags/weather_pipeline_dag.py for tasks to queue
[2026-04-13T18:29:06.935+0000] {logging_mixin.py:188} INFO - [2026-04-13T18:29:06.934+0000] {dagbag.py:545} INFO - Filling up the DagBag from /opt/airflow/dags/weather_pipeline_dag.py
[2026-04-13T18:29:06.980+0000] {processor.py:840} INFO - DAG(s) 'weather_pipeline_dag' retrieved from /opt/airflow/dags/weather_pipeline_dag.py
[2026-04-13T18:29:07.022+0000] {logging_mixin.py:188} INFO - [2026-04-13T18:29:07.022+0000] {dag.py:3089} INFO - Sync 1 DAGs
[2026-04-13T18:29:07.056+0000] {logging_mixin.py:188} INFO - [2026-04-13T18:29:07.056+0000] {dag.py:3947} INFO - Setting next_dagrun for weather_pipeline_dag to 2026-04-13 00:00:00+00:00, run_after=2026-04-14 00:00:00+00:00
[2026-04-13T18:29:07.069+0000] {processor.py:183} INFO - Processing /opt/airflow/dags/weather_pipeline_dag.py took 0.158 seconds
[2026-04-13T19:20:09.070+0000] {processor.py:161} INFO - Started process (PID=18041) to work on /opt/airflow/dags/weather_pipeline_dag.py
[2026-04-13T19:20:09.074+0000] {processor.py:830} INFO - Processing file /opt/airflow/dags/weather_pipeline_dag.py for tasks to queue
[2026-04-13T19:20:09.077+0000] {logging_mixin.py:188} INFO - [2026-04-13T19:20:09.077+0000] {dagbag.py:545} INFO - Filling up the DagBag from /opt/airflow/dags/weather_pipeline_dag.py
[2026-04-13T19:20:09.104+0000] {processor.py:840} INFO - DAG(s) 'weather_pipeline_dag' retrieved from /opt/airflow/dags/weather_pipeline_dag.py
[2026-04-13T19:20:09.255+0000] {logging_mixin.py:188} INFO - [2026-04-13T19:20:09.255+0000] {dag.py:3089} INFO - Sync 1 DAGs
[2026-04-13T19:20:09.515+0000] {logging_mixin.py:188} INFO - [2026-04-13T19:20:09.514+0000] {dag.py:3947} INFO - Setting next_dagrun for weather_pipeline_dag to 2026-04-13 00:00:00+00:00, run_after=2026-04-14 00:00:00+00:00
[2026-04-13T19:20:09.525+0000] {processor.py:183} INFO - Processing /opt/airflow/dags/weather_pipeline_dag.py took 0.477 seconds
[2026-04-13T20:20:45.663+0000] {processor.py:161} INFO - Started process (PID=18046) to work on /opt/airflow/dags/weather_pipeline_dag.py
[2026-04-13T20:20:45.665+0000] {processor.py:830} INFO - Processing file /opt/airflow/dags/weather_pipeline_dag.py for tasks to queue
[2026-04-13T20:20:45.666+0000] {logging_mixin.py:188} INFO - [2026-04-13T20:20:45.666+0000] {dagbag.py:545} INFO - Filling up the DagBag from /opt/airflow/dags/weather_pipeline_dag.py
[2026-04-13T20:20:45.689+0000] {processor.py:840} INFO - DAG(s) 'weather_pipeline_dag' retrieved from /opt/airflow/dags/weather_pipeline_dag.py
[2026-04-13T20:20:45.724+0000] {logging_mixin.py:188} INFO - [2026-04-13T20:20:45.723+0000] {dag.py:3089} INFO - Sync 1 DAGs
[2026-04-13T20:20:45.956+0000] {logging_mixin.py:188} INFO - [2026-04-13T20:20:45.956+0000] {dag.py:3947} INFO - Setting next_dagrun for weather_pipeline_dag to 2026-04-13 00:00:00+00:00, run_after=2026-04-14 00:00:00+00:00
[2026-04-13T20:20:45.963+0000] {processor.py:183} INFO - Processing /opt/airflow/dags/weather_pipeline_dag.py took 0.310 seconds
[2026-04-13T21:18:35.618+0000] {processor.py:161} INFO - Started process (PID=18051) to work on /opt/airflow/dags/weather_pipeline_dag.py
[2026-04-13T21:18:35.620+0000] {processor.py:830} INFO - Processing file /opt/airflow/dags/weather_pipeline_dag.py for tasks to queue
[2026-04-13T21:18:35.621+0000] {logging_mixin.py:188} INFO - [2026-04-13T21:18:35.620+0000] {dagbag.py:545} INFO - Filling up the DagBag from /opt/airflow/dags/weather_pipeline_dag.py
[2026-04-13T21:18:35.661+0000] {processor.py:840} INFO - DAG(s) 'weather_pipeline_dag' retrieved from /opt/airflow/dags/weather_pipeline_dag.py
[2026-04-13T21:18:35.961+0000] {logging_mixin.py:188} INFO - [2026-04-13T21:18:35.960+0000] {dag.py:3089} INFO - Sync 1 DAGs
[2026-04-13T21:18:35.979+0000] {logging_mixin.py:188} INFO - [2026-04-13T21:18:35.978+0000] {dag.py:3947} INFO - Setting next_dagrun for weather_pipeline_dag to 2026-04-13 00:00:00+00:00, run_after=2026-04-14 00:00:00+00:00
[2026-04-13T21:18:35.987+0000] {processor.py:183} INFO - Processing /opt/airflow/dags/weather_pipeline_dag.py took 0.382 seconds
[2026-04-13T22:05:17.062+0000] {processor.py:161} INFO - Started process (PID=18056) to work on /opt/airflow/dags/weather_pipeline_dag.py
[2026-04-13T22:05:17.064+0000] {processor.py:830} INFO - Processing file /opt/airflow/dags/weather_pipeline_dag.py for tasks to queue
[2026-04-13T22:05:17.068+0000] {logging_mixin.py:188} INFO - [2026-04-13T22:05:17.065+0000] {dagbag.py:545} INFO - Filling up the DagBag from /opt/airflow/dags/weather_pipeline_dag.py
[2026-04-13T22:05:17.392+0000] {processor.py:840} INFO - DAG(s) 'weather_pipeline_dag' retrieved from /opt/airflow/dags/weather_pipeline_dag.py
[2026-04-13T22:05:17.431+0000] {logging_mixin.py:188} INFO - [2026-04-13T22:05:17.431+0000] {dag.py:3089} INFO - Sync 1 DAGs
[2026-04-13T22:05:17.444+0000] {logging_mixin.py:188} INFO - [2026-04-13T22:05:17.444+0000] {dag.py:3947} INFO - Setting next_dagrun for weather_pipeline_dag to 2026-04-13 00:00:00+00:00, run_after=2026-04-14 00:00:00+00:00
[2026-04-13T22:05:17.453+0000] {processor.py:183} INFO - Processing /opt/airflow/dags/weather_pipeline_dag.py took 0.404 seconds
[2026-04-13T22:54:10.289+0000] {processor.py:161} INFO - Started process (PID=18061) to work on /opt/airflow/dags/weather_pipeline_dag.py
[2026-04-13T22:54:10.290+0000] {processor.py:830} INFO - Processing file /opt/airflow/dags/weather_pipeline_dag.py for tasks to queue
[2026-04-13T22:54:10.292+0000] {logging_mixin.py:188} INFO - [2026-04-13T22:54:10.291+0000] {dagbag.py:545} INFO - Filling up the DagBag from /opt/airflow/dags/weather_pipeline_dag.py
[2026-04-13T22:54:10.318+0000] {processor.py:840} INFO - DAG(s) 'weather_pipeline_dag' retrieved from /opt/airflow/dags/weather_pipeline_dag.py
[2026-04-13T22:54:10.357+0000] {logging_mixin.py:188} INFO - [2026-04-13T22:54:10.356+0000] {dag.py:3089} INFO - Sync 1 DAGs
[2026-04-13T22:54:10.379+0000] {logging_mixin.py:188} INFO - [2026-04-13T22:54:10.379+0000] {dag.py:3947} INFO - Setting next_dagrun for weather_pipeline_dag to 2026-04-13 00:00:00+00:00, run_after=2026-04-14 00:00:00+00:00
[2026-04-13T22:54:10.394+0000] {processor.py:183} INFO - Processing /opt/airflow/dags/weather_pipeline_dag.py took 0.122 seconds
[2026-04-13T23:34:14.231+0000] {processor.py:161} INFO - Started process (PID=18066) to work on /opt/airflow/dags/weather_pipeline_dag.py
[2026-04-13T23:34:14.234+0000] {processor.py:830} INFO - Processing file /opt/airflow/dags/weather_pipeline_dag.py for tasks to queue
[2026-04-13T23:34:14.235+0000] {logging_mixin.py:188} INFO - [2026-04-13T23:34:14.235+0000] {dagbag.py:545} INFO - Filling up the DagBag from /opt/airflow/dags/weather_pipeline_dag.py
[2026-04-13T23:34:14.257+0000] {processor.py:840} INFO - DAG(s) 'weather_pipeline_dag' retrieved from /opt/airflow/dags/weather_pipeline_dag.py
[2026-04-13T23:34:14.295+0000] {logging_mixin.py:188} INFO - [2026-04-13T23:34:14.295+0000] {dag.py:3089} INFO - Sync 1 DAGs
[2026-04-13T23:34:14.312+0000] {logging_mixin.py:188} INFO - [2026-04-13T23:34:14.311+0000] {dag.py:3947} INFO - Setting next_dagrun for weather_pipeline_dag to 2026-04-13 00:00:00+00:00, run_after=2026-04-14 00:00:00+00:00
[2026-04-13T23:34:14.323+0000] {processor.py:183} INFO - Processing /opt/airflow/dags/weather_pipeline_dag.py took 0.108 seconds
