[2026-04-15T00:47:04.882+0000] {processor.py:161} INFO - Started process (PID=18749) to work on /opt/airflow/dags/weather_pipeline_dag.py
[2026-04-15T00:47:04.887+0000] {processor.py:830} INFO - Processing file /opt/airflow/dags/weather_pipeline_dag.py for tasks to queue
[2026-04-15T00:47:04.890+0000] {logging_mixin.py:188} INFO - [2026-04-15T00:47:04.889+0000] {dagbag.py:545} INFO - Filling up the DagBag from /opt/airflow/dags/weather_pipeline_dag.py
[2026-04-15T00:47:04.920+0000] {processor.py:840} INFO - DAG(s) 'weather_pipeline_dag' retrieved from /opt/airflow/dags/weather_pipeline_dag.py
[2026-04-15T00:47:04.955+0000] {logging_mixin.py:188} INFO - [2026-04-15T00:47:04.955+0000] {dag.py:3089} INFO - Sync 1 DAGs
[2026-04-15T00:47:04.987+0000] {logging_mixin.py:188} INFO - [2026-04-15T00:47:04.986+0000] {dag.py:3947} INFO - Setting next_dagrun for weather_pipeline_dag to 2026-04-15 00:00:00+00:00, run_after=2026-04-16 00:00:00+00:00
[2026-04-15T00:47:05.004+0000] {processor.py:183} INFO - Processing /opt/airflow/dags/weather_pipeline_dag.py took 0.145 seconds
[2026-04-15T00:58:04.868+0000] {processor.py:161} INFO - Started process (PID=18757) to work on /opt/airflow/dags/weather_pipeline_dag.py
[2026-04-15T00:58:04.871+0000] {processor.py:830} INFO - Processing file /opt/airflow/dags/weather_pipeline_dag.py for tasks to queue
[2026-04-15T00:58:04.875+0000] {logging_mixin.py:188} INFO - [2026-04-15T00:58:04.874+0000] {dagbag.py:545} INFO - Filling up the DagBag from /opt/airflow/dags/weather_pipeline_dag.py
[2026-04-15T00:58:04.964+0000] {processor.py:840} INFO - DAG(s) 'weather_pipeline_dag' retrieved from /opt/airflow/dags/weather_pipeline_dag.py
[2026-04-15T00:58:05.091+0000] {logging_mixin.py:188} INFO - [2026-04-15T00:58:05.091+0000] {dag.py:3089} INFO - Sync 1 DAGs
[2026-04-15T00:58:05.146+0000] {logging_mixin.py:188} INFO - [2026-04-15T00:58:05.145+0000] {dag.py:3947} INFO - Setting next_dagrun for weather_pipeline_dag to 2026-04-15 00:00:00+00:00, run_after=2026-04-16 00:00:00+00:00
[2026-04-15T00:58:05.179+0000] {processor.py:183} INFO - Processing /opt/airflow/dags/weather_pipeline_dag.py took 0.344 seconds
[2026-04-15T01:49:02.820+0000] {processor.py:161} INFO - Started process (PID=18762) to work on /opt/airflow/dags/weather_pipeline_dag.py
[2026-04-15T01:49:02.822+0000] {processor.py:830} INFO - Processing file /opt/airflow/dags/weather_pipeline_dag.py for tasks to queue
[2026-04-15T01:49:02.833+0000] {logging_mixin.py:188} INFO - [2026-04-15T01:49:02.832+0000] {dagbag.py:545} INFO - Filling up the DagBag from /opt/airflow/dags/weather_pipeline_dag.py
[2026-04-15T01:49:02.895+0000] {processor.py:840} INFO - DAG(s) 'weather_pipeline_dag' retrieved from /opt/airflow/dags/weather_pipeline_dag.py
[2026-04-15T01:49:02.935+0000] {logging_mixin.py:188} INFO - [2026-04-15T01:49:02.935+0000] {dag.py:3089} INFO - Sync 1 DAGs
[2026-04-15T01:49:02.957+0000] {logging_mixin.py:188} INFO - [2026-04-15T01:49:02.957+0000] {dag.py:3947} INFO - Setting next_dagrun for weather_pipeline_dag to 2026-04-15 00:00:00+00:00, run_after=2026-04-16 00:00:00+00:00
[2026-04-15T01:49:02.976+0000] {processor.py:183} INFO - Processing /opt/airflow/dags/weather_pipeline_dag.py took 0.172 seconds
[2026-04-15T02:15:45.675+0000] {processor.py:161} INFO - Started process (PID=18767) to work on /opt/airflow/dags/weather_pipeline_dag.py
[2026-04-15T02:15:45.677+0000] {processor.py:830} INFO - Processing file /opt/airflow/dags/weather_pipeline_dag.py for tasks to queue
[2026-04-15T02:15:45.679+0000] {logging_mixin.py:188} INFO - [2026-04-15T02:15:45.678+0000] {dagbag.py:545} INFO - Filling up the DagBag from /opt/airflow/dags/weather_pipeline_dag.py
[2026-04-15T02:15:45.713+0000] {processor.py:840} INFO - DAG(s) 'weather_pipeline_dag' retrieved from /opt/airflow/dags/weather_pipeline_dag.py
[2026-04-15T02:15:45.756+0000] {logging_mixin.py:188} INFO - [2026-04-15T02:15:45.756+0000] {dag.py:3089} INFO - Sync 1 DAGs
[2026-04-15T02:15:45.773+0000] {logging_mixin.py:188} INFO - [2026-04-15T02:15:45.773+0000] {dag.py:3947} INFO - Setting next_dagrun for weather_pipeline_dag to 2026-04-15 00:00:00+00:00, run_after=2026-04-16 00:00:00+00:00
[2026-04-15T02:15:45.788+0000] {processor.py:183} INFO - Processing /opt/airflow/dags/weather_pipeline_dag.py took 0.121 seconds
[2026-04-15T02:39:54.431+0000] {processor.py:161} INFO - Started process (PID=18772) to work on /opt/airflow/dags/weather_pipeline_dag.py
[2026-04-15T02:39:54.436+0000] {processor.py:830} INFO - Processing file /opt/airflow/dags/weather_pipeline_dag.py for tasks to queue
[2026-04-15T02:39:54.440+0000] {logging_mixin.py:188} INFO - [2026-04-15T02:39:54.438+0000] {dagbag.py:545} INFO - Filling up the DagBag from /opt/airflow/dags/weather_pipeline_dag.py
[2026-04-15T02:39:54.471+0000] {processor.py:840} INFO - DAG(s) 'weather_pipeline_dag' retrieved from /opt/airflow/dags/weather_pipeline_dag.py
[2026-04-15T02:39:54.511+0000] {logging_mixin.py:188} INFO - [2026-04-15T02:39:54.511+0000] {dag.py:3089} INFO - Sync 1 DAGs
[2026-04-15T02:39:54.533+0000] {logging_mixin.py:188} INFO - [2026-04-15T02:39:54.533+0000] {dag.py:3947} INFO - Setting next_dagrun for weather_pipeline_dag to 2026-04-15 00:00:00+00:00, run_after=2026-04-16 00:00:00+00:00
[2026-04-15T02:39:54.549+0000] {processor.py:183} INFO - Processing /opt/airflow/dags/weather_pipeline_dag.py took 0.132 seconds
[2026-04-15T03:05:47.786+0000] {processor.py:161} INFO - Started process (PID=18777) to work on /opt/airflow/dags/weather_pipeline_dag.py
[2026-04-15T03:05:47.787+0000] {processor.py:830} INFO - Processing file /opt/airflow/dags/weather_pipeline_dag.py for tasks to queue
[2026-04-15T03:05:47.788+0000] {logging_mixin.py:188} INFO - [2026-04-15T03:05:47.788+0000] {dagbag.py:545} INFO - Filling up the DagBag from /opt/airflow/dags/weather_pipeline_dag.py
[2026-04-15T03:05:47.818+0000] {processor.py:840} INFO - DAG(s) 'weather_pipeline_dag' retrieved from /opt/airflow/dags/weather_pipeline_dag.py
[2026-04-15T03:05:47.908+0000] {logging_mixin.py:188} INFO - [2026-04-15T03:05:47.907+0000] {dag.py:3089} INFO - Sync 1 DAGs
[2026-04-15T03:05:47.950+0000] {logging_mixin.py:188} INFO - [2026-04-15T03:05:47.950+0000] {dag.py:3947} INFO - Setting next_dagrun for weather_pipeline_dag to 2026-04-15 00:00:00+00:00, run_after=2026-04-16 00:00:00+00:00
[2026-04-15T03:05:47.962+0000] {processor.py:183} INFO - Processing /opt/airflow/dags/weather_pipeline_dag.py took 0.190 seconds
[2026-04-15T04:01:06.429+0000] {processor.py:161} INFO - Started process (PID=18782) to work on /opt/airflow/dags/weather_pipeline_dag.py
[2026-04-15T04:01:06.431+0000] {processor.py:830} INFO - Processing file /opt/airflow/dags/weather_pipeline_dag.py for tasks to queue
[2026-04-15T04:01:06.432+0000] {logging_mixin.py:188} INFO - [2026-04-15T04:01:06.432+0000] {dagbag.py:545} INFO - Filling up the DagBag from /opt/airflow/dags/weather_pipeline_dag.py
[2026-04-15T04:01:06.469+0000] {processor.py:840} INFO - DAG(s) 'weather_pipeline_dag' retrieved from /opt/airflow/dags/weather_pipeline_dag.py
[2026-04-15T04:01:06.583+0000] {logging_mixin.py:188} INFO - [2026-04-15T04:01:06.583+0000] {dag.py:3089} INFO - Sync 1 DAGs
[2026-04-15T04:01:06.614+0000] {logging_mixin.py:188} INFO - [2026-04-15T04:01:06.613+0000] {dag.py:3947} INFO - Setting next_dagrun for weather_pipeline_dag to 2026-04-15 00:00:00+00:00, run_after=2026-04-16 00:00:00+00:00
[2026-04-15T04:01:06.625+0000] {processor.py:183} INFO - Processing /opt/airflow/dags/weather_pipeline_dag.py took 0.210 seconds
[2026-04-15T04:49:41.353+0000] {processor.py:161} INFO - Started process (PID=18787) to work on /opt/airflow/dags/weather_pipeline_dag.py
[2026-04-15T04:49:41.354+0000] {processor.py:830} INFO - Processing file /opt/airflow/dags/weather_pipeline_dag.py for tasks to queue
[2026-04-15T04:49:41.356+0000] {logging_mixin.py:188} INFO - [2026-04-15T04:49:41.355+0000] {dagbag.py:545} INFO - Filling up the DagBag from /opt/airflow/dags/weather_pipeline_dag.py
[2026-04-15T04:49:41.378+0000] {processor.py:840} INFO - DAG(s) 'weather_pipeline_dag' retrieved from /opt/airflow/dags/weather_pipeline_dag.py
[2026-04-15T04:49:41.427+0000] {logging_mixin.py:188} INFO - [2026-04-15T04:49:41.426+0000] {dag.py:3089} INFO - Sync 1 DAGs
[2026-04-15T04:49:41.452+0000] {logging_mixin.py:188} INFO - [2026-04-15T04:49:41.452+0000] {dag.py:3947} INFO - Setting next_dagrun for weather_pipeline_dag to 2026-04-15 00:00:00+00:00, run_after=2026-04-16 00:00:00+00:00
[2026-04-15T04:49:41.467+0000] {processor.py:183} INFO - Processing /opt/airflow/dags/weather_pipeline_dag.py took 0.122 seconds
[2026-04-15T05:35:27.236+0000] {processor.py:161} INFO - Started process (PID=18792) to work on /opt/airflow/dags/weather_pipeline_dag.py
[2026-04-15T05:35:27.245+0000] {processor.py:830} INFO - Processing file /opt/airflow/dags/weather_pipeline_dag.py for tasks to queue
[2026-04-15T05:35:27.256+0000] {logging_mixin.py:188} INFO - [2026-04-15T05:35:27.253+0000] {dagbag.py:545} INFO - Filling up the DagBag from /opt/airflow/dags/weather_pipeline_dag.py
[2026-04-15T05:35:27.355+0000] {processor.py:840} INFO - DAG(s) 'weather_pipeline_dag' retrieved from /opt/airflow/dags/weather_pipeline_dag.py
[2026-04-15T05:35:27.484+0000] {logging_mixin.py:188} INFO - [2026-04-15T05:35:27.483+0000] {dag.py:3089} INFO - Sync 1 DAGs
[2026-04-15T05:35:27.531+0000] {logging_mixin.py:188} INFO - [2026-04-15T05:35:27.530+0000] {dag.py:3947} INFO - Setting next_dagrun for weather_pipeline_dag to 2026-04-15 00:00:00+00:00, run_after=2026-04-16 00:00:00+00:00
[2026-04-15T05:35:27.561+0000] {processor.py:183} INFO - Processing /opt/airflow/dags/weather_pipeline_dag.py took 0.372 seconds
[2026-04-15T06:19:14.870+0000] {processor.py:161} INFO - Started process (PID=18797) to work on /opt/airflow/dags/weather_pipeline_dag.py
[2026-04-15T06:19:14.872+0000] {processor.py:830} INFO - Processing file /opt/airflow/dags/weather_pipeline_dag.py for tasks to queue
[2026-04-15T06:19:14.875+0000] {logging_mixin.py:188} INFO - [2026-04-15T06:19:14.873+0000] {dagbag.py:545} INFO - Filling up the DagBag from /opt/airflow/dags/weather_pipeline_dag.py
[2026-04-15T06:19:14.911+0000] {processor.py:840} INFO - DAG(s) 'weather_pipeline_dag' retrieved from /opt/airflow/dags/weather_pipeline_dag.py
[2026-04-15T06:19:14.953+0000] {logging_mixin.py:188} INFO - [2026-04-15T06:19:14.952+0000] {dag.py:3089} INFO - Sync 1 DAGs
[2026-04-15T06:19:14.982+0000] {logging_mixin.py:188} INFO - [2026-04-15T06:19:14.982+0000] {dag.py:3947} INFO - Setting next_dagrun for weather_pipeline_dag to 2026-04-15 00:00:00+00:00, run_after=2026-04-16 00:00:00+00:00
[2026-04-15T06:19:14.997+0000] {processor.py:183} INFO - Processing /opt/airflow/dags/weather_pipeline_dag.py took 0.147 seconds
[2026-04-15T07:04:16.151+0000] {processor.py:161} INFO - Started process (PID=18802) to work on /opt/airflow/dags/weather_pipeline_dag.py
[2026-04-15T07:04:16.153+0000] {processor.py:830} INFO - Processing file /opt/airflow/dags/weather_pipeline_dag.py for tasks to queue
[2026-04-15T07:04:16.155+0000] {logging_mixin.py:188} INFO - [2026-04-15T07:04:16.154+0000] {dagbag.py:545} INFO - Filling up the DagBag from /opt/airflow/dags/weather_pipeline_dag.py
[2026-04-15T07:04:16.182+0000] {processor.py:840} INFO - DAG(s) 'weather_pipeline_dag' retrieved from /opt/airflow/dags/weather_pipeline_dag.py
[2026-04-15T07:04:16.223+0000] {logging_mixin.py:188} INFO - [2026-04-15T07:04:16.223+0000] {dag.py:3089} INFO - Sync 1 DAGs
[2026-04-15T07:04:16.248+0000] {logging_mixin.py:188} INFO - [2026-04-15T07:04:16.248+0000] {dag.py:3947} INFO - Setting next_dagrun for weather_pipeline_dag to 2026-04-15 00:00:00+00:00, run_after=2026-04-16 00:00:00+00:00
[2026-04-15T07:04:16.262+0000] {processor.py:183} INFO - Processing /opt/airflow/dags/weather_pipeline_dag.py took 0.124 seconds
[2026-04-15T07:29:52.936+0000] {processor.py:161} INFO - Started process (PID=18807) to work on /opt/airflow/dags/weather_pipeline_dag.py
[2026-04-15T07:29:52.940+0000] {processor.py:830} INFO - Processing file /opt/airflow/dags/weather_pipeline_dag.py for tasks to queue
[2026-04-15T07:29:52.944+0000] {logging_mixin.py:188} INFO - [2026-04-15T07:29:52.942+0000] {dagbag.py:545} INFO - Filling up the DagBag from /opt/airflow/dags/weather_pipeline_dag.py
[2026-04-15T07:29:52.969+0000] {processor.py:840} INFO - DAG(s) 'weather_pipeline_dag' retrieved from /opt/airflow/dags/weather_pipeline_dag.py
[2026-04-15T07:29:53.026+0000] {logging_mixin.py:188} INFO - [2026-04-15T07:29:53.026+0000] {dag.py:3089} INFO - Sync 1 DAGs
[2026-04-15T07:29:53.050+0000] {logging_mixin.py:188} INFO - [2026-04-15T07:29:53.050+0000] {dag.py:3947} INFO - Setting next_dagrun for weather_pipeline_dag to 2026-04-15 00:00:00+00:00, run_after=2026-04-16 00:00:00+00:00
[2026-04-15T07:29:53.064+0000] {processor.py:183} INFO - Processing /opt/airflow/dags/weather_pipeline_dag.py took 0.142 seconds
[2026-04-15T08:02:07.790+0000] {processor.py:161} INFO - Started process (PID=18812) to work on /opt/airflow/dags/weather_pipeline_dag.py
[2026-04-15T08:02:07.791+0000] {processor.py:830} INFO - Processing file /opt/airflow/dags/weather_pipeline_dag.py for tasks to queue
[2026-04-15T08:02:07.792+0000] {logging_mixin.py:188} INFO - [2026-04-15T08:02:07.792+0000] {dagbag.py:545} INFO - Filling up the DagBag from /opt/airflow/dags/weather_pipeline_dag.py
[2026-04-15T08:02:07.845+0000] {processor.py:840} INFO - DAG(s) 'weather_pipeline_dag' retrieved from /opt/airflow/dags/weather_pipeline_dag.py
[2026-04-15T08:02:07.951+0000] {logging_mixin.py:188} INFO - [2026-04-15T08:02:07.950+0000] {dag.py:3089} INFO - Sync 1 DAGs
[2026-04-15T08:02:08.012+0000] {logging_mixin.py:188} INFO - [2026-04-15T08:02:08.012+0000] {dag.py:3947} INFO - Setting next_dagrun for weather_pipeline_dag to 2026-04-15 00:00:00+00:00, run_after=2026-04-16 00:00:00+00:00
[2026-04-15T08:02:08.024+0000] {processor.py:183} INFO - Processing /opt/airflow/dags/weather_pipeline_dag.py took 0.249 seconds
[2026-04-15T08:02:38.510+0000] {processor.py:161} INFO - Started process (PID=18817) to work on /opt/airflow/dags/weather_pipeline_dag.py
[2026-04-15T08:02:38.513+0000] {processor.py:830} INFO - Processing file /opt/airflow/dags/weather_pipeline_dag.py for tasks to queue
[2026-04-15T08:02:38.514+0000] {logging_mixin.py:188} INFO - [2026-04-15T08:02:38.513+0000] {dagbag.py:545} INFO - Filling up the DagBag from /opt/airflow/dags/weather_pipeline_dag.py
[2026-04-15T08:02:38.535+0000] {processor.py:840} INFO - DAG(s) 'weather_pipeline_dag' retrieved from /opt/airflow/dags/weather_pipeline_dag.py
[2026-04-15T08:02:38.578+0000] {logging_mixin.py:188} INFO - [2026-04-15T08:02:38.578+0000] {dag.py:3089} INFO - Sync 1 DAGs
[2026-04-15T08:02:38.600+0000] {logging_mixin.py:188} INFO - [2026-04-15T08:02:38.600+0000] {dag.py:3947} INFO - Setting next_dagrun for weather_pipeline_dag to 2026-04-15 00:00:00+00:00, run_after=2026-04-16 00:00:00+00:00
[2026-04-15T08:02:38.613+0000] {processor.py:183} INFO - Processing /opt/airflow/dags/weather_pipeline_dag.py took 0.114 seconds
[2026-04-15T08:05:19.902+0000] {processor.py:161} INFO - Started process (PID=18822) to work on /opt/airflow/dags/weather_pipeline_dag.py
[2026-04-15T08:05:19.905+0000] {processor.py:830} INFO - Processing file /opt/airflow/dags/weather_pipeline_dag.py for tasks to queue
[2026-04-15T08:05:19.907+0000] {logging_mixin.py:188} INFO - [2026-04-15T08:05:19.906+0000] {dagbag.py:545} INFO - Filling up the DagBag from /opt/airflow/dags/weather_pipeline_dag.py
[2026-04-15T08:05:19.932+0000] {processor.py:840} INFO - DAG(s) 'weather_pipeline_dag' retrieved from /opt/airflow/dags/weather_pipeline_dag.py
[2026-04-15T08:05:19.990+0000] {logging_mixin.py:188} INFO - [2026-04-15T08:05:19.989+0000] {dag.py:3089} INFO - Sync 1 DAGs
[2026-04-15T08:05:20.020+0000] {logging_mixin.py:188} INFO - [2026-04-15T08:05:20.020+0000] {dag.py:3947} INFO - Setting next_dagrun for weather_pipeline_dag to 2026-04-15 00:00:00+00:00, run_after=2026-04-16 00:00:00+00:00
[2026-04-15T08:05:20.037+0000] {processor.py:183} INFO - Processing /opt/airflow/dags/weather_pipeline_dag.py took 0.150 seconds
[2026-04-15T08:20:52.847+0000] {processor.py:161} INFO - Started process (PID=18827) to work on /opt/airflow/dags/weather_pipeline_dag.py
[2026-04-15T08:20:52.850+0000] {processor.py:830} INFO - Processing file /opt/airflow/dags/weather_pipeline_dag.py for tasks to queue
[2026-04-15T08:20:52.851+0000] {logging_mixin.py:188} INFO - [2026-04-15T08:20:52.851+0000] {dagbag.py:545} INFO - Filling up the DagBag from /opt/airflow/dags/weather_pipeline_dag.py
[2026-04-15T08:20:52.878+0000] {processor.py:840} INFO - DAG(s) 'weather_pipeline_dag' retrieved from /opt/airflow/dags/weather_pipeline_dag.py
[2026-04-15T08:20:52.930+0000] {logging_mixin.py:188} INFO - [2026-04-15T08:20:52.930+0000] {dag.py:3089} INFO - Sync 1 DAGs
[2026-04-15T08:20:52.955+0000] {logging_mixin.py:188} INFO - [2026-04-15T08:20:52.955+0000] {dag.py:3947} INFO - Setting next_dagrun for weather_pipeline_dag to 2026-04-15 00:00:00+00:00, run_after=2026-04-16 00:00:00+00:00
[2026-04-15T08:20:52.968+0000] {processor.py:183} INFO - Processing /opt/airflow/dags/weather_pipeline_dag.py took 0.132 seconds
[2026-04-15T09:06:22.882+0000] {processor.py:161} INFO - Started process (PID=18832) to work on /opt/airflow/dags/weather_pipeline_dag.py
[2026-04-15T09:06:22.884+0000] {processor.py:830} INFO - Processing file /opt/airflow/dags/weather_pipeline_dag.py for tasks to queue
[2026-04-15T09:06:22.885+0000] {logging_mixin.py:188} INFO - [2026-04-15T09:06:22.885+0000] {dagbag.py:545} INFO - Filling up the DagBag from /opt/airflow/dags/weather_pipeline_dag.py
[2026-04-15T09:06:22.916+0000] {processor.py:840} INFO - DAG(s) 'weather_pipeline_dag' retrieved from /opt/airflow/dags/weather_pipeline_dag.py
[2026-04-15T09:06:22.955+0000] {logging_mixin.py:188} INFO - [2026-04-15T09:06:22.955+0000] {dag.py:3089} INFO - Sync 1 DAGs
[2026-04-15T09:06:22.977+0000] {logging_mixin.py:188} INFO - [2026-04-15T09:06:22.977+0000] {dag.py:3947} INFO - Setting next_dagrun for weather_pipeline_dag to 2026-04-15 00:00:00+00:00, run_after=2026-04-16 00:00:00+00:00
[2026-04-15T09:06:22.992+0000] {processor.py:183} INFO - Processing /opt/airflow/dags/weather_pipeline_dag.py took 0.120 seconds
[2026-04-15T09:58:44.595+0000] {processor.py:161} INFO - Started process (PID=18837) to work on /opt/airflow/dags/weather_pipeline_dag.py
[2026-04-15T09:58:44.596+0000] {processor.py:830} INFO - Processing file /opt/airflow/dags/weather_pipeline_dag.py for tasks to queue
[2026-04-15T09:58:44.597+0000] {logging_mixin.py:188} INFO - [2026-04-15T09:58:44.597+0000] {dagbag.py:545} INFO - Filling up the DagBag from /opt/airflow/dags/weather_pipeline_dag.py
[2026-04-15T09:58:44.621+0000] {processor.py:840} INFO - DAG(s) 'weather_pipeline_dag' retrieved from /opt/airflow/dags/weather_pipeline_dag.py
[2026-04-15T09:58:44.672+0000] {logging_mixin.py:188} INFO - [2026-04-15T09:58:44.671+0000] {dag.py:3089} INFO - Sync 1 DAGs
[2026-04-15T09:58:44.715+0000] {logging_mixin.py:188} INFO - [2026-04-15T09:58:44.714+0000] {dag.py:3947} INFO - Setting next_dagrun for weather_pipeline_dag to 2026-04-15 00:00:00+00:00, run_after=2026-04-16 00:00:00+00:00
[2026-04-15T09:58:44.750+0000] {processor.py:183} INFO - Processing /opt/airflow/dags/weather_pipeline_dag.py took 0.168 seconds
[2026-04-15T10:39:37.491+0000] {processor.py:161} INFO - Started process (PID=18842) to work on /opt/airflow/dags/weather_pipeline_dag.py
[2026-04-15T10:39:37.493+0000] {processor.py:830} INFO - Processing file /opt/airflow/dags/weather_pipeline_dag.py for tasks to queue
[2026-04-15T10:39:37.494+0000] {logging_mixin.py:188} INFO - [2026-04-15T10:39:37.493+0000] {dagbag.py:545} INFO - Filling up the DagBag from /opt/airflow/dags/weather_pipeline_dag.py
[2026-04-15T10:39:37.522+0000] {processor.py:840} INFO - DAG(s) 'weather_pipeline_dag' retrieved from /opt/airflow/dags/weather_pipeline_dag.py
[2026-04-15T10:39:37.576+0000] {logging_mixin.py:188} INFO - [2026-04-15T10:39:37.576+0000] {dag.py:3089} INFO - Sync 1 DAGs
[2026-04-15T10:39:37.618+0000] {logging_mixin.py:188} INFO - [2026-04-15T10:39:37.618+0000] {dag.py:3947} INFO - Setting next_dagrun for weather_pipeline_dag to 2026-04-15 00:00:00+00:00, run_after=2026-04-16 00:00:00+00:00
[2026-04-15T10:39:37.639+0000] {processor.py:183} INFO - Processing /opt/airflow/dags/weather_pipeline_dag.py took 0.160 seconds
[2026-04-15T11:06:01.359+0000] {processor.py:161} INFO - Started process (PID=18847) to work on /opt/airflow/dags/weather_pipeline_dag.py
[2026-04-15T11:06:01.367+0000] {processor.py:830} INFO - Processing file /opt/airflow/dags/weather_pipeline_dag.py for tasks to queue
[2026-04-15T11:06:01.372+0000] {logging_mixin.py:188} INFO - [2026-04-15T11:06:01.371+0000] {dagbag.py:545} INFO - Filling up the DagBag from /opt/airflow/dags/weather_pipeline_dag.py
[2026-04-15T11:06:01.417+0000] {processor.py:840} INFO - DAG(s) 'weather_pipeline_dag' retrieved from /opt/airflow/dags/weather_pipeline_dag.py
[2026-04-15T11:06:01.485+0000] {logging_mixin.py:188} INFO - [2026-04-15T11:06:01.485+0000] {dag.py:3089} INFO - Sync 1 DAGs
[2026-04-15T11:06:01.524+0000] {logging_mixin.py:188} INFO - [2026-04-15T11:06:01.524+0000] {dag.py:3947} INFO - Setting next_dagrun for weather_pipeline_dag to 2026-04-15 00:00:00+00:00, run_after=2026-04-16 00:00:00+00:00
[2026-04-15T11:06:01.549+0000] {processor.py:183} INFO - Processing /opt/airflow/dags/weather_pipeline_dag.py took 0.216 seconds
[2026-04-15T11:06:32.256+0000] {processor.py:161} INFO - Started process (PID=18852) to work on /opt/airflow/dags/weather_pipeline_dag.py
[2026-04-15T11:06:32.257+0000] {processor.py:830} INFO - Processing file /opt/airflow/dags/weather_pipeline_dag.py for tasks to queue
[2026-04-15T11:06:32.259+0000] {logging_mixin.py:188} INFO - [2026-04-15T11:06:32.258+0000] {dagbag.py:545} INFO - Filling up the DagBag from /opt/airflow/dags/weather_pipeline_dag.py
[2026-04-15T11:06:32.284+0000] {processor.py:840} INFO - DAG(s) 'weather_pipeline_dag' retrieved from /opt/airflow/dags/weather_pipeline_dag.py
[2026-04-15T11:06:32.332+0000] {logging_mixin.py:188} INFO - [2026-04-15T11:06:32.332+0000] {dag.py:3089} INFO - Sync 1 DAGs
[2026-04-15T11:06:32.360+0000] {logging_mixin.py:188} INFO - [2026-04-15T11:06:32.359+0000] {dag.py:3947} INFO - Setting next_dagrun for weather_pipeline_dag to 2026-04-15 00:00:00+00:00, run_after=2026-04-16 00:00:00+00:00
[2026-04-15T11:06:32.378+0000] {processor.py:183} INFO - Processing /opt/airflow/dags/weather_pipeline_dag.py took 0.138 seconds
[2026-04-15T11:07:02.515+0000] {processor.py:161} INFO - Started process (PID=18857) to work on /opt/airflow/dags/weather_pipeline_dag.py
[2026-04-15T11:07:02.516+0000] {processor.py:830} INFO - Processing file /opt/airflow/dags/weather_pipeline_dag.py for tasks to queue
[2026-04-15T11:07:02.517+0000] {logging_mixin.py:188} INFO - [2026-04-15T11:07:02.516+0000] {dagbag.py:545} INFO - Filling up the DagBag from /opt/airflow/dags/weather_pipeline_dag.py
[2026-04-15T11:07:02.549+0000] {processor.py:840} INFO - DAG(s) 'weather_pipeline_dag' retrieved from /opt/airflow/dags/weather_pipeline_dag.py
[2026-04-15T11:07:02.609+0000] {logging_mixin.py:188} INFO - [2026-04-15T11:07:02.609+0000] {dag.py:3089} INFO - Sync 1 DAGs
[2026-04-15T11:07:02.629+0000] {logging_mixin.py:188} INFO - [2026-04-15T11:07:02.629+0000] {dag.py:3947} INFO - Setting next_dagrun for weather_pipeline_dag to 2026-04-15 00:00:00+00:00, run_after=2026-04-16 00:00:00+00:00
[2026-04-15T11:07:02.641+0000] {processor.py:183} INFO - Processing /opt/airflow/dags/weather_pipeline_dag.py took 0.138 seconds
[2026-04-15T11:07:32.933+0000] {processor.py:161} INFO - Started process (PID=18862) to work on /opt/airflow/dags/weather_pipeline_dag.py
[2026-04-15T11:07:32.934+0000] {processor.py:830} INFO - Processing file /opt/airflow/dags/weather_pipeline_dag.py for tasks to queue
[2026-04-15T11:07:32.936+0000] {logging_mixin.py:188} INFO - [2026-04-15T11:07:32.935+0000] {dagbag.py:545} INFO - Filling up the DagBag from /opt/airflow/dags/weather_pipeline_dag.py
[2026-04-15T11:07:32.961+0000] {processor.py:840} INFO - DAG(s) 'weather_pipeline_dag' retrieved from /opt/airflow/dags/weather_pipeline_dag.py
[2026-04-15T11:07:33.000+0000] {logging_mixin.py:188} INFO - [2026-04-15T11:07:33.000+0000] {dag.py:3089} INFO - Sync 1 DAGs
[2026-04-15T11:07:33.024+0000] {logging_mixin.py:188} INFO - [2026-04-15T11:07:33.024+0000] {dag.py:3947} INFO - Setting next_dagrun for weather_pipeline_dag to 2026-04-15 00:00:00+00:00, run_after=2026-04-16 00:00:00+00:00
[2026-04-15T11:07:33.036+0000] {processor.py:183} INFO - Processing /opt/airflow/dags/weather_pipeline_dag.py took 0.122 seconds
[2026-04-15T11:08:03.229+0000] {processor.py:161} INFO - Started process (PID=18867) to work on /opt/airflow/dags/weather_pipeline_dag.py
[2026-04-15T11:08:03.232+0000] {processor.py:830} INFO - Processing file /opt/airflow/dags/weather_pipeline_dag.py for tasks to queue
[2026-04-15T11:08:03.236+0000] {logging_mixin.py:188} INFO - [2026-04-15T11:08:03.234+0000] {dagbag.py:545} INFO - Filling up the DagBag from /opt/airflow/dags/weather_pipeline_dag.py
[2026-04-15T11:08:03.261+0000] {processor.py:840} INFO - DAG(s) 'weather_pipeline_dag' retrieved from /opt/airflow/dags/weather_pipeline_dag.py
[2026-04-15T11:08:03.304+0000] {logging_mixin.py:188} INFO - [2026-04-15T11:08:03.304+0000] {dag.py:3089} INFO - Sync 1 DAGs
[2026-04-15T11:08:03.324+0000] {logging_mixin.py:188} INFO - [2026-04-15T11:08:03.324+0000] {dag.py:3947} INFO - Setting next_dagrun for weather_pipeline_dag to 2026-04-15 00:00:00+00:00, run_after=2026-04-16 00:00:00+00:00
[2026-04-15T11:08:03.335+0000] {processor.py:183} INFO - Processing /opt/airflow/dags/weather_pipeline_dag.py took 0.124 seconds
[2026-04-15T11:08:33.544+0000] {processor.py:161} INFO - Started process (PID=18872) to work on /opt/airflow/dags/weather_pipeline_dag.py
[2026-04-15T11:08:33.546+0000] {processor.py:830} INFO - Processing file /opt/airflow/dags/weather_pipeline_dag.py for tasks to queue
[2026-04-15T11:08:33.548+0000] {logging_mixin.py:188} INFO - [2026-04-15T11:08:33.546+0000] {dagbag.py:545} INFO - Filling up the DagBag from /opt/airflow/dags/weather_pipeline_dag.py
[2026-04-15T11:08:33.579+0000] {processor.py:840} INFO - DAG(s) 'weather_pipeline_dag' retrieved from /opt/airflow/dags/weather_pipeline_dag.py
[2026-04-15T11:08:33.622+0000] {logging_mixin.py:188} INFO - [2026-04-15T11:08:33.621+0000] {dag.py:3089} INFO - Sync 1 DAGs
[2026-04-15T11:08:33.645+0000] {logging_mixin.py:188} INFO - [2026-04-15T11:08:33.645+0000] {dag.py:3947} INFO - Setting next_dagrun for weather_pipeline_dag to 2026-04-15 00:00:00+00:00, run_after=2026-04-16 00:00:00+00:00
[2026-04-15T11:08:33.656+0000] {processor.py:183} INFO - Processing /opt/airflow/dags/weather_pipeline_dag.py took 0.121 seconds
[2026-04-15T11:09:03.862+0000] {processor.py:161} INFO - Started process (PID=18877) to work on /opt/airflow/dags/weather_pipeline_dag.py
[2026-04-15T11:09:03.865+0000] {processor.py:830} INFO - Processing file /opt/airflow/dags/weather_pipeline_dag.py for tasks to queue
[2026-04-15T11:09:03.866+0000] {logging_mixin.py:188} INFO - [2026-04-15T11:09:03.866+0000] {dagbag.py:545} INFO - Filling up the DagBag from /opt/airflow/dags/weather_pipeline_dag.py
[2026-04-15T11:09:03.891+0000] {processor.py:840} INFO - DAG(s) 'weather_pipeline_dag' retrieved from /opt/airflow/dags/weather_pipeline_dag.py
[2026-04-15T11:09:03.933+0000] {logging_mixin.py:188} INFO - [2026-04-15T11:09:03.933+0000] {dag.py:3089} INFO - Sync 1 DAGs
[2026-04-15T11:09:03.958+0000] {logging_mixin.py:188} INFO - [2026-04-15T11:09:03.958+0000] {dag.py:3947} INFO - Setting next_dagrun for weather_pipeline_dag to 2026-04-15 00:00:00+00:00, run_after=2026-04-16 00:00:00+00:00
[2026-04-15T11:09:03.971+0000] {processor.py:183} INFO - Processing /opt/airflow/dags/weather_pipeline_dag.py took 0.124 seconds
[2026-04-15T11:09:34.192+0000] {processor.py:161} INFO - Started process (PID=18882) to work on /opt/airflow/dags/weather_pipeline_dag.py
[2026-04-15T11:09:34.195+0000] {processor.py:830} INFO - Processing file /opt/airflow/dags/weather_pipeline_dag.py for tasks to queue
[2026-04-15T11:09:34.196+0000] {logging_mixin.py:188} INFO - [2026-04-15T11:09:34.195+0000] {dagbag.py:545} INFO - Filling up the DagBag from /opt/airflow/dags/weather_pipeline_dag.py
[2026-04-15T11:09:34.227+0000] {processor.py:840} INFO - DAG(s) 'weather_pipeline_dag' retrieved from /opt/airflow/dags/weather_pipeline_dag.py
[2026-04-15T11:09:34.294+0000] {logging_mixin.py:188} INFO - [2026-04-15T11:09:34.293+0000] {dag.py:3089} INFO - Sync 1 DAGs
[2026-04-15T11:09:34.323+0000] {logging_mixin.py:188} INFO - [2026-04-15T11:09:34.322+0000] {dag.py:3947} INFO - Setting next_dagrun for weather_pipeline_dag to 2026-04-15 00:00:00+00:00, run_after=2026-04-16 00:00:00+00:00
[2026-04-15T11:09:34.338+0000] {processor.py:183} INFO - Processing /opt/airflow/dags/weather_pipeline_dag.py took 0.158 seconds
[2026-04-15T11:10:04.475+0000] {processor.py:161} INFO - Started process (PID=18887) to work on /opt/airflow/dags/weather_pipeline_dag.py
[2026-04-15T11:10:04.477+0000] {processor.py:830} INFO - Processing file /opt/airflow/dags/weather_pipeline_dag.py for tasks to queue
[2026-04-15T11:10:04.479+0000] {logging_mixin.py:188} INFO - [2026-04-15T11:10:04.478+0000] {dagbag.py:545} INFO - Filling up the DagBag from /opt/airflow/dags/weather_pipeline_dag.py
[2026-04-15T11:10:04.507+0000] {processor.py:840} INFO - DAG(s) 'weather_pipeline_dag' retrieved from /opt/airflow/dags/weather_pipeline_dag.py
[2026-04-15T11:10:04.555+0000] {logging_mixin.py:188} INFO - [2026-04-15T11:10:04.555+0000] {dag.py:3089} INFO - Sync 1 DAGs
[2026-04-15T11:10:04.577+0000] {logging_mixin.py:188} INFO - [2026-04-15T11:10:04.577+0000] {dag.py:3947} INFO - Setting next_dagrun for weather_pipeline_dag to 2026-04-15 00:00:00+00:00, run_after=2026-04-16 00:00:00+00:00
[2026-04-15T11:10:04.594+0000] {processor.py:183} INFO - Processing /opt/airflow/dags/weather_pipeline_dag.py took 0.133 seconds
[2026-04-15T11:10:34.919+0000] {processor.py:161} INFO - Started process (PID=18892) to work on /opt/airflow/dags/weather_pipeline_dag.py
[2026-04-15T11:10:34.922+0000] {processor.py:830} INFO - Processing file /opt/airflow/dags/weather_pipeline_dag.py for tasks to queue
[2026-04-15T11:10:34.925+0000] {logging_mixin.py:188} INFO - [2026-04-15T11:10:34.925+0000] {dagbag.py:545} INFO - Filling up the DagBag from /opt/airflow/dags/weather_pipeline_dag.py
[2026-04-15T11:10:34.954+0000] {processor.py:840} INFO - DAG(s) 'weather_pipeline_dag' retrieved from /opt/airflow/dags/weather_pipeline_dag.py
[2026-04-15T11:10:35.007+0000] {logging_mixin.py:188} INFO - [2026-04-15T11:10:35.007+0000] {dag.py:3089} INFO - Sync 1 DAGs
[2026-04-15T11:10:35.030+0000] {logging_mixin.py:188} INFO - [2026-04-15T11:10:35.030+0000] {dag.py:3947} INFO - Setting next_dagrun for weather_pipeline_dag to 2026-04-15 00:00:00+00:00, run_after=2026-04-16 00:00:00+00:00
[2026-04-15T11:10:35.050+0000] {processor.py:183} INFO - Processing /opt/airflow/dags/weather_pipeline_dag.py took 0.146 seconds
[2026-04-15T11:11:05.348+0000] {processor.py:161} INFO - Started process (PID=18897) to work on /opt/airflow/dags/weather_pipeline_dag.py
[2026-04-15T11:11:05.351+0000] {processor.py:830} INFO - Processing file /opt/airflow/dags/weather_pipeline_dag.py for tasks to queue
[2026-04-15T11:11:05.353+0000] {logging_mixin.py:188} INFO - [2026-04-15T11:11:05.352+0000] {dagbag.py:545} INFO - Filling up the DagBag from /opt/airflow/dags/weather_pipeline_dag.py
[2026-04-15T11:11:05.379+0000] {processor.py:840} INFO - DAG(s) 'weather_pipeline_dag' retrieved from /opt/airflow/dags/weather_pipeline_dag.py
[2026-04-15T11:11:05.424+0000] {logging_mixin.py:188} INFO - [2026-04-15T11:11:05.424+0000] {dag.py:3089} INFO - Sync 1 DAGs
[2026-04-15T11:11:05.454+0000] {logging_mixin.py:188} INFO - [2026-04-15T11:11:05.453+0000] {dag.py:3947} INFO - Setting next_dagrun for weather_pipeline_dag to 2026-04-15 00:00:00+00:00, run_after=2026-04-16 00:00:00+00:00
[2026-04-15T11:11:05.470+0000] {processor.py:183} INFO - Processing /opt/airflow/dags/weather_pipeline_dag.py took 0.138 seconds
[2026-04-15T11:11:35.665+0000] {processor.py:161} INFO - Started process (PID=18902) to work on /opt/airflow/dags/weather_pipeline_dag.py
[2026-04-15T11:11:35.668+0000] {processor.py:830} INFO - Processing file /opt/airflow/dags/weather_pipeline_dag.py for tasks to queue
[2026-04-15T11:11:35.669+0000] {logging_mixin.py:188} INFO - [2026-04-15T11:11:35.669+0000] {dagbag.py:545} INFO - Filling up the DagBag from /opt/airflow/dags/weather_pipeline_dag.py
[2026-04-15T11:11:35.696+0000] {processor.py:840} INFO - DAG(s) 'weather_pipeline_dag' retrieved from /opt/airflow/dags/weather_pipeline_dag.py
[2026-04-15T11:11:35.745+0000] {logging_mixin.py:188} INFO - [2026-04-15T11:11:35.745+0000] {dag.py:3089} INFO - Sync 1 DAGs
[2026-04-15T11:11:35.767+0000] {logging_mixin.py:188} INFO - [2026-04-15T11:11:35.767+0000] {dag.py:3947} INFO - Setting next_dagrun for weather_pipeline_dag to 2026-04-15 00:00:00+00:00, run_after=2026-04-16 00:00:00+00:00
[2026-04-15T11:11:35.779+0000] {processor.py:183} INFO - Processing /opt/airflow/dags/weather_pipeline_dag.py took 0.129 seconds
[2026-04-15T11:12:05.995+0000] {processor.py:161} INFO - Started process (PID=18907) to work on /opt/airflow/dags/weather_pipeline_dag.py
[2026-04-15T11:12:05.998+0000] {processor.py:830} INFO - Processing file /opt/airflow/dags/weather_pipeline_dag.py for tasks to queue
[2026-04-15T11:12:06.000+0000] {logging_mixin.py:188} INFO - [2026-04-15T11:12:05.999+0000] {dagbag.py:545} INFO - Filling up the DagBag from /opt/airflow/dags/weather_pipeline_dag.py
[2026-04-15T11:12:06.033+0000] {processor.py:840} INFO - DAG(s) 'weather_pipeline_dag' retrieved from /opt/airflow/dags/weather_pipeline_dag.py
[2026-04-15T11:12:06.086+0000] {logging_mixin.py:188} INFO - [2026-04-15T11:12:06.086+0000] {dag.py:3089} INFO - Sync 1 DAGs
[2026-04-15T11:12:06.114+0000] {logging_mixin.py:188} INFO - [2026-04-15T11:12:06.113+0000] {dag.py:3947} INFO - Setting next_dagrun for weather_pipeline_dag to 2026-04-15 00:00:00+00:00, run_after=2026-04-16 00:00:00+00:00
[2026-04-15T11:12:06.129+0000] {processor.py:183} INFO - Processing /opt/airflow/dags/weather_pipeline_dag.py took 0.151 seconds
[2026-04-15T11:12:36.328+0000] {processor.py:161} INFO - Started process (PID=18912) to work on /opt/airflow/dags/weather_pipeline_dag.py
[2026-04-15T11:12:36.329+0000] {processor.py:830} INFO - Processing file /opt/airflow/dags/weather_pipeline_dag.py for tasks to queue
[2026-04-15T11:12:36.330+0000] {logging_mixin.py:188} INFO - [2026-04-15T11:12:36.330+0000] {dagbag.py:545} INFO - Filling up the DagBag from /opt/airflow/dags/weather_pipeline_dag.py
[2026-04-15T11:12:36.356+0000] {processor.py:840} INFO - DAG(s) 'weather_pipeline_dag' retrieved from /opt/airflow/dags/weather_pipeline_dag.py
[2026-04-15T11:12:36.403+0000] {logging_mixin.py:188} INFO - [2026-04-15T11:12:36.403+0000] {dag.py:3089} INFO - Sync 1 DAGs
[2026-04-15T11:12:36.430+0000] {logging_mixin.py:188} INFO - [2026-04-15T11:12:36.430+0000] {dag.py:3947} INFO - Setting next_dagrun for weather_pipeline_dag to 2026-04-15 00:00:00+00:00, run_after=2026-04-16 00:00:00+00:00
[2026-04-15T11:12:36.443+0000] {processor.py:183} INFO - Processing /opt/airflow/dags/weather_pipeline_dag.py took 0.122 seconds
[2026-04-15T11:13:06.641+0000] {processor.py:161} INFO - Started process (PID=18917) to work on /opt/airflow/dags/weather_pipeline_dag.py
[2026-04-15T11:13:06.643+0000] {processor.py:830} INFO - Processing file /opt/airflow/dags/weather_pipeline_dag.py for tasks to queue
[2026-04-15T11:13:06.645+0000] {logging_mixin.py:188} INFO - [2026-04-15T11:13:06.644+0000] {dagbag.py:545} INFO - Filling up the DagBag from /opt/airflow/dags/weather_pipeline_dag.py
[2026-04-15T11:13:06.675+0000] {processor.py:840} INFO - DAG(s) 'weather_pipeline_dag' retrieved from /opt/airflow/dags/weather_pipeline_dag.py
[2026-04-15T11:13:06.720+0000] {logging_mixin.py:188} INFO - [2026-04-15T11:13:06.720+0000] {dag.py:3089} INFO - Sync 1 DAGs
[2026-04-15T11:13:06.738+0000] {logging_mixin.py:188} INFO - [2026-04-15T11:13:06.737+0000] {dag.py:3947} INFO - Setting next_dagrun for weather_pipeline_dag to 2026-04-15 00:00:00+00:00, run_after=2026-04-16 00:00:00+00:00
[2026-04-15T11:13:06.753+0000] {processor.py:183} INFO - Processing /opt/airflow/dags/weather_pipeline_dag.py took 0.125 seconds
[2026-04-15T11:13:36.899+0000] {processor.py:161} INFO - Started process (PID=18922) to work on /opt/airflow/dags/weather_pipeline_dag.py
[2026-04-15T11:13:36.901+0000] {processor.py:830} INFO - Processing file /opt/airflow/dags/weather_pipeline_dag.py for tasks to queue
[2026-04-15T11:13:36.903+0000] {logging_mixin.py:188} INFO - [2026-04-15T11:13:36.902+0000] {dagbag.py:545} INFO - Filling up the DagBag from /opt/airflow/dags/weather_pipeline_dag.py
[2026-04-15T11:13:36.940+0000] {processor.py:840} INFO - DAG(s) 'weather_pipeline_dag' retrieved from /opt/airflow/dags/weather_pipeline_dag.py
[2026-04-15T11:13:36.986+0000] {logging_mixin.py:188} INFO - [2026-04-15T11:13:36.986+0000] {dag.py:3089} INFO - Sync 1 DAGs
[2026-04-15T11:13:37.006+0000] {logging_mixin.py:188} INFO - [2026-04-15T11:13:37.006+0000] {dag.py:3947} INFO - Setting next_dagrun for weather_pipeline_dag to 2026-04-15 00:00:00+00:00, run_after=2026-04-16 00:00:00+00:00
[2026-04-15T11:13:37.021+0000] {processor.py:183} INFO - Processing /opt/airflow/dags/weather_pipeline_dag.py took 0.132 seconds
[2026-04-15T11:14:07.191+0000] {processor.py:161} INFO - Started process (PID=18927) to work on /opt/airflow/dags/weather_pipeline_dag.py
[2026-04-15T11:14:07.193+0000] {processor.py:830} INFO - Processing file /opt/airflow/dags/weather_pipeline_dag.py for tasks to queue
[2026-04-15T11:14:07.196+0000] {logging_mixin.py:188} INFO - [2026-04-15T11:14:07.194+0000] {dagbag.py:545} INFO - Filling up the DagBag from /opt/airflow/dags/weather_pipeline_dag.py
[2026-04-15T11:14:07.228+0000] {processor.py:840} INFO - DAG(s) 'weather_pipeline_dag' retrieved from /opt/airflow/dags/weather_pipeline_dag.py
[2026-04-15T11:14:07.275+0000] {logging_mixin.py:188} INFO - [2026-04-15T11:14:07.274+0000] {dag.py:3089} INFO - Sync 1 DAGs
[2026-04-15T11:14:07.296+0000] {logging_mixin.py:188} INFO - [2026-04-15T11:14:07.296+0000] {dag.py:3947} INFO - Setting next_dagrun for weather_pipeline_dag to 2026-04-15 00:00:00+00:00, run_after=2026-04-16 00:00:00+00:00
[2026-04-15T11:14:07.310+0000] {processor.py:183} INFO - Processing /opt/airflow/dags/weather_pipeline_dag.py took 0.128 seconds
[2026-04-15T11:14:37.475+0000] {processor.py:161} INFO - Started process (PID=18932) to work on /opt/airflow/dags/weather_pipeline_dag.py
[2026-04-15T11:14:37.478+0000] {processor.py:830} INFO - Processing file /opt/airflow/dags/weather_pipeline_dag.py for tasks to queue
[2026-04-15T11:14:37.482+0000] {logging_mixin.py:188} INFO - [2026-04-15T11:14:37.480+0000] {dagbag.py:545} INFO - Filling up the DagBag from /opt/airflow/dags/weather_pipeline_dag.py
[2026-04-15T11:14:37.513+0000] {processor.py:840} INFO - DAG(s) 'weather_pipeline_dag' retrieved from /opt/airflow/dags/weather_pipeline_dag.py
[2026-04-15T11:14:37.559+0000] {logging_mixin.py:188} INFO - [2026-04-15T11:14:37.559+0000] {dag.py:3089} INFO - Sync 1 DAGs
[2026-04-15T11:14:37.581+0000] {logging_mixin.py:188} INFO - [2026-04-15T11:14:37.581+0000] {dag.py:3947} INFO - Setting next_dagrun for weather_pipeline_dag to 2026-04-15 00:00:00+00:00, run_after=2026-04-16 00:00:00+00:00
[2026-04-15T11:14:37.593+0000] {processor.py:183} INFO - Processing /opt/airflow/dags/weather_pipeline_dag.py took 0.136 seconds
[2026-04-15T11:15:07.772+0000] {processor.py:161} INFO - Started process (PID=18937) to work on /opt/airflow/dags/weather_pipeline_dag.py
[2026-04-15T11:15:07.776+0000] {processor.py:830} INFO - Processing file /opt/airflow/dags/weather_pipeline_dag.py for tasks to queue
[2026-04-15T11:15:07.779+0000] {logging_mixin.py:188} INFO - [2026-04-15T11:15:07.778+0000] {dagbag.py:545} INFO - Filling up the DagBag from /opt/airflow/dags/weather_pipeline_dag.py
[2026-04-15T11:15:07.808+0000] {processor.py:840} INFO - DAG(s) 'weather_pipeline_dag' retrieved from /opt/airflow/dags/weather_pipeline_dag.py
[2026-04-15T11:15:07.852+0000] {logging_mixin.py:188} INFO - [2026-04-15T11:15:07.852+0000] {dag.py:3089} INFO - Sync 1 DAGs
[2026-04-15T11:15:07.874+0000] {logging_mixin.py:188} INFO - [2026-04-15T11:15:07.874+0000] {dag.py:3947} INFO - Setting next_dagrun for weather_pipeline_dag to 2026-04-15 00:00:00+00:00, run_after=2026-04-16 00:00:00+00:00
[2026-04-15T11:15:07.885+0000] {processor.py:183} INFO - Processing /opt/airflow/dags/weather_pipeline_dag.py took 0.135 seconds
[2026-04-15T11:15:38.084+0000] {processor.py:161} INFO - Started process (PID=18942) to work on /opt/airflow/dags/weather_pipeline_dag.py
[2026-04-15T11:15:38.087+0000] {processor.py:830} INFO - Processing file /opt/airflow/dags/weather_pipeline_dag.py for tasks to queue
[2026-04-15T11:15:38.089+0000] {logging_mixin.py:188} INFO - [2026-04-15T11:15:38.088+0000] {dagbag.py:545} INFO - Filling up the DagBag from /opt/airflow/dags/weather_pipeline_dag.py
[2026-04-15T11:15:38.118+0000] {processor.py:840} INFO - DAG(s) 'weather_pipeline_dag' retrieved from /opt/airflow/dags/weather_pipeline_dag.py
[2026-04-15T11:15:38.164+0000] {logging_mixin.py:188} INFO - [2026-04-15T11:15:38.164+0000] {dag.py:3089} INFO - Sync 1 DAGs
[2026-04-15T11:15:38.189+0000] {logging_mixin.py:188} INFO - [2026-04-15T11:15:38.189+0000] {dag.py:3947} INFO - Setting next_dagrun for weather_pipeline_dag to 2026-04-15 00:00:00+00:00, run_after=2026-04-16 00:00:00+00:00
[2026-04-15T11:15:38.201+0000] {processor.py:183} INFO - Processing /opt/airflow/dags/weather_pipeline_dag.py took 0.138 seconds
[2026-04-15T11:16:08.369+0000] {processor.py:161} INFO - Started process (PID=18947) to work on /opt/airflow/dags/weather_pipeline_dag.py
[2026-04-15T11:16:08.373+0000] {processor.py:830} INFO - Processing file /opt/airflow/dags/weather_pipeline_dag.py for tasks to queue
[2026-04-15T11:16:08.375+0000] {logging_mixin.py:188} INFO - [2026-04-15T11:16:08.374+0000] {dagbag.py:545} INFO - Filling up the DagBag from /opt/airflow/dags/weather_pipeline_dag.py
[2026-04-15T11:16:08.405+0000] {processor.py:840} INFO - DAG(s) 'weather_pipeline_dag' retrieved from /opt/airflow/dags/weather_pipeline_dag.py
[2026-04-15T11:16:08.448+0000] {logging_mixin.py:188} INFO - [2026-04-15T11:16:08.447+0000] {dag.py:3089} INFO - Sync 1 DAGs
[2026-04-15T11:16:08.471+0000] {logging_mixin.py:188} INFO - [2026-04-15T11:16:08.471+0000] {dag.py:3947} INFO - Setting next_dagrun for weather_pipeline_dag to 2026-04-15 00:00:00+00:00, run_after=2026-04-16 00:00:00+00:00
[2026-04-15T11:16:08.483+0000] {processor.py:183} INFO - Processing /opt/airflow/dags/weather_pipeline_dag.py took 0.132 seconds
[2026-04-15T11:16:38.652+0000] {processor.py:161} INFO - Started process (PID=18952) to work on /opt/airflow/dags/weather_pipeline_dag.py
[2026-04-15T11:16:38.656+0000] {processor.py:830} INFO - Processing file /opt/airflow/dags/weather_pipeline_dag.py for tasks to queue
[2026-04-15T11:16:38.657+0000] {logging_mixin.py:188} INFO - [2026-04-15T11:16:38.657+0000] {dagbag.py:545} INFO - Filling up the DagBag from /opt/airflow/dags/weather_pipeline_dag.py
[2026-04-15T11:16:38.683+0000] {processor.py:840} INFO - DAG(s) 'weather_pipeline_dag' retrieved from /opt/airflow/dags/weather_pipeline_dag.py
[2026-04-15T11:16:38.729+0000] {logging_mixin.py:188} INFO - [2026-04-15T11:16:38.729+0000] {dag.py:3089} INFO - Sync 1 DAGs
[2026-04-15T11:16:38.754+0000] {logging_mixin.py:188} INFO - [2026-04-15T11:16:38.753+0000] {dag.py:3947} INFO - Setting next_dagrun for weather_pipeline_dag to 2026-04-15 00:00:00+00:00, run_after=2026-04-16 00:00:00+00:00
[2026-04-15T11:16:38.765+0000] {processor.py:183} INFO - Processing /opt/airflow/dags/weather_pipeline_dag.py took 0.135 seconds
[2026-04-15T11:17:08.966+0000] {processor.py:161} INFO - Started process (PID=18957) to work on /opt/airflow/dags/weather_pipeline_dag.py
[2026-04-15T11:17:08.969+0000] {processor.py:830} INFO - Processing file /opt/airflow/dags/weather_pipeline_dag.py for tasks to queue
[2026-04-15T11:17:08.972+0000] {logging_mixin.py:188} INFO - [2026-04-15T11:17:08.970+0000] {dagbag.py:545} INFO - Filling up the DagBag from /opt/airflow/dags/weather_pipeline_dag.py
[2026-04-15T11:17:08.999+0000] {processor.py:840} INFO - DAG(s) 'weather_pipeline_dag' retrieved from /opt/airflow/dags/weather_pipeline_dag.py
[2026-04-15T11:17:09.045+0000] {logging_mixin.py:188} INFO - [2026-04-15T11:17:09.045+0000] {dag.py:3089} INFO - Sync 1 DAGs
[2026-04-15T11:17:09.068+0000] {logging_mixin.py:188} INFO - [2026-04-15T11:17:09.068+0000] {dag.py:3947} INFO - Setting next_dagrun for weather_pipeline_dag to 2026-04-15 00:00:00+00:00, run_after=2026-04-16 00:00:00+00:00
[2026-04-15T11:17:09.081+0000] {processor.py:183} INFO - Processing /opt/airflow/dags/weather_pipeline_dag.py took 0.129 seconds
[2026-04-15T11:17:39.271+0000] {processor.py:161} INFO - Started process (PID=18962) to work on /opt/airflow/dags/weather_pipeline_dag.py
[2026-04-15T11:17:39.274+0000] {processor.py:830} INFO - Processing file /opt/airflow/dags/weather_pipeline_dag.py for tasks to queue
[2026-04-15T11:17:39.277+0000] {logging_mixin.py:188} INFO - [2026-04-15T11:17:39.275+0000] {dagbag.py:545} INFO - Filling up the DagBag from /opt/airflow/dags/weather_pipeline_dag.py
[2026-04-15T11:17:39.305+0000] {processor.py:840} INFO - DAG(s) 'weather_pipeline_dag' retrieved from /opt/airflow/dags/weather_pipeline_dag.py
[2026-04-15T11:17:39.345+0000] {logging_mixin.py:188} INFO - [2026-04-15T11:17:39.345+0000] {dag.py:3089} INFO - Sync 1 DAGs
[2026-04-15T11:17:39.370+0000] {logging_mixin.py:188} INFO - [2026-04-15T11:17:39.370+0000] {dag.py:3947} INFO - Setting next_dagrun for weather_pipeline_dag to 2026-04-15 00:00:00+00:00, run_after=2026-04-16 00:00:00+00:00
[2026-04-15T11:17:39.381+0000] {processor.py:183} INFO - Processing /opt/airflow/dags/weather_pipeline_dag.py took 0.132 seconds
[2026-04-15T11:18:09.596+0000] {processor.py:161} INFO - Started process (PID=18967) to work on /opt/airflow/dags/weather_pipeline_dag.py
[2026-04-15T11:18:09.599+0000] {processor.py:830} INFO - Processing file /opt/airflow/dags/weather_pipeline_dag.py for tasks to queue
[2026-04-15T11:18:09.600+0000] {logging_mixin.py:188} INFO - [2026-04-15T11:18:09.599+0000] {dagbag.py:545} INFO - Filling up the DagBag from /opt/airflow/dags/weather_pipeline_dag.py
[2026-04-15T11:18:09.629+0000] {processor.py:840} INFO - DAG(s) 'weather_pipeline_dag' retrieved from /opt/airflow/dags/weather_pipeline_dag.py
[2026-04-15T11:18:09.676+0000] {logging_mixin.py:188} INFO - [2026-04-15T11:18:09.676+0000] {dag.py:3089} INFO - Sync 1 DAGs
[2026-04-15T11:18:09.697+0000] {logging_mixin.py:188} INFO - [2026-04-15T11:18:09.697+0000] {dag.py:3947} INFO - Setting next_dagrun for weather_pipeline_dag to 2026-04-15 00:00:00+00:00, run_after=2026-04-16 00:00:00+00:00
[2026-04-15T11:18:09.709+0000] {processor.py:183} INFO - Processing /opt/airflow/dags/weather_pipeline_dag.py took 0.126 seconds
[2026-04-15T11:18:39.894+0000] {processor.py:161} INFO - Started process (PID=18972) to work on /opt/airflow/dags/weather_pipeline_dag.py
[2026-04-15T11:18:39.896+0000] {processor.py:830} INFO - Processing file /opt/airflow/dags/weather_pipeline_dag.py for tasks to queue
[2026-04-15T11:18:39.900+0000] {logging_mixin.py:188} INFO - [2026-04-15T11:18:39.897+0000] {dagbag.py:545} INFO - Filling up the DagBag from /opt/airflow/dags/weather_pipeline_dag.py
[2026-04-15T11:18:39.933+0000] {processor.py:840} INFO - DAG(s) 'weather_pipeline_dag' retrieved from /opt/airflow/dags/weather_pipeline_dag.py
[2026-04-15T11:18:39.970+0000] {logging_mixin.py:188} INFO - [2026-04-15T11:18:39.969+0000] {dag.py:3089} INFO - Sync 1 DAGs
[2026-04-15T11:18:39.988+0000] {logging_mixin.py:188} INFO - [2026-04-15T11:18:39.988+0000] {dag.py:3947} INFO - Setting next_dagrun for weather_pipeline_dag to 2026-04-15 00:00:00+00:00, run_after=2026-04-16 00:00:00+00:00
[2026-04-15T11:18:40.003+0000] {processor.py:183} INFO - Processing /opt/airflow/dags/weather_pipeline_dag.py took 0.127 seconds
[2026-04-15T11:19:10.266+0000] {processor.py:161} INFO - Started process (PID=18977) to work on /opt/airflow/dags/weather_pipeline_dag.py
[2026-04-15T11:19:10.269+0000] {processor.py:830} INFO - Processing file /opt/airflow/dags/weather_pipeline_dag.py for tasks to queue
[2026-04-15T11:19:10.271+0000] {logging_mixin.py:188} INFO - [2026-04-15T11:19:10.270+0000] {dagbag.py:545} INFO - Filling up the DagBag from /opt/airflow/dags/weather_pipeline_dag.py
[2026-04-15T11:19:10.298+0000] {processor.py:840} INFO - DAG(s) 'weather_pipeline_dag' retrieved from /opt/airflow/dags/weather_pipeline_dag.py
[2026-04-15T11:19:10.341+0000] {logging_mixin.py:188} INFO - [2026-04-15T11:19:10.341+0000] {dag.py:3089} INFO - Sync 1 DAGs
[2026-04-15T11:19:10.360+0000] {logging_mixin.py:188} INFO - [2026-04-15T11:19:10.360+0000] {dag.py:3947} INFO - Setting next_dagrun for weather_pipeline_dag to 2026-04-15 00:00:00+00:00, run_after=2026-04-16 00:00:00+00:00
[2026-04-15T11:19:10.374+0000] {processor.py:183} INFO - Processing /opt/airflow/dags/weather_pipeline_dag.py took 0.135 seconds
[2026-04-15T11:19:40.560+0000] {processor.py:161} INFO - Started process (PID=18982) to work on /opt/airflow/dags/weather_pipeline_dag.py
[2026-04-15T11:19:40.562+0000] {processor.py:830} INFO - Processing file /opt/airflow/dags/weather_pipeline_dag.py for tasks to queue
[2026-04-15T11:19:40.563+0000] {logging_mixin.py:188} INFO - [2026-04-15T11:19:40.563+0000] {dagbag.py:545} INFO - Filling up the DagBag from /opt/airflow/dags/weather_pipeline_dag.py
[2026-04-15T11:19:40.601+0000] {processor.py:840} INFO - DAG(s) 'weather_pipeline_dag' retrieved from /opt/airflow/dags/weather_pipeline_dag.py
[2026-04-15T11:19:40.644+0000] {logging_mixin.py:188} INFO - [2026-04-15T11:19:40.644+0000] {dag.py:3089} INFO - Sync 1 DAGs
[2026-04-15T11:19:40.664+0000] {logging_mixin.py:188} INFO - [2026-04-15T11:19:40.664+0000] {dag.py:3947} INFO - Setting next_dagrun for weather_pipeline_dag to 2026-04-15 00:00:00+00:00, run_after=2026-04-16 00:00:00+00:00
[2026-04-15T11:19:40.681+0000] {processor.py:183} INFO - Processing /opt/airflow/dags/weather_pipeline_dag.py took 0.137 seconds
[2026-04-15T11:20:10.881+0000] {processor.py:161} INFO - Started process (PID=18987) to work on /opt/airflow/dags/weather_pipeline_dag.py
[2026-04-15T11:20:10.884+0000] {processor.py:830} INFO - Processing file /opt/airflow/dags/weather_pipeline_dag.py for tasks to queue
[2026-04-15T11:20:10.885+0000] {logging_mixin.py:188} INFO - [2026-04-15T11:20:10.884+0000] {dagbag.py:545} INFO - Filling up the DagBag from /opt/airflow/dags/weather_pipeline_dag.py
[2026-04-15T11:20:10.914+0000] {processor.py:840} INFO - DAG(s) 'weather_pipeline_dag' retrieved from /opt/airflow/dags/weather_pipeline_dag.py
[2026-04-15T11:20:10.951+0000] {logging_mixin.py:188} INFO - [2026-04-15T11:20:10.951+0000] {dag.py:3089} INFO - Sync 1 DAGs
[2026-04-15T11:20:10.981+0000] {logging_mixin.py:188} INFO - [2026-04-15T11:20:10.981+0000] {dag.py:3947} INFO - Setting next_dagrun for weather_pipeline_dag to 2026-04-15 00:00:00+00:00, run_after=2026-04-16 00:00:00+00:00
[2026-04-15T11:20:10.995+0000] {processor.py:183} INFO - Processing /opt/airflow/dags/weather_pipeline_dag.py took 0.132 seconds
[2026-04-15T11:20:41.167+0000] {processor.py:161} INFO - Started process (PID=18992) to work on /opt/airflow/dags/weather_pipeline_dag.py
[2026-04-15T11:20:41.168+0000] {processor.py:830} INFO - Processing file /opt/airflow/dags/weather_pipeline_dag.py for tasks to queue
[2026-04-15T11:20:41.169+0000] {logging_mixin.py:188} INFO - [2026-04-15T11:20:41.168+0000] {dagbag.py:545} INFO - Filling up the DagBag from /opt/airflow/dags/weather_pipeline_dag.py
[2026-04-15T11:20:41.191+0000] {processor.py:840} INFO - DAG(s) 'weather_pipeline_dag' retrieved from /opt/airflow/dags/weather_pipeline_dag.py
[2026-04-15T11:20:41.238+0000] {logging_mixin.py:188} INFO - [2026-04-15T11:20:41.238+0000] {dag.py:3089} INFO - Sync 1 DAGs
[2026-04-15T11:20:41.257+0000] {logging_mixin.py:188} INFO - [2026-04-15T11:20:41.257+0000] {dag.py:3947} INFO - Setting next_dagrun for weather_pipeline_dag to 2026-04-15 00:00:00+00:00, run_after=2026-04-16 00:00:00+00:00
[2026-04-15T11:20:41.269+0000] {processor.py:183} INFO - Processing /opt/airflow/dags/weather_pipeline_dag.py took 0.114 seconds
[2026-04-15T11:21:11.516+0000] {processor.py:161} INFO - Started process (PID=18997) to work on /opt/airflow/dags/weather_pipeline_dag.py
[2026-04-15T11:21:11.518+0000] {processor.py:830} INFO - Processing file /opt/airflow/dags/weather_pipeline_dag.py for tasks to queue
[2026-04-15T11:21:11.520+0000] {logging_mixin.py:188} INFO - [2026-04-15T11:21:11.518+0000] {dagbag.py:545} INFO - Filling up the DagBag from /opt/airflow/dags/weather_pipeline_dag.py
[2026-04-15T11:21:11.551+0000] {processor.py:840} INFO - DAG(s) 'weather_pipeline_dag' retrieved from /opt/airflow/dags/weather_pipeline_dag.py
[2026-04-15T11:21:11.591+0000] {logging_mixin.py:188} INFO - [2026-04-15T11:21:11.591+0000] {dag.py:3089} INFO - Sync 1 DAGs
[2026-04-15T11:21:11.610+0000] {logging_mixin.py:188} INFO - [2026-04-15T11:21:11.610+0000] {dag.py:3947} INFO - Setting next_dagrun for weather_pipeline_dag to 2026-04-15 00:00:00+00:00, run_after=2026-04-16 00:00:00+00:00
[2026-04-15T11:21:11.620+0000] {processor.py:183} INFO - Processing /opt/airflow/dags/weather_pipeline_dag.py took 0.120 seconds
[2026-04-15T11:21:41.791+0000] {processor.py:161} INFO - Started process (PID=19002) to work on /opt/airflow/dags/weather_pipeline_dag.py
[2026-04-15T11:21:41.794+0000] {processor.py:830} INFO - Processing file /opt/airflow/dags/weather_pipeline_dag.py for tasks to queue
[2026-04-15T11:21:41.800+0000] {logging_mixin.py:188} INFO - [2026-04-15T11:21:41.797+0000] {dagbag.py:545} INFO - Filling up the DagBag from /opt/airflow/dags/weather_pipeline_dag.py
[2026-04-15T11:21:41.819+0000] {processor.py:840} INFO - DAG(s) 'weather_pipeline_dag' retrieved from /opt/airflow/dags/weather_pipeline_dag.py
[2026-04-15T11:21:41.857+0000] {logging_mixin.py:188} INFO - [2026-04-15T11:21:41.857+0000] {dag.py:3089} INFO - Sync 1 DAGs
[2026-04-15T11:21:41.874+0000] {logging_mixin.py:188} INFO - [2026-04-15T11:21:41.874+0000] {dag.py:3947} INFO - Setting next_dagrun for weather_pipeline_dag to 2026-04-15 00:00:00+00:00, run_after=2026-04-16 00:00:00+00:00
[2026-04-15T11:21:41.884+0000] {processor.py:183} INFO - Processing /opt/airflow/dags/weather_pipeline_dag.py took 0.119 seconds
[2026-04-15T11:22:12.091+0000] {processor.py:161} INFO - Started process (PID=19007) to work on /opt/airflow/dags/weather_pipeline_dag.py
[2026-04-15T11:22:12.093+0000] {processor.py:830} INFO - Processing file /opt/airflow/dags/weather_pipeline_dag.py for tasks to queue
[2026-04-15T11:22:12.094+0000] {logging_mixin.py:188} INFO - [2026-04-15T11:22:12.093+0000] {dagbag.py:545} INFO - Filling up the DagBag from /opt/airflow/dags/weather_pipeline_dag.py
[2026-04-15T11:22:12.118+0000] {processor.py:840} INFO - DAG(s) 'weather_pipeline_dag' retrieved from /opt/airflow/dags/weather_pipeline_dag.py
[2026-04-15T11:22:12.157+0000] {logging_mixin.py:188} INFO - [2026-04-15T11:22:12.157+0000] {dag.py:3089} INFO - Sync 1 DAGs
[2026-04-15T11:22:12.181+0000] {logging_mixin.py:188} INFO - [2026-04-15T11:22:12.181+0000] {dag.py:3947} INFO - Setting next_dagrun for weather_pipeline_dag to 2026-04-15 00:00:00+00:00, run_after=2026-04-16 00:00:00+00:00
[2026-04-15T11:22:12.194+0000] {processor.py:183} INFO - Processing /opt/airflow/dags/weather_pipeline_dag.py took 0.122 seconds
[2026-04-15T11:22:42.405+0000] {processor.py:161} INFO - Started process (PID=19012) to work on /opt/airflow/dags/weather_pipeline_dag.py
[2026-04-15T11:22:42.406+0000] {processor.py:830} INFO - Processing file /opt/airflow/dags/weather_pipeline_dag.py for tasks to queue
[2026-04-15T11:22:42.407+0000] {logging_mixin.py:188} INFO - [2026-04-15T11:22:42.407+0000] {dagbag.py:545} INFO - Filling up the DagBag from /opt/airflow/dags/weather_pipeline_dag.py
[2026-04-15T11:22:42.439+0000] {processor.py:840} INFO - DAG(s) 'weather_pipeline_dag' retrieved from /opt/airflow/dags/weather_pipeline_dag.py
[2026-04-15T11:22:42.481+0000] {logging_mixin.py:188} INFO - [2026-04-15T11:22:42.481+0000] {dag.py:3089} INFO - Sync 1 DAGs
[2026-04-15T11:22:42.507+0000] {logging_mixin.py:188} INFO - [2026-04-15T11:22:42.507+0000] {dag.py:3947} INFO - Setting next_dagrun for weather_pipeline_dag to 2026-04-15 00:00:00+00:00, run_after=2026-04-16 00:00:00+00:00
[2026-04-15T11:22:42.518+0000] {processor.py:183} INFO - Processing /opt/airflow/dags/weather_pipeline_dag.py took 0.130 seconds
[2026-04-15T11:23:12.728+0000] {processor.py:161} INFO - Started process (PID=19017) to work on /opt/airflow/dags/weather_pipeline_dag.py
[2026-04-15T11:23:12.729+0000] {processor.py:830} INFO - Processing file /opt/airflow/dags/weather_pipeline_dag.py for tasks to queue
[2026-04-15T11:23:12.731+0000] {logging_mixin.py:188} INFO - [2026-04-15T11:23:12.730+0000] {dagbag.py:545} INFO - Filling up the DagBag from /opt/airflow/dags/weather_pipeline_dag.py
[2026-04-15T11:23:12.763+0000] {processor.py:840} INFO - DAG(s) 'weather_pipeline_dag' retrieved from /opt/airflow/dags/weather_pipeline_dag.py
[2026-04-15T11:23:12.802+0000] {logging_mixin.py:188} INFO - [2026-04-15T11:23:12.802+0000] {dag.py:3089} INFO - Sync 1 DAGs
[2026-04-15T11:23:12.818+0000] {logging_mixin.py:188} INFO - [2026-04-15T11:23:12.818+0000] {dag.py:3947} INFO - Setting next_dagrun for weather_pipeline_dag to 2026-04-15 00:00:00+00:00, run_after=2026-04-16 00:00:00+00:00
[2026-04-15T11:23:12.832+0000] {processor.py:183} INFO - Processing /opt/airflow/dags/weather_pipeline_dag.py took 0.120 seconds
[2026-04-15T11:23:43.022+0000] {processor.py:161} INFO - Started process (PID=19022) to work on /opt/airflow/dags/weather_pipeline_dag.py
[2026-04-15T11:23:43.025+0000] {processor.py:830} INFO - Processing file /opt/airflow/dags/weather_pipeline_dag.py for tasks to queue
[2026-04-15T11:23:43.027+0000] {logging_mixin.py:188} INFO - [2026-04-15T11:23:43.025+0000] {dagbag.py:545} INFO - Filling up the DagBag from /opt/airflow/dags/weather_pipeline_dag.py
[2026-04-15T11:23:43.059+0000] {processor.py:840} INFO - DAG(s) 'weather_pipeline_dag' retrieved from /opt/airflow/dags/weather_pipeline_dag.py
[2026-04-15T11:23:43.106+0000] {logging_mixin.py:188} INFO - [2026-04-15T11:23:43.106+0000] {dag.py:3089} INFO - Sync 1 DAGs
[2026-04-15T11:23:43.129+0000] {logging_mixin.py:188} INFO - [2026-04-15T11:23:43.128+0000] {dag.py:3947} INFO - Setting next_dagrun for weather_pipeline_dag to 2026-04-15 00:00:00+00:00, run_after=2026-04-16 00:00:00+00:00
[2026-04-15T11:23:43.141+0000] {processor.py:183} INFO - Processing /opt/airflow/dags/weather_pipeline_dag.py took 0.138 seconds
[2026-04-15T11:24:14.686+0000] {processor.py:161} INFO - Started process (PID=19027) to work on /opt/airflow/dags/weather_pipeline_dag.py
[2026-04-15T11:24:14.704+0000] {processor.py:830} INFO - Processing file /opt/airflow/dags/weather_pipeline_dag.py for tasks to queue
[2026-04-15T11:24:14.745+0000] {logging_mixin.py:188} INFO - [2026-04-15T11:24:14.738+0000] {dagbag.py:545} INFO - Filling up the DagBag from /opt/airflow/dags/weather_pipeline_dag.py
[2026-04-15T11:24:14.820+0000] {processor.py:840} INFO - DAG(s) 'weather_pipeline_dag' retrieved from /opt/airflow/dags/weather_pipeline_dag.py
[2026-04-15T11:24:14.876+0000] {logging_mixin.py:188} INFO - [2026-04-15T11:24:14.876+0000] {dag.py:3089} INFO - Sync 1 DAGs
[2026-04-15T11:24:14.927+0000] {logging_mixin.py:188} INFO - [2026-04-15T11:24:14.927+0000] {dag.py:3947} INFO - Setting next_dagrun for weather_pipeline_dag to 2026-04-15 00:00:00+00:00, run_after=2026-04-16 00:00:00+00:00
[2026-04-15T11:24:14.947+0000] {processor.py:183} INFO - Processing /opt/airflow/dags/weather_pipeline_dag.py took 0.302 seconds
[2026-04-15T12:11:31.338+0000] {processor.py:161} INFO - Started process (PID=19032) to work on /opt/airflow/dags/weather_pipeline_dag.py
[2026-04-15T12:11:31.339+0000] {processor.py:830} INFO - Processing file /opt/airflow/dags/weather_pipeline_dag.py for tasks to queue
[2026-04-15T12:11:31.351+0000] {logging_mixin.py:188} INFO - [2026-04-15T12:11:31.349+0000] {dagbag.py:545} INFO - Filling up the DagBag from /opt/airflow/dags/weather_pipeline_dag.py
[2026-04-15T12:11:31.386+0000] {processor.py:840} INFO - DAG(s) 'weather_pipeline_dag' retrieved from /opt/airflow/dags/weather_pipeline_dag.py
[2026-04-15T12:11:31.430+0000] {logging_mixin.py:188} INFO - [2026-04-15T12:11:31.430+0000] {dag.py:3089} INFO - Sync 1 DAGs
[2026-04-15T12:11:31.453+0000] {logging_mixin.py:188} INFO - [2026-04-15T12:11:31.453+0000] {dag.py:3947} INFO - Setting next_dagrun for weather_pipeline_dag to 2026-04-15 00:00:00+00:00, run_after=2026-04-16 00:00:00+00:00
[2026-04-15T12:11:31.472+0000] {processor.py:183} INFO - Processing /opt/airflow/dags/weather_pipeline_dag.py took 0.148 seconds
[2026-04-15T13:09:07.815+0000] {processor.py:161} INFO - Started process (PID=19037) to work on /opt/airflow/dags/weather_pipeline_dag.py
[2026-04-15T13:09:07.818+0000] {processor.py:830} INFO - Processing file /opt/airflow/dags/weather_pipeline_dag.py for tasks to queue
[2026-04-15T13:09:07.820+0000] {logging_mixin.py:188} INFO - [2026-04-15T13:09:07.819+0000] {dagbag.py:545} INFO - Filling up the DagBag from /opt/airflow/dags/weather_pipeline_dag.py
[2026-04-15T13:09:07.845+0000] {processor.py:840} INFO - DAG(s) 'weather_pipeline_dag' retrieved from /opt/airflow/dags/weather_pipeline_dag.py
[2026-04-15T13:09:07.885+0000] {logging_mixin.py:188} INFO - [2026-04-15T13:09:07.885+0000] {dag.py:3089} INFO - Sync 1 DAGs
[2026-04-15T13:09:07.909+0000] {logging_mixin.py:188} INFO - [2026-04-15T13:09:07.908+0000] {dag.py:3947} INFO - Setting next_dagrun for weather_pipeline_dag to 2026-04-15 00:00:00+00:00, run_after=2026-04-16 00:00:00+00:00
[2026-04-15T13:09:07.922+0000] {processor.py:183} INFO - Processing /opt/airflow/dags/weather_pipeline_dag.py took 0.126 seconds
[2026-04-15T13:25:17.262+0000] {processor.py:161} INFO - Started process (PID=19042) to work on /opt/airflow/dags/weather_pipeline_dag.py
[2026-04-15T13:25:17.264+0000] {processor.py:830} INFO - Processing file /opt/airflow/dags/weather_pipeline_dag.py for tasks to queue
[2026-04-15T13:25:17.265+0000] {logging_mixin.py:188} INFO - [2026-04-15T13:25:17.265+0000] {dagbag.py:545} INFO - Filling up the DagBag from /opt/airflow/dags/weather_pipeline_dag.py
[2026-04-15T13:25:17.310+0000] {processor.py:840} INFO - DAG(s) 'weather_pipeline_dag' retrieved from /opt/airflow/dags/weather_pipeline_dag.py
[2026-04-15T13:25:17.426+0000] {logging_mixin.py:188} INFO - [2026-04-15T13:25:17.426+0000] {dag.py:3089} INFO - Sync 1 DAGs
[2026-04-15T13:25:17.461+0000] {logging_mixin.py:188} INFO - [2026-04-15T13:25:17.461+0000] {dag.py:3947} INFO - Setting next_dagrun for weather_pipeline_dag to 2026-04-15 00:00:00+00:00, run_after=2026-04-16 00:00:00+00:00
[2026-04-15T13:25:17.475+0000] {processor.py:183} INFO - Processing /opt/airflow/dags/weather_pipeline_dag.py took 0.247 seconds
[2026-04-15T13:41:18.171+0000] {processor.py:161} INFO - Started process (PID=19047) to work on /opt/airflow/dags/weather_pipeline_dag.py
[2026-04-15T13:41:18.174+0000] {processor.py:830} INFO - Processing file /opt/airflow/dags/weather_pipeline_dag.py for tasks to queue
[2026-04-15T13:41:18.181+0000] {logging_mixin.py:188} INFO - [2026-04-15T13:41:18.177+0000] {dagbag.py:545} INFO - Filling up the DagBag from /opt/airflow/dags/weather_pipeline_dag.py
[2026-04-15T13:41:18.208+0000] {processor.py:840} INFO - DAG(s) 'weather_pipeline_dag' retrieved from /opt/airflow/dags/weather_pipeline_dag.py
[2026-04-15T13:41:18.246+0000] {logging_mixin.py:188} INFO - [2026-04-15T13:41:18.246+0000] {dag.py:3089} INFO - Sync 1 DAGs
[2026-04-15T13:41:18.272+0000] {logging_mixin.py:188} INFO - [2026-04-15T13:41:18.271+0000] {dag.py:3947} INFO - Setting next_dagrun for weather_pipeline_dag to 2026-04-15 00:00:00+00:00, run_after=2026-04-16 00:00:00+00:00
[2026-04-15T13:41:18.284+0000] {processor.py:183} INFO - Processing /opt/airflow/dags/weather_pipeline_dag.py took 0.154 seconds
[2026-04-15T14:43:04.041+0000] {processor.py:161} INFO - Started process (PID=19052) to work on /opt/airflow/dags/weather_pipeline_dag.py
[2026-04-15T14:43:04.043+0000] {processor.py:830} INFO - Processing file /opt/airflow/dags/weather_pipeline_dag.py for tasks to queue
[2026-04-15T14:43:04.044+0000] {logging_mixin.py:188} INFO - [2026-04-15T14:43:04.044+0000] {dagbag.py:545} INFO - Filling up the DagBag from /opt/airflow/dags/weather_pipeline_dag.py
[2026-04-15T14:43:04.068+0000] {processor.py:840} INFO - DAG(s) 'weather_pipeline_dag' retrieved from /opt/airflow/dags/weather_pipeline_dag.py
[2026-04-15T14:43:04.128+0000] {logging_mixin.py:188} INFO - [2026-04-15T14:43:04.128+0000] {dag.py:3089} INFO - Sync 1 DAGs
[2026-04-15T14:43:04.234+0000] {logging_mixin.py:188} INFO - [2026-04-15T14:43:04.233+0000] {dag.py:3947} INFO - Setting next_dagrun for weather_pipeline_dag to 2026-04-15 00:00:00+00:00, run_after=2026-04-16 00:00:00+00:00
[2026-04-15T14:43:04.248+0000] {processor.py:183} INFO - Processing /opt/airflow/dags/weather_pipeline_dag.py took 0.220 seconds
[2026-04-15T15:27:25.280+0000] {processor.py:161} INFO - Started process (PID=19057) to work on /opt/airflow/dags/weather_pipeline_dag.py
[2026-04-15T15:27:25.282+0000] {processor.py:830} INFO - Processing file /opt/airflow/dags/weather_pipeline_dag.py for tasks to queue
[2026-04-15T15:27:25.283+0000] {logging_mixin.py:188} INFO - [2026-04-15T15:27:25.283+0000] {dagbag.py:545} INFO - Filling up the DagBag from /opt/airflow/dags/weather_pipeline_dag.py
[2026-04-15T15:27:25.359+0000] {processor.py:840} INFO - DAG(s) 'weather_pipeline_dag' retrieved from /opt/airflow/dags/weather_pipeline_dag.py
[2026-04-15T15:27:25.415+0000] {logging_mixin.py:188} INFO - [2026-04-15T15:27:25.414+0000] {dag.py:3089} INFO - Sync 1 DAGs
[2026-04-15T15:27:25.438+0000] {logging_mixin.py:188} INFO - [2026-04-15T15:27:25.438+0000] {dag.py:3947} INFO - Setting next_dagrun for weather_pipeline_dag to 2026-04-15 00:00:00+00:00, run_after=2026-04-16 00:00:00+00:00
[2026-04-15T15:27:25.452+0000] {processor.py:183} INFO - Processing /opt/airflow/dags/weather_pipeline_dag.py took 0.191 seconds
[2026-04-15T15:59:58.003+0000] {processor.py:161} INFO - Started process (PID=19062) to work on /opt/airflow/dags/weather_pipeline_dag.py
[2026-04-15T15:59:58.010+0000] {processor.py:830} INFO - Processing file /opt/airflow/dags/weather_pipeline_dag.py for tasks to queue
[2026-04-15T15:59:58.014+0000] {logging_mixin.py:188} INFO - [2026-04-15T15:59:58.012+0000] {dagbag.py:545} INFO - Filling up the DagBag from /opt/airflow/dags/weather_pipeline_dag.py
[2026-04-15T15:59:58.064+0000] {processor.py:840} INFO - DAG(s) 'weather_pipeline_dag' retrieved from /opt/airflow/dags/weather_pipeline_dag.py
[2026-04-15T15:59:58.114+0000] {logging_mixin.py:188} INFO - [2026-04-15T15:59:58.113+0000] {dag.py:3089} INFO - Sync 1 DAGs
[2026-04-15T15:59:58.143+0000] {logging_mixin.py:188} INFO - [2026-04-15T15:59:58.143+0000] {dag.py:3947} INFO - Setting next_dagrun for weather_pipeline_dag to 2026-04-15 00:00:00+00:00, run_after=2026-04-16 00:00:00+00:00
[2026-04-15T15:59:58.160+0000] {processor.py:183} INFO - Processing /opt/airflow/dags/weather_pipeline_dag.py took 0.187 seconds
[2026-04-15T16:45:06.760+0000] {processor.py:161} INFO - Started process (PID=19067) to work on /opt/airflow/dags/weather_pipeline_dag.py
[2026-04-15T16:45:06.761+0000] {processor.py:830} INFO - Processing file /opt/airflow/dags/weather_pipeline_dag.py for tasks to queue
[2026-04-15T16:45:06.762+0000] {logging_mixin.py:188} INFO - [2026-04-15T16:45:06.762+0000] {dagbag.py:545} INFO - Filling up the DagBag from /opt/airflow/dags/weather_pipeline_dag.py
[2026-04-15T16:45:06.787+0000] {processor.py:840} INFO - DAG(s) 'weather_pipeline_dag' retrieved from /opt/airflow/dags/weather_pipeline_dag.py
[2026-04-15T16:45:06.857+0000] {logging_mixin.py:188} INFO - [2026-04-15T16:45:06.857+0000] {dag.py:3089} INFO - Sync 1 DAGs
[2026-04-15T16:45:06.878+0000] {logging_mixin.py:188} INFO - [2026-04-15T16:45:06.878+0000] {dag.py:3947} INFO - Setting next_dagrun for weather_pipeline_dag to 2026-04-15 00:00:00+00:00, run_after=2026-04-16 00:00:00+00:00
[2026-04-15T16:45:06.899+0000] {processor.py:183} INFO - Processing /opt/airflow/dags/weather_pipeline_dag.py took 0.152 seconds
[2026-04-15T17:33:30.010+0000] {processor.py:161} INFO - Started process (PID=19072) to work on /opt/airflow/dags/weather_pipeline_dag.py
[2026-04-15T17:33:30.013+0000] {processor.py:830} INFO - Processing file /opt/airflow/dags/weather_pipeline_dag.py for tasks to queue
[2026-04-15T17:33:30.019+0000] {logging_mixin.py:188} INFO - [2026-04-15T17:33:30.018+0000] {dagbag.py:545} INFO - Filling up the DagBag from /opt/airflow/dags/weather_pipeline_dag.py
[2026-04-15T17:33:30.124+0000] {processor.py:840} INFO - DAG(s) 'weather_pipeline_dag' retrieved from /opt/airflow/dags/weather_pipeline_dag.py
[2026-04-15T17:33:30.349+0000] {logging_mixin.py:188} INFO - [2026-04-15T17:33:30.349+0000] {dag.py:3089} INFO - Sync 1 DAGs
[2026-04-15T17:33:30.461+0000] {logging_mixin.py:188} INFO - [2026-04-15T17:33:30.461+0000] {dag.py:3947} INFO - Setting next_dagrun for weather_pipeline_dag to 2026-04-15 00:00:00+00:00, run_after=2026-04-16 00:00:00+00:00
[2026-04-15T17:33:30.501+0000] {processor.py:183} INFO - Processing /opt/airflow/dags/weather_pipeline_dag.py took 0.546 seconds
[2026-04-15T17:34:00.954+0000] {processor.py:161} INFO - Started process (PID=19077) to work on /opt/airflow/dags/weather_pipeline_dag.py
[2026-04-15T17:34:00.956+0000] {processor.py:830} INFO - Processing file /opt/airflow/dags/weather_pipeline_dag.py for tasks to queue
[2026-04-15T17:34:00.957+0000] {logging_mixin.py:188} INFO - [2026-04-15T17:34:00.957+0000] {dagbag.py:545} INFO - Filling up the DagBag from /opt/airflow/dags/weather_pipeline_dag.py
[2026-04-15T17:34:00.979+0000] {processor.py:840} INFO - DAG(s) 'weather_pipeline_dag' retrieved from /opt/airflow/dags/weather_pipeline_dag.py
[2026-04-15T17:34:01.027+0000] {logging_mixin.py:188} INFO - [2026-04-15T17:34:01.026+0000] {dag.py:3089} INFO - Sync 1 DAGs
[2026-04-15T17:34:01.055+0000] {logging_mixin.py:188} INFO - [2026-04-15T17:34:01.055+0000] {dag.py:3947} INFO - Setting next_dagrun for weather_pipeline_dag to 2026-04-15 00:00:00+00:00, run_after=2026-04-16 00:00:00+00:00
[2026-04-15T17:34:01.071+0000] {processor.py:183} INFO - Processing /opt/airflow/dags/weather_pipeline_dag.py took 0.133 seconds
[2026-04-15T18:25:18.423+0000] {processor.py:161} INFO - Started process (PID=19082) to work on /opt/airflow/dags/weather_pipeline_dag.py
[2026-04-15T18:25:18.426+0000] {processor.py:830} INFO - Processing file /opt/airflow/dags/weather_pipeline_dag.py for tasks to queue
[2026-04-15T18:25:18.428+0000] {logging_mixin.py:188} INFO - [2026-04-15T18:25:18.427+0000] {dagbag.py:545} INFO - Filling up the DagBag from /opt/airflow/dags/weather_pipeline_dag.py
[2026-04-15T18:25:18.463+0000] {processor.py:840} INFO - DAG(s) 'weather_pipeline_dag' retrieved from /opt/airflow/dags/weather_pipeline_dag.py
[2026-04-15T18:25:18.577+0000] {logging_mixin.py:188} INFO - [2026-04-15T18:25:18.576+0000] {dag.py:3089} INFO - Sync 1 DAGs
[2026-04-15T18:25:18.621+0000] {logging_mixin.py:188} INFO - [2026-04-15T18:25:18.621+0000] {dag.py:3947} INFO - Setting next_dagrun for weather_pipeline_dag to 2026-04-15 00:00:00+00:00, run_after=2026-04-16 00:00:00+00:00
[2026-04-15T18:25:18.642+0000] {processor.py:183} INFO - Processing /opt/airflow/dags/weather_pipeline_dag.py took 0.236 seconds
[2026-04-15T19:14:07.649+0000] {processor.py:161} INFO - Started process (PID=19087) to work on /opt/airflow/dags/weather_pipeline_dag.py
[2026-04-15T19:14:07.652+0000] {processor.py:830} INFO - Processing file /opt/airflow/dags/weather_pipeline_dag.py for tasks to queue
[2026-04-15T19:14:07.658+0000] {logging_mixin.py:188} INFO - [2026-04-15T19:14:07.655+0000] {dagbag.py:545} INFO - Filling up the DagBag from /opt/airflow/dags/weather_pipeline_dag.py
[2026-04-15T19:14:07.691+0000] {processor.py:840} INFO - DAG(s) 'weather_pipeline_dag' retrieved from /opt/airflow/dags/weather_pipeline_dag.py
[2026-04-15T19:14:07.742+0000] {logging_mixin.py:188} INFO - [2026-04-15T19:14:07.741+0000] {dag.py:3089} INFO - Sync 1 DAGs
[2026-04-15T19:14:07.770+0000] {logging_mixin.py:188} INFO - [2026-04-15T19:14:07.770+0000] {dag.py:3947} INFO - Setting next_dagrun for weather_pipeline_dag to 2026-04-15 00:00:00+00:00, run_after=2026-04-16 00:00:00+00:00
[2026-04-15T19:14:07.794+0000] {processor.py:183} INFO - Processing /opt/airflow/dags/weather_pipeline_dag.py took 0.173 seconds
[2026-04-15T19:51:46.277+0000] {processor.py:161} INFO - Started process (PID=19092) to work on /opt/airflow/dags/weather_pipeline_dag.py
[2026-04-15T19:51:46.280+0000] {processor.py:830} INFO - Processing file /opt/airflow/dags/weather_pipeline_dag.py for tasks to queue
[2026-04-15T19:51:46.293+0000] {logging_mixin.py:188} INFO - [2026-04-15T19:51:46.292+0000] {dagbag.py:545} INFO - Filling up the DagBag from /opt/airflow/dags/weather_pipeline_dag.py
[2026-04-15T19:51:46.323+0000] {processor.py:840} INFO - DAG(s) 'weather_pipeline_dag' retrieved from /opt/airflow/dags/weather_pipeline_dag.py
[2026-04-15T19:51:46.368+0000] {logging_mixin.py:188} INFO - [2026-04-15T19:51:46.368+0000] {dag.py:3089} INFO - Sync 1 DAGs
[2026-04-15T19:51:46.397+0000] {logging_mixin.py:188} INFO - [2026-04-15T19:51:46.397+0000] {dag.py:3947} INFO - Setting next_dagrun for weather_pipeline_dag to 2026-04-15 00:00:00+00:00, run_after=2026-04-16 00:00:00+00:00
[2026-04-15T19:51:46.412+0000] {processor.py:183} INFO - Processing /opt/airflow/dags/weather_pipeline_dag.py took 0.148 seconds
[2026-04-15T20:53:23.128+0000] {processor.py:161} INFO - Started process (PID=19097) to work on /opt/airflow/dags/weather_pipeline_dag.py
[2026-04-15T20:53:23.132+0000] {processor.py:830} INFO - Processing file /opt/airflow/dags/weather_pipeline_dag.py for tasks to queue
[2026-04-15T20:53:23.133+0000] {logging_mixin.py:188} INFO - [2026-04-15T20:53:23.132+0000] {dagbag.py:545} INFO - Filling up the DagBag from /opt/airflow/dags/weather_pipeline_dag.py
[2026-04-15T20:53:23.157+0000] {processor.py:840} INFO - DAG(s) 'weather_pipeline_dag' retrieved from /opt/airflow/dags/weather_pipeline_dag.py
[2026-04-15T20:53:23.198+0000] {logging_mixin.py:188} INFO - [2026-04-15T20:53:23.198+0000] {dag.py:3089} INFO - Sync 1 DAGs
[2026-04-15T20:53:23.228+0000] {logging_mixin.py:188} INFO - [2026-04-15T20:53:23.228+0000] {dag.py:3947} INFO - Setting next_dagrun for weather_pipeline_dag to 2026-04-15 00:00:00+00:00, run_after=2026-04-16 00:00:00+00:00
[2026-04-15T20:53:23.242+0000] {processor.py:183} INFO - Processing /opt/airflow/dags/weather_pipeline_dag.py took 0.122 seconds
[2026-04-15T21:37:14.814+0000] {processor.py:161} INFO - Started process (PID=19102) to work on /opt/airflow/dags/weather_pipeline_dag.py
[2026-04-15T21:37:14.815+0000] {processor.py:830} INFO - Processing file /opt/airflow/dags/weather_pipeline_dag.py for tasks to queue
[2026-04-15T21:37:14.817+0000] {logging_mixin.py:188} INFO - [2026-04-15T21:37:14.816+0000] {dagbag.py:545} INFO - Filling up the DagBag from /opt/airflow/dags/weather_pipeline_dag.py
[2026-04-15T21:37:14.844+0000] {processor.py:840} INFO - DAG(s) 'weather_pipeline_dag' retrieved from /opt/airflow/dags/weather_pipeline_dag.py
[2026-04-15T21:37:14.891+0000] {logging_mixin.py:188} INFO - [2026-04-15T21:37:14.891+0000] {dag.py:3089} INFO - Sync 1 DAGs
[2026-04-15T21:37:14.935+0000] {logging_mixin.py:188} INFO - [2026-04-15T21:37:14.934+0000] {dag.py:3947} INFO - Setting next_dagrun for weather_pipeline_dag to 2026-04-15 00:00:00+00:00, run_after=2026-04-16 00:00:00+00:00
[2026-04-15T21:37:14.954+0000] {processor.py:183} INFO - Processing /opt/airflow/dags/weather_pipeline_dag.py took 0.152 seconds
[2026-04-15T22:55:36.861+0000] {processor.py:161} INFO - Started process (PID=19107) to work on /opt/airflow/dags/weather_pipeline_dag.py
[2026-04-15T22:55:36.863+0000] {processor.py:830} INFO - Processing file /opt/airflow/dags/weather_pipeline_dag.py for tasks to queue
[2026-04-15T22:55:36.864+0000] {logging_mixin.py:188} INFO - [2026-04-15T22:55:36.864+0000] {dagbag.py:545} INFO - Filling up the DagBag from /opt/airflow/dags/weather_pipeline_dag.py
[2026-04-15T22:55:36.885+0000] {processor.py:840} INFO - DAG(s) 'weather_pipeline_dag' retrieved from /opt/airflow/dags/weather_pipeline_dag.py
[2026-04-15T22:55:36.935+0000] {logging_mixin.py:188} INFO - [2026-04-15T22:55:36.935+0000] {dag.py:3089} INFO - Sync 1 DAGs
[2026-04-15T22:55:36.958+0000] {logging_mixin.py:188} INFO - [2026-04-15T22:55:36.958+0000] {dag.py:3947} INFO - Setting next_dagrun for weather_pipeline_dag to 2026-04-15 00:00:00+00:00, run_after=2026-04-16 00:00:00+00:00
[2026-04-15T22:55:36.974+0000] {processor.py:183} INFO - Processing /opt/airflow/dags/weather_pipeline_dag.py took 0.123 seconds
[2026-04-15T23:55:54.730+0000] {processor.py:161} INFO - Started process (PID=19112) to work on /opt/airflow/dags/weather_pipeline_dag.py
[2026-04-15T23:55:54.731+0000] {processor.py:830} INFO - Processing file /opt/airflow/dags/weather_pipeline_dag.py for tasks to queue
[2026-04-15T23:55:54.732+0000] {logging_mixin.py:188} INFO - [2026-04-15T23:55:54.731+0000] {dagbag.py:545} INFO - Filling up the DagBag from /opt/airflow/dags/weather_pipeline_dag.py
[2026-04-15T23:55:54.752+0000] {processor.py:840} INFO - DAG(s) 'weather_pipeline_dag' retrieved from /opt/airflow/dags/weather_pipeline_dag.py
[2026-04-15T23:55:54.819+0000] {logging_mixin.py:188} INFO - [2026-04-15T23:55:54.819+0000] {dag.py:3089} INFO - Sync 1 DAGs
[2026-04-15T23:55:54.847+0000] {logging_mixin.py:188} INFO - [2026-04-15T23:55:54.847+0000] {dag.py:3947} INFO - Setting next_dagrun for weather_pipeline_dag to 2026-04-15 00:00:00+00:00, run_after=2026-04-16 00:00:00+00:00
[2026-04-15T23:55:54.861+0000] {processor.py:183} INFO - Processing /opt/airflow/dags/weather_pipeline_dag.py took 0.137 seconds
