[2026-04-16T00:40:06.032+0000] {local_task_job_runner.py:120} INFO - ::group::Pre task execution logs
[2026-04-16T00:40:06.155+0000] {taskinstance.py:2076} INFO - Dependencies all met for dep_context=non-requeueable deps ti=<TaskInstance: weather_pipeline_dag.extract_weather_data scheduled__2026-04-15T00:00:00+00:00 [queued]>
[2026-04-16T00:40:06.162+0000] {taskinstance.py:2076} INFO - Dependencies all met for dep_context=requeueable deps ti=<TaskInstance: weather_pipeline_dag.extract_weather_data scheduled__2026-04-15T00:00:00+00:00 [queued]>
[2026-04-16T00:40:06.162+0000] {taskinstance.py:2306} INFO - Starting attempt 1 of 2
[2026-04-16T00:40:06.183+0000] {taskinstance.py:2330} INFO - Executing <Task(BashOperator): extract_weather_data> on 2026-04-15 00:00:00+00:00
[2026-04-16T00:40:06.202+0000] {standard_task_runner.py:90} INFO - Running: ['***', 'tasks', 'run', 'weather_pipeline_dag', 'extract_weather_data', 'scheduled__2026-04-15T00:00:00+00:00', '--job-id', '13', '--raw', '--subdir', 'DAGS_FOLDER/weather_pipeline_dag.py', '--cfg-path', '/tmp/tmp12e4hhvv']
[2026-04-16T00:40:06.205+0000] {logging_mixin.py:188} WARNING - /home/***/.local/lib/python3.12/site-packages/***/task/task_runner/standard_task_runner.py:62 DeprecationWarning: This process (pid=19117) is multi-threaded, use of fork() may lead to deadlocks in the child.
[2026-04-16T00:40:06.205+0000] {standard_task_runner.py:64} INFO - Started process 19123 to run task
[2026-04-16T00:40:06.205+0000] {standard_task_runner.py:91} INFO - Job 13: Subtask extract_weather_data
[2026-04-16T00:40:06.268+0000] {task_command.py:426} INFO - Running <TaskInstance: weather_pipeline_dag.extract_weather_data scheduled__2026-04-15T00:00:00+00:00 [running]> on host 19fedcd13a70
[2026-04-16T00:40:06.393+0000] {taskinstance.py:2648} INFO - Exporting env vars: AIRFLOW_CTX_DAG_OWNER='Dinuri' AIRFLOW_CTX_DAG_ID='weather_pipeline_dag' AIRFLOW_CTX_TASK_ID='extract_weather_data' AIRFLOW_CTX_EXECUTION_DATE='2026-04-15T00:00:00+00:00' AIRFLOW_CTX_TRY_NUMBER='1' AIRFLOW_CTX_DAG_RUN_ID='scheduled__2026-04-15T00:00:00+00:00'
[2026-04-16T00:40:06.396+0000] {taskinstance.py:430} INFO - ::endgroup::
[2026-04-16T00:40:06.433+0000] {subprocess.py:63} INFO - Tmp dir root location: /tmp
[2026-04-16T00:40:06.435+0000] {subprocess.py:75} INFO - Running command: ['/usr/bin/bash', '-c', 'python /opt/***/scripts/extract_weather.py']
[2026-04-16T00:40:06.441+0000] {subprocess.py:86} INFO - Output:
[2026-04-16T00:40:11.010+0000] {subprocess.py:93} INFO - Weather data extracted and stored successfully.
[2026-04-16T00:40:11.037+0000] {subprocess.py:97} INFO - Command exited with return code 0
[2026-04-16T00:40:11.039+0000] {taskinstance.py:441} INFO - ::group::Post task execution logs
[2026-04-16T00:40:11.094+0000] {taskinstance.py:1206} INFO - Marking task as SUCCESS. dag_id=weather_pipeline_dag, task_id=extract_weather_data, run_id=scheduled__2026-04-15T00:00:00+00:00, execution_date=20260415T000000, start_date=20260416T004006, end_date=20260416T004011
[2026-04-16T00:40:11.141+0000] {local_task_job_runner.py:243} INFO - Task exited with return code 0
[2026-04-16T00:40:11.176+0000] {taskinstance.py:3503} INFO - 0 downstream tasks scheduled from follow-on schedule check
[2026-04-16T00:40:11.177+0000] {local_task_job_runner.py:222} INFO - ::endgroup::
